INFO:werkzeug: * Running on http://0.0.0.0:8111/ (Press CTRL+C to quit)
INFO:werkzeug:127.0.0.1 - - [19/Apr/2018 14:17:51] "OPTIONS /api/yelp-threshold HTTP/1.1" 200 -
DEBUG:root:Starting the search algorithm with the following config: (100, 13) {'pattern': {'operations': [<class 'engine.alphaclean.ops.Delete'>], 'similarity': {}, 'edit': 1, 'w2v': 'resources/GoogleNews-vectors-negative300.bin', 'depth': 10, 'gamma': 5}, 'dependency': {'operations': [<class 'engine.alphaclean.ops.Delete'>], 'similarity': {}, 'edit': 1, 'w2v': 'resources/GoogleNews-vectors-negative300.bin', 'depth': 10, 'gamma': 5}}
DEBUG:root:Enforcing pattern constraint=<engine.alphaclean.constraint_languages.pattern.Float object at 0x10aa26510>
DEBUG:root:Running df = numparse(df,'stars') took 0.002513
DEBUG:root:Search Depth=0
DEBUG:root:Predicate Sampler has 0
DEBUG:root:Library generator created 1 operations
DEBUG:root:Search Branch=0 
DEBUG:root:Running  took 0.000129
DEBUG:root:Promoted Search Branch=0 
DEBUG:root:Search Depth=0 took 0.04389
DEBUG:root:Search Depth=1
DEBUG:root:Predicate Sampler has 0
DEBUG:root:Library generator created 1 operations
DEBUG:root:Search Branch=0 
DEBUG:root:Running  took 0.000137
DEBUG:root:Search Depth=1 took 0.043196
DEBUG:root:Search Depth=2
DEBUG:root:Predicate Sampler has 0
DEBUG:root:Library generator created 1 operations
DEBUG:root:Search Branch=0 
DEBUG:root:Running  took 0.000119
DEBUG:root:Search Depth=2 took 0.042169
DEBUG:root:Search Depth=3
DEBUG:root:Predicate Sampler has 0
DEBUG:root:Library generator created 1 operations
DEBUG:root:Search Branch=0 
DEBUG:root:Running  took 0.000161
DEBUG:root:Search Depth=3 took 0.039965
DEBUG:root:Search Depth=4
DEBUG:root:Predicate Sampler has 0
DEBUG:root:Library generator created 1 operations
DEBUG:root:Search Branch=0 
DEBUG:root:Running  took 0.000133
DEBUG:root:Search Depth=4 took 0.038925
DEBUG:root:Search Depth=5
DEBUG:root:Predicate Sampler has 0
DEBUG:root:Library generator created 1 operations
DEBUG:root:Search Branch=0 
DEBUG:root:Running  took 0.000213
DEBUG:root:Search Depth=5 took 0.04159
DEBUG:root:Search Depth=6
DEBUG:root:Predicate Sampler has 0
DEBUG:root:Library generator created 1 operations
DEBUG:root:Search Branch=0 
DEBUG:root:Running  took 0.000102
DEBUG:root:Search Depth=6 took 0.041342
DEBUG:root:Search Depth=7
DEBUG:root:Predicate Sampler has 0
DEBUG:root:Library generator created 1 operations
DEBUG:root:Search Branch=0 
DEBUG:root:Running  took 0.000169
DEBUG:root:Search Depth=7 took 0.042999
DEBUG:root:Search Depth=8
DEBUG:root:Predicate Sampler has 0
DEBUG:root:Library generator created 1 operations
DEBUG:root:Search Branch=0 
DEBUG:root:Running  took 0.000256
DEBUG:root:Search Depth=8 took 0.048282
DEBUG:root:Search Depth=9
DEBUG:root:Predicate Sampler has 0
DEBUG:root:Library generator created 1 operations
DEBUG:root:Search Branch=0 
DEBUG:root:Running  took 0.000195
DEBUG:root:Search Depth=9 took 0.045475
DEBUG:root:Search  took 0.428801
INFO:werkzeug:127.0.0.1 - - [19/Apr/2018 14:17:51] "POST /api/yelp-threshold HTTP/1.1" 500 -
INFO:werkzeug: * Running on http://0.0.0.0:8111/ (Press CTRL+C to quit)
INFO:werkzeug:127.0.0.1 - - [19/Apr/2018 14:19:48] "OPTIONS /api/yelp-threshold HTTP/1.1" 200 -
DEBUG:root:Starting the search algorithm with the following config: (100, 13) {'pattern': {'operations': [<class 'engine.alphaclean.ops.Delete'>], 'similarity': {}, 'edit': 1, 'w2v': 'resources/GoogleNews-vectors-negative300.bin', 'depth': 10, 'gamma': 5}, 'dependency': {'operations': [<class 'engine.alphaclean.ops.Delete'>], 'similarity': {}, 'edit': 1, 'w2v': 'resources/GoogleNews-vectors-negative300.bin', 'depth': 10, 'gamma': 5}}
DEBUG:root:Enforcing pattern constraint=<engine.alphaclean.constraint_languages.pattern.Float object at 0x10a9aa450>
DEBUG:root:Running df = numparse(df,'stars') took 0.002587
DEBUG:root:Search Depth=0
DEBUG:root:Predicate Sampler has 0
DEBUG:root:Library generator created 1 operations
DEBUG:root:Search Branch=0 
DEBUG:root:Running  took 0.000122
DEBUG:root:Promoted Search Branch=0 
DEBUG:root:Search Depth=0 took 0.043112
DEBUG:root:Search Depth=1
DEBUG:root:Predicate Sampler has 0
DEBUG:root:Library generator created 1 operations
DEBUG:root:Search Branch=0 
DEBUG:root:Running  took 0.000129
DEBUG:root:Search Depth=1 took 0.04201
DEBUG:root:Search Depth=2
DEBUG:root:Predicate Sampler has 0
DEBUG:root:Library generator created 1 operations
DEBUG:root:Search Branch=0 
DEBUG:root:Running  took 0.000137
DEBUG:root:Search Depth=2 took 0.040441
DEBUG:root:Search Depth=3
DEBUG:root:Predicate Sampler has 0
DEBUG:root:Library generator created 1 operations
DEBUG:root:Search Branch=0 
DEBUG:root:Running  took 0.000107
DEBUG:root:Search Depth=3 took 0.036923
DEBUG:root:Search Depth=4
DEBUG:root:Predicate Sampler has 0
DEBUG:root:Library generator created 1 operations
DEBUG:root:Search Branch=0 
DEBUG:root:Running  took 0.000103
DEBUG:root:Search Depth=4 took 0.038708
DEBUG:root:Search Depth=5
DEBUG:root:Predicate Sampler has 0
DEBUG:root:Library generator created 1 operations
DEBUG:root:Search Branch=0 
DEBUG:root:Running  took 0.000106
DEBUG:root:Search Depth=5 took 0.039557
DEBUG:root:Search Depth=6
DEBUG:root:Predicate Sampler has 0
DEBUG:root:Library generator created 1 operations
DEBUG:root:Search Branch=0 
DEBUG:root:Running  took 0.000138
DEBUG:root:Search Depth=6 took 0.042871
DEBUG:root:Search Depth=7
DEBUG:root:Predicate Sampler has 0
DEBUG:root:Library generator created 1 operations
DEBUG:root:Search Branch=0 
DEBUG:root:Running  took 0.000501
DEBUG:root:Search Depth=7 took 0.048315
DEBUG:root:Search Depth=8
DEBUG:root:Predicate Sampler has 0
DEBUG:root:Library generator created 1 operations
DEBUG:root:Search Branch=0 
DEBUG:root:Running  took 0.000322
DEBUG:root:Search Depth=8 took 0.049516
DEBUG:root:Search Depth=9
DEBUG:root:Predicate Sampler has 0
DEBUG:root:Library generator created 1 operations
DEBUG:root:Search Branch=0 
DEBUG:root:Running  took 0.000155
DEBUG:root:Search Depth=9 took 0.04482
DEBUG:root:Search  took 0.427281
INFO:werkzeug:127.0.0.1 - - [19/Apr/2018 14:19:49] "POST /api/yelp-threshold HTTP/1.1" 500 -
INFO:werkzeug: * Running on http://0.0.0.0:8111/ (Press CTRL+C to quit)
INFO:werkzeug:127.0.0.1 - - [19/Apr/2018 22:44:15] "OPTIONS /api/yelp-threshold HTTP/1.1" 200 -
DEBUG:root:Starting the search algorithm with the following config: (100, 13) {'pattern': {'operations': [<class 'engine.alphaclean.ops.Delete'>], 'similarity': {}, 'edit': 1, 'w2v': 'resources/GoogleNews-vectors-negative300.bin', 'depth': 10, 'gamma': 5}, 'dependency': {'operations': [<class 'engine.alphaclean.ops.Delete'>], 'similarity': {}, 'edit': 1, 'w2v': 'resources/GoogleNews-vectors-negative300.bin', 'depth': 10, 'gamma': 5}}
DEBUG:root:Enforcing pattern constraint=<engine.alphaclean.constraint_languages.pattern.Float object at 0x10a860e50>
DEBUG:root:Running df = numparse(df,'review_count') took 0.002399
DEBUG:root:Search Depth=0
DEBUG:root:Predicate Sampler has 0
DEBUG:root:Library generator created 1 operations
DEBUG:root:Search Branch=0 
DEBUG:root:Running  took 0.000248
DEBUG:root:Promoted Search Branch=0 
DEBUG:root:Search Depth=0 took 0.049758
DEBUG:root:Search Depth=1
DEBUG:root:Predicate Sampler has 0
DEBUG:root:Library generator created 1 operations
DEBUG:root:Search Branch=0 
DEBUG:root:Running  took 0.000168
DEBUG:root:Search Depth=1 took 0.04349
DEBUG:root:Search Depth=2
DEBUG:root:Predicate Sampler has 0
DEBUG:root:Library generator created 1 operations
DEBUG:root:Search Branch=0 
DEBUG:root:Running  took 0.000173
DEBUG:root:Search Depth=2 took 0.042394
DEBUG:root:Search Depth=3
DEBUG:root:Predicate Sampler has 0
DEBUG:root:Library generator created 1 operations
DEBUG:root:Search Branch=0 
DEBUG:root:Running  took 0.000149
DEBUG:root:Search Depth=3 took 0.042421
DEBUG:root:Search Depth=4
DEBUG:root:Predicate Sampler has 0
DEBUG:root:Library generator created 1 operations
DEBUG:root:Search Branch=0 
DEBUG:root:Running  took 0.000235
DEBUG:root:Search Depth=4 took 0.037336
DEBUG:root:Search Depth=5
DEBUG:root:Predicate Sampler has 0
DEBUG:root:Library generator created 1 operations
DEBUG:root:Search Branch=0 
DEBUG:root:Running  took 0.000145
DEBUG:root:Search Depth=5 took 0.041314
DEBUG:root:Search Depth=6
DEBUG:root:Predicate Sampler has 0
DEBUG:root:Library generator created 1 operations
DEBUG:root:Search Branch=0 
DEBUG:root:Running  took 0.000112
DEBUG:root:Search Depth=6 took 0.036897
DEBUG:root:Search Depth=7
DEBUG:root:Predicate Sampler has 0
DEBUG:root:Library generator created 1 operations
DEBUG:root:Search Branch=0 
DEBUG:root:Running  took 0.000108
DEBUG:root:Search Depth=7 took 0.03816
DEBUG:root:Search Depth=8
DEBUG:root:Predicate Sampler has 0
DEBUG:root:Library generator created 1 operations
DEBUG:root:Search Branch=0 
DEBUG:root:Running  took 0.000162
DEBUG:root:Search Depth=8 took 0.039465
DEBUG:root:Search Depth=9
DEBUG:root:Predicate Sampler has 0
DEBUG:root:Library generator created 1 operations
DEBUG:root:Search Branch=0 
DEBUG:root:Running  took 0.000176
DEBUG:root:Search Depth=9 took 0.055323
DEBUG:root:Search  took 0.427622
INFO:werkzeug:127.0.0.1 - - [19/Apr/2018 22:44:16] "POST /api/yelp-threshold HTTP/1.1" 200 -
INFO:werkzeug: * Running on http://0.0.0.0:8111/ (Press CTRL+C to quit)
INFO:werkzeug:127.0.0.1 - - [19/Apr/2018 22:45:07] "OPTIONS /api/yelp-threshold HTTP/1.1" 200 -
DEBUG:root:Starting the search algorithm with the following config: (100, 13) {'pattern': {'operations': [<class 'engine.alphaclean.ops.Delete'>], 'similarity': {}, 'edit': 1, 'w2v': 'resources/GoogleNews-vectors-negative300.bin', 'depth': 10, 'gamma': 5}, 'dependency': {'operations': [<class 'engine.alphaclean.ops.Delete'>], 'similarity': {}, 'edit': 1, 'w2v': 'resources/GoogleNews-vectors-negative300.bin', 'depth': 10, 'gamma': 5}}
DEBUG:root:Enforcing pattern constraint=<engine.alphaclean.constraint_languages.pattern.Float object at 0x10a9ab850>
DEBUG:root:Running df = numparse(df,'review_count') took 0.002425
DEBUG:root:Search Depth=0
DEBUG:root:Predicate Sampler has 0
DEBUG:root:Library generator created 1 operations
DEBUG:root:Search Branch=0 
DEBUG:root:Running  took 0.000248
DEBUG:root:Promoted Search Branch=0 
DEBUG:root:Search Depth=0 took 0.051868
DEBUG:root:Search Depth=1
DEBUG:root:Predicate Sampler has 0
DEBUG:root:Library generator created 1 operations
DEBUG:root:Search Branch=0 
DEBUG:root:Running  took 0.000191
DEBUG:root:Search Depth=1 took 0.044059
DEBUG:root:Search Depth=2
DEBUG:root:Predicate Sampler has 0
DEBUG:root:Library generator created 1 operations
DEBUG:root:Search Branch=0 
DEBUG:root:Running  took 0.000149
DEBUG:root:Search Depth=2 took 0.042231
DEBUG:root:Search Depth=3
DEBUG:root:Predicate Sampler has 0
DEBUG:root:Library generator created 1 operations
DEBUG:root:Search Branch=0 
DEBUG:root:Running  took 0.000194
DEBUG:root:Search Depth=3 took 0.043341
DEBUG:root:Search Depth=4
DEBUG:root:Predicate Sampler has 0
DEBUG:root:Library generator created 1 operations
DEBUG:root:Search Branch=0 
DEBUG:root:Running  took 0.000197
DEBUG:root:Search Depth=4 took 0.040095
DEBUG:root:Search Depth=5
DEBUG:root:Predicate Sampler has 0
DEBUG:root:Library generator created 1 operations
DEBUG:root:Search Branch=0 
DEBUG:root:Running  took 0.000165
DEBUG:root:Search Depth=5 took 0.040956
DEBUG:root:Search Depth=6
DEBUG:root:Predicate Sampler has 0
DEBUG:root:Library generator created 1 operations
DEBUG:root:Search Branch=0 
DEBUG:root:Running  took 0.000111
DEBUG:root:Search Depth=6 took 0.038581
DEBUG:root:Search Depth=7
DEBUG:root:Predicate Sampler has 0
DEBUG:root:Library generator created 1 operations
DEBUG:root:Search Branch=0 
DEBUG:root:Running  took 0.000172
DEBUG:root:Search Depth=7 took 0.040719
DEBUG:root:Search Depth=8
DEBUG:root:Predicate Sampler has 0
DEBUG:root:Library generator created 1 operations
DEBUG:root:Search Branch=0 
DEBUG:root:Running  took 0.000164
DEBUG:root:Search Depth=8 took 0.038392
DEBUG:root:Search Depth=9
DEBUG:root:Predicate Sampler has 0
DEBUG:root:Library generator created 1 operations
DEBUG:root:Search Branch=0 
DEBUG:root:Running  took 0.000155
DEBUG:root:Search Depth=9 took 0.040387
DEBUG:root:Search  took 0.421738
INFO:werkzeug:127.0.0.1 - - [19/Apr/2018 22:45:07] "POST /api/yelp-threshold HTTP/1.1" 200 -
INFO:werkzeug:127.0.0.1 - - [19/Apr/2018 22:46:36] "OPTIONS /api/yelp-threshold HTTP/1.1" 200 -
DEBUG:root:Starting the search algorithm with the following config: (100, 13) {'pattern': {'operations': [<class 'engine.alphaclean.ops.Delete'>], 'similarity': {}, 'edit': 1, 'w2v': 'resources/GoogleNews-vectors-negative300.bin', 'depth': 10, 'model': None, 'gamma': 5}, 'dependency': {'operations': [<class 'engine.alphaclean.ops.Delete'>], 'similarity': {}, 'edit': 1, 'w2v': 'resources/GoogleNews-vectors-negative300.bin', 'depth': 10, 'model': None, 'gamma': 5}}
DEBUG:root:Enforcing pattern constraint=<engine.alphaclean.constraint_languages.pattern.Float object at 0x10aa5ced0>
DEBUG:root:Running df = numparse(df,'review_count') took 0.002624
DEBUG:root:Search Depth=0
DEBUG:root:Predicate Sampler has 0
DEBUG:root:Library generator created 1 operations
DEBUG:root:Search Branch=0 
DEBUG:root:Running  took 0.000188
DEBUG:root:Promoted Search Branch=0 
DEBUG:root:Search Depth=0 took 0.045491
DEBUG:root:Search Depth=1
DEBUG:root:Predicate Sampler has 0
DEBUG:root:Library generator created 1 operations
DEBUG:root:Search Branch=0 
DEBUG:root:Running  took 0.000165
DEBUG:root:Search Depth=1 took 0.04132
DEBUG:root:Search Depth=2
DEBUG:root:Predicate Sampler has 0
DEBUG:root:Library generator created 1 operations
DEBUG:root:Search Branch=0 
DEBUG:root:Running  took 0.000159
DEBUG:root:Search Depth=2 took 0.040212
DEBUG:root:Search Depth=3
DEBUG:root:Predicate Sampler has 0
DEBUG:root:Library generator created 1 operations
DEBUG:root:Search Branch=0 
DEBUG:root:Running  took 0.00018
DEBUG:root:Search Depth=3 took 0.041708
DEBUG:root:Search Depth=4
DEBUG:root:Predicate Sampler has 0
DEBUG:root:Library generator created 1 operations
DEBUG:root:Search Branch=0 
DEBUG:root:Running  took 0.000145
DEBUG:root:Search Depth=4 took 0.040621
DEBUG:root:Search Depth=5
DEBUG:root:Predicate Sampler has 0
DEBUG:root:Library generator created 1 operations
DEBUG:root:Search Branch=0 
DEBUG:root:Running  took 0.000168
DEBUG:root:Search Depth=5 took 0.04073
DEBUG:root:Search Depth=6
DEBUG:root:Predicate Sampler has 0
DEBUG:root:Library generator created 1 operations
DEBUG:root:Search Branch=0 
DEBUG:root:Running  took 0.000264
DEBUG:root:Search Depth=6 took 0.039586
DEBUG:root:Search Depth=7
DEBUG:root:Predicate Sampler has 0
DEBUG:root:Library generator created 1 operations
DEBUG:root:Search Branch=0 
DEBUG:root:Running  took 0.000196
DEBUG:root:Search Depth=7 took 0.042724
DEBUG:root:Search Depth=8
DEBUG:root:Predicate Sampler has 0
DEBUG:root:Library generator created 1 operations
DEBUG:root:Search Branch=0 
DEBUG:root:Running  took 0.000267
DEBUG:root:Search Depth=8 took 0.041734
DEBUG:root:Search Depth=9
DEBUG:root:Predicate Sampler has 0
DEBUG:root:Library generator created 1 operations
DEBUG:root:Search Branch=0 
DEBUG:root:Running  took 0.000145
DEBUG:root:Search Depth=9 took 0.042485
DEBUG:root:Search  took 0.417696
INFO:werkzeug:127.0.0.1 - - [19/Apr/2018 22:46:36] "POST /api/yelp-threshold HTTP/1.1" 200 -
INFO:werkzeug:127.0.0.1 - - [19/Apr/2018 22:47:02] "OPTIONS /api/yelp-threshold HTTP/1.1" 200 -
DEBUG:root:Starting the search algorithm with the following config: (100, 13) {'pattern': {'operations': [<class 'engine.alphaclean.ops.Delete'>], 'similarity': {}, 'edit': 1, 'w2v': 'resources/GoogleNews-vectors-negative300.bin', 'depth': 10, 'model': None, 'gamma': 5}, 'dependency': {'operations': [<class 'engine.alphaclean.ops.Delete'>], 'similarity': {}, 'edit': 1, 'w2v': 'resources/GoogleNews-vectors-negative300.bin', 'depth': 10, 'model': None, 'gamma': 5}}
DEBUG:root:Enforcing pattern constraint=<engine.alphaclean.constraint_languages.pattern.Float object at 0x10aa5c350>
DEBUG:root:Running df = numparse(df,'review_count') took 0.00243
DEBUG:root:Search Depth=0
DEBUG:root:Predicate Sampler has 0
DEBUG:root:Library generator created 1 operations
DEBUG:root:Search Branch=0 
DEBUG:root:Running  took 0.000192
DEBUG:root:Promoted Search Branch=0 
DEBUG:root:Search Depth=0 took 0.048625
DEBUG:root:Search Depth=1
DEBUG:root:Predicate Sampler has 0
DEBUG:root:Library generator created 1 operations
DEBUG:root:Search Branch=0 
DEBUG:root:Running  took 0.000187
DEBUG:root:Search Depth=1 took 0.047683
DEBUG:root:Search Depth=2
DEBUG:root:Predicate Sampler has 0
DEBUG:root:Library generator created 1 operations
DEBUG:root:Search Branch=0 
DEBUG:root:Running  took 0.000199
DEBUG:root:Search Depth=2 took 0.043073
DEBUG:root:Search Depth=3
DEBUG:root:Predicate Sampler has 0
DEBUG:root:Library generator created 1 operations
DEBUG:root:Search Branch=0 
DEBUG:root:Running  took 0.00017
DEBUG:root:Search Depth=3 took 0.041483
DEBUG:root:Search Depth=4
DEBUG:root:Predicate Sampler has 0
DEBUG:root:Library generator created 1 operations
DEBUG:root:Search Branch=0 
DEBUG:root:Running  took 0.000141
DEBUG:root:Search Depth=4 took 0.039384
DEBUG:root:Search Depth=5
DEBUG:root:Predicate Sampler has 0
DEBUG:root:Library generator created 1 operations
DEBUG:root:Search Branch=0 
DEBUG:root:Running  took 0.000119
DEBUG:root:Search Depth=5 took 0.036214
DEBUG:root:Search Depth=6
DEBUG:root:Predicate Sampler has 0
DEBUG:root:Library generator created 1 operations
DEBUG:root:Search Branch=0 
DEBUG:root:Running  took 0.00013
DEBUG:root:Search Depth=6 took 0.037913
DEBUG:root:Search Depth=7
DEBUG:root:Predicate Sampler has 0
DEBUG:root:Library generator created 1 operations
DEBUG:root:Search Branch=0 
DEBUG:root:Running  took 0.000109
DEBUG:root:Search Depth=7 took 0.038126
DEBUG:root:Search Depth=8
DEBUG:root:Predicate Sampler has 0
DEBUG:root:Library generator created 1 operations
DEBUG:root:Search Branch=0 
DEBUG:root:Running  took 0.000188
DEBUG:root:Search Depth=8 took 0.042121
DEBUG:root:Search Depth=9
DEBUG:root:Predicate Sampler has 0
DEBUG:root:Library generator created 1 operations
DEBUG:root:Search Branch=0 
DEBUG:root:Running  took 0.000157
DEBUG:root:Search Depth=9 took 0.042511
DEBUG:root:Search  took 0.418351
INFO:werkzeug:127.0.0.1 - - [19/Apr/2018 22:47:02] "POST /api/yelp-threshold HTTP/1.1" 200 -
INFO:werkzeug:127.0.0.1 - - [19/Apr/2018 22:47:36] "OPTIONS /api/yelp-threshold HTTP/1.1" 200 -
DEBUG:root:Starting the search algorithm with the following config: (100, 13) {'pattern': {'operations': [<class 'engine.alphaclean.ops.Delete'>], 'similarity': {}, 'edit': 1, 'w2v': 'resources/GoogleNews-vectors-negative300.bin', 'depth': 10, 'model': None, 'gamma': 5}, 'dependency': {'operations': [<class 'engine.alphaclean.ops.Delete'>], 'similarity': {}, 'edit': 1, 'w2v': 'resources/GoogleNews-vectors-negative300.bin', 'depth': 10, 'model': None, 'gamma': 5}}
DEBUG:root:Enforcing pattern constraint=<engine.alphaclean.constraint_languages.pattern.Float object at 0x10aa5b410>
DEBUG:root:Running df = numparse(df,'review_count') took 0.002819
DEBUG:root:Search Depth=0
DEBUG:root:Predicate Sampler has 0
DEBUG:root:Library generator created 1 operations
DEBUG:root:Search Branch=0 
DEBUG:root:Running  took 0.000303
DEBUG:root:Promoted Search Branch=0 
DEBUG:root:Search Depth=0 took 0.051862
DEBUG:root:Search Depth=1
DEBUG:root:Predicate Sampler has 0
DEBUG:root:Library generator created 1 operations
DEBUG:root:Search Branch=0 
DEBUG:root:Running  took 0.000199
DEBUG:root:Search Depth=1 took 0.045592
DEBUG:root:Search Depth=2
DEBUG:root:Predicate Sampler has 0
DEBUG:root:Library generator created 1 operations
DEBUG:root:Search Branch=0 
DEBUG:root:Running  took 0.00013
DEBUG:root:Search Depth=2 took 0.040966
DEBUG:root:Search Depth=3
DEBUG:root:Predicate Sampler has 0
DEBUG:root:Library generator created 1 operations
DEBUG:root:Search Branch=0 
DEBUG:root:Running  took 0.000175
DEBUG:root:Search Depth=3 took 0.040094
DEBUG:root:Search Depth=4
DEBUG:root:Predicate Sampler has 0
DEBUG:root:Library generator created 1 operations
DEBUG:root:Search Branch=0 
DEBUG:root:Running  took 0.000161
DEBUG:root:Search Depth=4 took 0.041921
DEBUG:root:Search Depth=5
DEBUG:root:Predicate Sampler has 0
DEBUG:root:Library generator created 1 operations
DEBUG:root:Search Branch=0 
DEBUG:root:Running  took 0.000164
DEBUG:root:Search Depth=5 took 0.041986
DEBUG:root:Search Depth=6
DEBUG:root:Predicate Sampler has 0
DEBUG:root:Library generator created 1 operations
DEBUG:root:Search Branch=0 
DEBUG:root:Running  took 0.00014
DEBUG:root:Search Depth=6 took 0.044155
DEBUG:root:Search Depth=7
DEBUG:root:Predicate Sampler has 0
DEBUG:root:Library generator created 1 operations
DEBUG:root:Search Branch=0 
DEBUG:root:Running  took 0.000263
DEBUG:root:Search Depth=7 took 0.047799
DEBUG:root:Search Depth=8
DEBUG:root:Predicate Sampler has 0
DEBUG:root:Library generator created 1 operations
DEBUG:root:Search Branch=0 
DEBUG:root:Running  took 0.000182
DEBUG:root:Search Depth=8 took 0.046845
DEBUG:root:Search Depth=9
DEBUG:root:Predicate Sampler has 0
DEBUG:root:Library generator created 1 operations
DEBUG:root:Search Branch=0 
DEBUG:root:Running  took 0.000205
DEBUG:root:Search Depth=9 took 0.0515
DEBUG:root:Search  took 0.453885
INFO:werkzeug:127.0.0.1 - - [19/Apr/2018 22:47:36] "POST /api/yelp-threshold HTTP/1.1" 200 -
INFO:werkzeug:127.0.0.1 - - [19/Apr/2018 22:51:30] "OPTIONS /api/yelp-threshold HTTP/1.1" 200 -
DEBUG:root:Starting the search algorithm with the following config: (100, 13) {'pattern': {'operations': [<class 'engine.alphaclean.ops.Delete'>], 'similarity': {}, 'edit': 1, 'w2v': 'resources/GoogleNews-vectors-negative300.bin', 'depth': 10, 'model': None, 'gamma': 5}, 'dependency': {'operations': [<class 'engine.alphaclean.ops.Delete'>], 'similarity': {}, 'edit': 1, 'w2v': 'resources/GoogleNews-vectors-negative300.bin', 'depth': 10, 'model': None, 'gamma': 5}}
DEBUG:root:Enforcing pattern constraint=<engine.alphaclean.constraint_languages.pattern.Float object at 0x10aa5be10>
DEBUG:root:Running df = numparse(df,'review_count') took 0.003615
DEBUG:root:Search Depth=0
DEBUG:root:Predicate Sampler has 0
DEBUG:root:Library generator created 1 operations
DEBUG:root:Search Branch=0 
DEBUG:root:Running  took 0.000204
DEBUG:root:Promoted Search Branch=0 
DEBUG:root:Search Depth=0 took 0.049747
DEBUG:root:Search Depth=1
DEBUG:root:Predicate Sampler has 0
DEBUG:root:Library generator created 1 operations
DEBUG:root:Search Branch=0 
DEBUG:root:Running  took 0.00015
DEBUG:root:Search Depth=1 took 0.048048
DEBUG:root:Search Depth=2
DEBUG:root:Predicate Sampler has 0
DEBUG:root:Library generator created 1 operations
DEBUG:root:Search Branch=0 
DEBUG:root:Running  took 0.000177
DEBUG:root:Search Depth=2 took 0.043608
DEBUG:root:Search Depth=3
DEBUG:root:Predicate Sampler has 0
DEBUG:root:Library generator created 1 operations
DEBUG:root:Search Branch=0 
DEBUG:root:Running  took 0.000287
DEBUG:root:Search Depth=3 took 0.042452
DEBUG:root:Search Depth=4
DEBUG:root:Predicate Sampler has 0
DEBUG:root:Library generator created 1 operations
DEBUG:root:Search Branch=0 
DEBUG:root:Running  took 0.000177
DEBUG:root:Search Depth=4 took 0.041786
DEBUG:root:Search Depth=5
DEBUG:root:Predicate Sampler has 0
DEBUG:root:Library generator created 1 operations
DEBUG:root:Search Branch=0 
DEBUG:root:Running  took 0.000203
DEBUG:root:Search Depth=5 took 0.069438
DEBUG:root:Search Depth=6
DEBUG:root:Predicate Sampler has 0
DEBUG:root:Library generator created 1 operations
DEBUG:root:Search Branch=0 
DEBUG:root:Running  took 0.000183
DEBUG:root:Search Depth=6 took 0.043566
DEBUG:root:Search Depth=7
DEBUG:root:Predicate Sampler has 0
DEBUG:root:Library generator created 1 operations
DEBUG:root:Search Branch=0 
DEBUG:root:Running  took 0.000178
DEBUG:root:Search Depth=7 took 0.042654
DEBUG:root:Search Depth=8
DEBUG:root:Predicate Sampler has 0
DEBUG:root:Library generator created 1 operations
DEBUG:root:Search Branch=0 
DEBUG:root:Running  took 0.000176
DEBUG:root:Search Depth=8 took 0.0456
DEBUG:root:Search Depth=9
DEBUG:root:Predicate Sampler has 0
DEBUG:root:Library generator created 1 operations
DEBUG:root:Search Branch=0 
DEBUG:root:Running  took 0.000182
DEBUG:root:Search Depth=9 took 0.048483
DEBUG:root:Search  took 0.476506
INFO:werkzeug:127.0.0.1 - - [19/Apr/2018 22:51:30] "POST /api/yelp-threshold HTTP/1.1" 200 -
