WARNING:root:Logs saved in 0AW7UFPD2J.log
DEBUG:root:Starting the search algorithm with the following config: (11, 2) {'pattern': {'operations': [<class 'alphaclean.ops.Delete'>], 'similarity': {}, 'edit': 1, 'w2v': 'resources/GoogleNews-vectors-negative300.bin', 'depth': 10, 'gamma': 5}, 'dependency': {'operations': [<class 'alphaclean.ops.Swap'>], 'similarity': {'a': 'jaccard'}, 'edit': 1, 'w2v': 'resources/GoogleNews-vectors-negative300.bin', 'depth': 3, 'gamma': 5}}
DEBUG:root:Enforcing dependency constraint=<alphaclean.constraints.Constraint object at 0x10ef08350>
DEBUG:root:Search Depth=0
DEBUG:root:Predicate Sampler has 9
DEBUG:root:Predicate Sampler has 9
DEBUG:root:Library generator created 127 operations
DEBUG:root:Search Branch=0 df = swap(df,'a','Albany',('a', set(['San Francisco'])))
DEBUG:root:Running df = swap(df,'a','Albany',('a', set(['San Francisco']))) took 0.001838
DEBUG:root:Promoted Search Branch=0 df = swap(df,'a','Albany',('a', set(['San Francisco'])))
DEBUG:root:Search Branch=1 df = swap(df,'a','New Yorks',('a', set(['San Francisco'])))
DEBUG:root:Running df = swap(df,'a','New Yorks',('a', set(['San Francisco']))) took 0.001917
DEBUG:root:Promoted Search Branch=1 df = swap(df,'a','New Yorks',('a', set(['San Francisco'])))
DEBUG:root:Search Branch=2 df = swap(df,'a','San Jose',('a', set(['San Francisco'])))
DEBUG:root:Running df = swap(df,'a','San Jose',('a', set(['San Francisco']))) took 0.001798
DEBUG:root:Promoted Search Branch=2 df = swap(df,'a','San Jose',('a', set(['San Francisco'])))
DEBUG:root:Search Branch=3 df = swap(df,'a','New York',('a', set(['San Francisco'])))
DEBUG:root:Running df = swap(df,'a','New York',('a', set(['San Francisco']))) took 0.001728
DEBUG:root:Search Branch=4 df = swap(df,'a','Berkeley City',('a', set(['San Francisco'])))
DEBUG:root:Running df = swap(df,'a','Berkeley City',('a', set(['San Francisco']))) took 0.001717
DEBUG:root:Search Branch=5 df = swap(df,'a','San Mateo',('a', set(['San Francisco'])))
DEBUG:root:Running df = swap(df,'a','San Mateo',('a', set(['San Francisco']))) took 0.00177
DEBUG:root:Search Branch=6 df = swap(df,'a','Albany',('a', set(['New Yorks'])))
DEBUG:root:Running df = swap(df,'a','Albany',('a', set(['New Yorks']))) took 0.001283
DEBUG:root:Promoted Search Branch=6 df = swap(df,'a','Albany',('a', set(['New Yorks'])))
DEBUG:root:Search Branch=7 df = swap(df,'a','San Jose',('a', set(['New Yorks'])))
DEBUG:root:Running df = swap(df,'a','San Jose',('a', set(['New Yorks']))) took 0.00112
DEBUG:root:Search Branch=8 df = swap(df,'a','New York',('a', set(['New Yorks'])))
DEBUG:root:Running df = swap(df,'a','New York',('a', set(['New Yorks']))) took 0.001114
DEBUG:root:Promoted Search Branch=8 df = swap(df,'a','New York',('a', set(['New Yorks'])))
DEBUG:root:Search Branch=9 df = swap(df,'a','Berkeley City',('a', set(['New Yorks'])))
DEBUG:root:Running df = swap(df,'a','Berkeley City',('a', set(['New Yorks']))) took 0.001141
DEBUG:root:Search Branch=10 df = swap(df,'a','San Francisco',('a', set(['New Yorks'])))
DEBUG:root:Running df = swap(df,'a','San Francisco',('a', set(['New Yorks']))) took 0.00112
DEBUG:root:Search Branch=11 df = swap(df,'a','San Mateo',('a', set(['New Yorks'])))
DEBUG:root:Running df = swap(df,'a','San Mateo',('a', set(['New Yorks']))) took 0.00115
DEBUG:root:Search Branch=12 df = swap(df,'a','Albany',('a', set(['San Mateo'])))
DEBUG:root:Running df = swap(df,'a','Albany',('a', set(['San Mateo']))) took 0.001418
DEBUG:root:Search Branch=13 df = swap(df,'a','New Yorks',('a', set(['San Mateo'])))
DEBUG:root:Running df = swap(df,'a','New Yorks',('a', set(['San Mateo']))) took 0.001399
DEBUG:root:Search Branch=14 df = swap(df,'a','San Jose',('a', set(['San Mateo'])))
DEBUG:root:Running df = swap(df,'a','San Jose',('a', set(['San Mateo']))) took 0.001446
DEBUG:root:Search Branch=15 df = swap(df,'a','New York',('a', set(['San Mateo'])))
DEBUG:root:Running df = swap(df,'a','New York',('a', set(['San Mateo']))) took 0.001446
DEBUG:root:Search Branch=16 df = swap(df,'a','Berkeley City',('a', set(['San Mateo'])))
DEBUG:root:Running df = swap(df,'a','Berkeley City',('a', set(['San Mateo']))) took 0.001397
DEBUG:root:Search Branch=17 df = swap(df,'a','San Francisco',('a', set(['San Mateo'])))
DEBUG:root:Running df = swap(df,'a','San Francisco',('a', set(['San Mateo']))) took 0.001576
DEBUG:root:Search Branch=18 df = swap(df,'a','Albany',('a', set(['New York'])))
DEBUG:root:Running df = swap(df,'a','Albany',('a', set(['New York']))) took 0.001397
DEBUG:root:Search Branch=19 df = swap(df,'a','New Yorks',('a', set(['New York'])))
DEBUG:root:Running df = swap(df,'a','New Yorks',('a', set(['New York']))) took 0.001458
DEBUG:root:Search Branch=20 df = swap(df,'a','San Jose',('a', set(['New York'])))
DEBUG:root:Running df = swap(df,'a','San Jose',('a', set(['New York']))) took 0.001453
DEBUG:root:Search Branch=21 df = swap(df,'a','Berkeley City',('a', set(['New York'])))
DEBUG:root:Running df = swap(df,'a','Berkeley City',('a', set(['New York']))) took 0.002499
DEBUG:root:Search Branch=22 df = swap(df,'a','San Francisco',('a', set(['New York'])))
DEBUG:root:Running df = swap(df,'a','San Francisco',('a', set(['New York']))) took 0.001489
DEBUG:root:Search Branch=23 df = swap(df,'a','San Mateo',('a', set(['New York'])))
DEBUG:root:Running df = swap(df,'a','San Mateo',('a', set(['New York']))) took 0.001454
DEBUG:root:Search Branch=24 df = swap(df,'a','Albany',('b', set(['SMO'])))
DEBUG:root:Running df = swap(df,'a','Albany',('b', set(['SMO']))) took 0.001108
DEBUG:root:Search Branch=25 df = swap(df,'a','New Yorks',('b', set(['SMO'])))
DEBUG:root:Running df = swap(df,'a','New Yorks',('b', set(['SMO']))) took 0.001116
DEBUG:root:Search Branch=26 df = swap(df,'a','San Jose',('b', set(['SMO'])))
DEBUG:root:Running df = swap(df,'a','San Jose',('b', set(['SMO']))) took 0.00111
DEBUG:root:Search Branch=27 df = swap(df,'a','New York',('b', set(['SMO'])))
DEBUG:root:Running df = swap(df,'a','New York',('b', set(['SMO']))) took 0.001123
DEBUG:root:Search Branch=28 df = swap(df,'a','Berkeley City',('b', set(['SMO'])))
DEBUG:root:Running df = swap(df,'a','Berkeley City',('b', set(['SMO']))) took 0.001383
DEBUG:root:Search Branch=29 df = swap(df,'a','San Francisco',('b', set(['SMO'])))
DEBUG:root:Running df = swap(df,'a','San Francisco',('b', set(['SMO']))) took 0.00112
DEBUG:root:Search Branch=30 df = swap(df,'a','San Mateo',('b', set(['SMO'])))
DEBUG:root:Running df = swap(df,'a','San Mateo',('b', set(['SMO']))) took 0.001995
DEBUG:root:Search Branch=31 df = swap(df,'a','Albany',('b', set(['NY'])))
DEBUG:root:Running df = swap(df,'a','Albany',('b', set(['NY']))) took 0.001749
DEBUG:root:Search Branch=32 df = swap(df,'a','New Yorks',('b', set(['NY'])))
DEBUG:root:Running df = swap(df,'a','New Yorks',('b', set(['NY']))) took 0.001956
DEBUG:root:Search Branch=33 df = swap(df,'a','San Jose',('b', set(['NY'])))
DEBUG:root:Running df = swap(df,'a','San Jose',('b', set(['NY']))) took 0.001779
DEBUG:root:Search Branch=34 df = swap(df,'a','New York',('b', set(['NY'])))
DEBUG:root:Running df = swap(df,'a','New York',('b', set(['NY']))) took 0.001793
DEBUG:root:Search Branch=35 df = swap(df,'a','Berkeley City',('b', set(['NY'])))
DEBUG:root:Running df = swap(df,'a','Berkeley City',('b', set(['NY']))) took 0.001888
DEBUG:root:Search Branch=36 df = swap(df,'a','San Francisco',('b', set(['NY'])))
DEBUG:root:Running df = swap(df,'a','San Francisco',('b', set(['NY']))) took 0.001779
DEBUG:root:Search Branch=37 df = swap(df,'a','San Mateo',('b', set(['NY'])))
DEBUG:root:Running df = swap(df,'a','San Mateo',('b', set(['NY']))) took 0.001907
DEBUG:root:Search Branch=38 df = swap(df,'a','Albany',('b', set(['SF'])))
DEBUG:root:Running df = swap(df,'a','Albany',('b', set(['SF']))) took 0.001724
DEBUG:root:Search Branch=39 df = swap(df,'a','New Yorks',('b', set(['SF'])))
DEBUG:root:Running df = swap(df,'a','New Yorks',('b', set(['SF']))) took 0.001702
DEBUG:root:Search Branch=40 df = swap(df,'a','San Jose',('b', set(['SF'])))
DEBUG:root:Running df = swap(df,'a','San Jose',('b', set(['SF']))) took 0.003362
DEBUG:root:Search Branch=41 df = swap(df,'a','New York',('b', set(['SF'])))
DEBUG:root:Running df = swap(df,'a','New York',('b', set(['SF']))) took 0.00147
DEBUG:root:Search Branch=42 df = swap(df,'a','Berkeley City',('b', set(['SF'])))
DEBUG:root:Running df = swap(df,'a','Berkeley City',('b', set(['SF']))) took 0.00147
DEBUG:root:Search Branch=43 df = swap(df,'a','San Francisco',('b', set(['SF'])))
DEBUG:root:Running df = swap(df,'a','San Francisco',('b', set(['SF']))) took 0.001472
DEBUG:root:Search Branch=44 df = swap(df,'a','San Mateo',('b', set(['SF'])))
DEBUG:root:Running df = swap(df,'a','San Mateo',('b', set(['SF']))) took 0.001504
DEBUG:root:Search Branch=45 df = swap(df,'a','Albany',('b', set(['SM'])))
DEBUG:root:Running df = swap(df,'a','Albany',('b', set(['SM']))) took 0.001284
DEBUG:root:Search Branch=46 df = swap(df,'a','New Yorks',('b', set(['SM'])))
DEBUG:root:Running df = swap(df,'a','New Yorks',('b', set(['SM']))) took 0.001218
DEBUG:root:Search Branch=47 df = swap(df,'a','San Jose',('b', set(['SM'])))
DEBUG:root:Running df = swap(df,'a','San Jose',('b', set(['SM']))) took 0.001149
DEBUG:root:Search Branch=48 df = swap(df,'a','New York',('b', set(['SM'])))
DEBUG:root:Running df = swap(df,'a','New York',('b', set(['SM']))) took 0.001112
DEBUG:root:Search Branch=49 df = swap(df,'a','Berkeley City',('b', set(['SM'])))
DEBUG:root:Running df = swap(df,'a','Berkeley City',('b', set(['SM']))) took 0.001088
DEBUG:root:Search Branch=50 df = swap(df,'a','San Francisco',('b', set(['SM'])))
DEBUG:root:Running df = swap(df,'a','San Francisco',('b', set(['SM']))) took 0.001304
DEBUG:root:Search Branch=51 df = swap(df,'a','San Mateo',('b', set(['SM'])))
DEBUG:root:Running df = swap(df,'a','San Mateo',('b', set(['SM']))) took 0.001213
DEBUG:root:Search Branch=52 df = swap(df,'a','Albany',('b', set(['SFO'])))
DEBUG:root:Running df = swap(df,'a','Albany',('b', set(['SFO']))) took 0.001776
DEBUG:root:Search Branch=53 df = swap(df,'a','New Yorks',('b', set(['SFO'])))
DEBUG:root:Running df = swap(df,'a','New Yorks',('b', set(['SFO']))) took 0.001132
DEBUG:root:Search Branch=54 df = swap(df,'a','San Jose',('b', set(['SFO'])))
DEBUG:root:Running df = swap(df,'a','San Jose',('b', set(['SFO']))) took 0.001123
DEBUG:root:Search Branch=55 df = swap(df,'a','New York',('b', set(['SFO'])))
DEBUG:root:Running df = swap(df,'a','New York',('b', set(['SFO']))) took 0.002031
DEBUG:root:Search Branch=56 df = swap(df,'a','Berkeley City',('b', set(['SFO'])))
DEBUG:root:Running df = swap(df,'a','Berkeley City',('b', set(['SFO']))) took 0.001122
DEBUG:root:Search Branch=57 df = swap(df,'a','San Francisco',('b', set(['SFO'])))
DEBUG:root:Running df = swap(df,'a','San Francisco',('b', set(['SFO']))) took 0.001161
DEBUG:root:Search Branch=58 df = swap(df,'a','San Mateo',('b', set(['SFO'])))
DEBUG:root:Running df = swap(df,'a','San Mateo',('b', set(['SFO']))) took 0.001128
DEBUG:root:Search Branch=59 df = swap(df,'b','AB',('a', set(['San Francisco'])))
DEBUG:root:Running df = swap(df,'b','AB',('a', set(['San Francisco']))) took 0.003064
DEBUG:root:Search Branch=60 df = swap(df,'b','NY',('a', set(['San Francisco'])))
DEBUG:root:Running df = swap(df,'b','NY',('a', set(['San Francisco']))) took 0.001746
DEBUG:root:Search Branch=61 df = swap(df,'b','Bk',('a', set(['San Francisco'])))
DEBUG:root:Running df = swap(df,'b','Bk',('a', set(['San Francisco']))) took 0.001931
DEBUG:root:Search Branch=62 df = swap(df,'b','SMO',('a', set(['San Francisco'])))
DEBUG:root:Running df = swap(df,'b','SMO',('a', set(['San Francisco']))) took 0.001734
DEBUG:root:Search Branch=63 df = swap(df,'b','SFO',('a', set(['San Francisco'])))
DEBUG:root:Running df = swap(df,'b','SFO',('a', set(['San Francisco']))) took 0.001743
DEBUG:root:Search Branch=64 df = swap(df,'b','SM',('a', set(['San Francisco'])))
DEBUG:root:Running df = swap(df,'b','SM',('a', set(['San Francisco']))) took 0.001756
DEBUG:root:Search Branch=65 df = swap(df,'b','SJ',('a', set(['San Francisco'])))
DEBUG:root:Running df = swap(df,'b','SJ',('a', set(['San Francisco']))) took 0.001758
DEBUG:root:Search Branch=66 df = swap(df,'b','SF',('a', set(['San Francisco'])))
DEBUG:root:Running df = swap(df,'b','SF',('a', set(['San Francisco']))) took 0.001752
DEBUG:root:Promoted Search Branch=66 df = swap(df,'b','SF',('a', set(['San Francisco'])))
DEBUG:root:Search Branch=67 df = swap(df,'b','AB',('a', set(['New Yorks'])))
DEBUG:root:Running df = swap(df,'b','AB',('a', set(['New Yorks']))) took 0.001123
DEBUG:root:Search Branch=68 df = swap(df,'b','NY',('a', set(['New Yorks'])))
DEBUG:root:Running df = swap(df,'b','NY',('a', set(['New Yorks']))) took 0.001071
DEBUG:root:Search Branch=69 df = swap(df,'b','Bk',('a', set(['New Yorks'])))
DEBUG:root:Running df = swap(df,'b','Bk',('a', set(['New Yorks']))) took 0.001115
DEBUG:root:Search Branch=70 df = swap(df,'b','SMO',('a', set(['New Yorks'])))
DEBUG:root:Running df = swap(df,'b','SMO',('a', set(['New Yorks']))) took 0.00112
DEBUG:root:Search Branch=71 df = swap(df,'b','SFO',('a', set(['New Yorks'])))
DEBUG:root:Running df = swap(df,'b','SFO',('a', set(['New Yorks']))) took 0.0011
DEBUG:root:Search Branch=72 df = swap(df,'b','SM',('a', set(['New Yorks'])))
DEBUG:root:Running df = swap(df,'b','SM',('a', set(['New Yorks']))) took 0.001279
DEBUG:root:Search Branch=73 df = swap(df,'b','SJ',('a', set(['New Yorks'])))
DEBUG:root:Running df = swap(df,'b','SJ',('a', set(['New Yorks']))) took 0.001216
DEBUG:root:Search Branch=74 df = swap(df,'b','SF',('a', set(['New Yorks'])))
DEBUG:root:Running df = swap(df,'b','SF',('a', set(['New Yorks']))) took 0.001122
DEBUG:root:Search Branch=75 df = swap(df,'b','AB',('a', set(['San Mateo'])))
DEBUG:root:Running df = swap(df,'b','AB',('a', set(['San Mateo']))) took 0.001464
DEBUG:root:Search Branch=76 df = swap(df,'b','NY',('a', set(['San Mateo'])))
DEBUG:root:Running df = swap(df,'b','NY',('a', set(['San Mateo']))) took 0.001417
DEBUG:root:Search Branch=77 df = swap(df,'b','Bk',('a', set(['San Mateo'])))
DEBUG:root:Running df = swap(df,'b','Bk',('a', set(['San Mateo']))) took 0.001498
DEBUG:root:Search Branch=78 df = swap(df,'b','SMO',('a', set(['San Mateo'])))
DEBUG:root:Running df = swap(df,'b','SMO',('a', set(['San Mateo']))) took 0.001436
DEBUG:root:Search Branch=79 df = swap(df,'b','SFO',('a', set(['San Mateo'])))
DEBUG:root:Running df = swap(df,'b','SFO',('a', set(['San Mateo']))) took 0.001546
DEBUG:root:Search Branch=80 df = swap(df,'b','SM',('a', set(['San Mateo'])))
DEBUG:root:Running df = swap(df,'b','SM',('a', set(['San Mateo']))) took 0.001448
DEBUG:root:Search Branch=81 df = swap(df,'b','SJ',('a', set(['San Mateo'])))
DEBUG:root:Running df = swap(df,'b','SJ',('a', set(['San Mateo']))) took 0.001464
DEBUG:root:Search Branch=82 df = swap(df,'b','SF',('a', set(['San Mateo'])))
DEBUG:root:Running df = swap(df,'b','SF',('a', set(['San Mateo']))) took 0.001496
DEBUG:root:Search Branch=83 df = swap(df,'b','AB',('a', set(['New York'])))
DEBUG:root:Running df = swap(df,'b','AB',('a', set(['New York']))) took 0.001632
DEBUG:root:Search Branch=84 df = swap(df,'b','NY',('a', set(['New York'])))
DEBUG:root:Running df = swap(df,'b','NY',('a', set(['New York']))) took 0.001457
DEBUG:root:Search Branch=85 df = swap(df,'b','Bk',('a', set(['New York'])))
DEBUG:root:Running df = swap(df,'b','Bk',('a', set(['New York']))) took 0.001434
DEBUG:root:Search Branch=86 df = swap(df,'b','SMO',('a', set(['New York'])))
DEBUG:root:Running df = swap(df,'b','SMO',('a', set(['New York']))) took 0.001437
DEBUG:root:Search Branch=87 df = swap(df,'b','SFO',('a', set(['New York'])))
DEBUG:root:Running df = swap(df,'b','SFO',('a', set(['New York']))) took 0.001542
DEBUG:root:Search Branch=88 df = swap(df,'b','SM',('a', set(['New York'])))
DEBUG:root:Running df = swap(df,'b','SM',('a', set(['New York']))) took 0.001436
DEBUG:root:Search Branch=89 df = swap(df,'b','SJ',('a', set(['New York'])))
DEBUG:root:Running df = swap(df,'b','SJ',('a', set(['New York']))) took 0.001442
DEBUG:root:Search Branch=90 df = swap(df,'b','SF',('a', set(['New York'])))
DEBUG:root:Running df = swap(df,'b','SF',('a', set(['New York']))) took 0.001437
DEBUG:root:Search Branch=91 df = swap(df,'b','AB',('b', set(['SMO'])))
DEBUG:root:Running df = swap(df,'b','AB',('b', set(['SMO']))) took 0.001123
DEBUG:root:Search Branch=92 df = swap(df,'b','NY',('b', set(['SMO'])))
DEBUG:root:Running df = swap(df,'b','NY',('b', set(['SMO']))) took 0.001163
DEBUG:root:Search Branch=93 df = swap(df,'b','Bk',('b', set(['SMO'])))
DEBUG:root:Running df = swap(df,'b','Bk',('b', set(['SMO']))) took 0.001137
DEBUG:root:Search Branch=94 df = swap(df,'b','SFO',('b', set(['SMO'])))
DEBUG:root:Running df = swap(df,'b','SFO',('b', set(['SMO']))) took 0.001275
DEBUG:root:Search Branch=95 df = swap(df,'b','SM',('b', set(['SMO'])))
DEBUG:root:Running df = swap(df,'b','SM',('b', set(['SMO']))) took 0.001129
DEBUG:root:Search Branch=96 df = swap(df,'b','SJ',('b', set(['SMO'])))
DEBUG:root:Running df = swap(df,'b','SJ',('b', set(['SMO']))) took 0.001109
DEBUG:root:Search Branch=97 df = swap(df,'b','SF',('b', set(['SMO'])))
DEBUG:root:Running df = swap(df,'b','SF',('b', set(['SMO']))) took 0.001151
DEBUG:root:Search Branch=98 df = swap(df,'b','AB',('b', set(['NY'])))
DEBUG:root:Running df = swap(df,'b','AB',('b', set(['NY']))) took 0.001753
DEBUG:root:Search Branch=99 df = swap(df,'b','Bk',('b', set(['NY'])))
DEBUG:root:Running df = swap(df,'b','Bk',('b', set(['NY']))) took 0.003402
DEBUG:root:Search Branch=100 df = swap(df,'b','SMO',('b', set(['NY'])))
DEBUG:root:Running df = swap(df,'b','SMO',('b', set(['NY']))) took 0.001772
DEBUG:root:Search Branch=101 df = swap(df,'b','SFO',('b', set(['NY'])))
DEBUG:root:Running df = swap(df,'b','SFO',('b', set(['NY']))) took 0.001755
DEBUG:root:Search Branch=102 df = swap(df,'b','SM',('b', set(['NY'])))
DEBUG:root:Running df = swap(df,'b','SM',('b', set(['NY']))) took 0.001891
DEBUG:root:Search Branch=103 df = swap(df,'b','SJ',('b', set(['NY'])))
DEBUG:root:Running df = swap(df,'b','SJ',('b', set(['NY']))) took 0.001742
DEBUG:root:Search Branch=104 df = swap(df,'b','SF',('b', set(['NY'])))
DEBUG:root:Running df = swap(df,'b','SF',('b', set(['NY']))) took 0.001725
DEBUG:root:Search Branch=105 df = swap(df,'b','AB',('b', set(['SF'])))
DEBUG:root:Running df = swap(df,'b','AB',('b', set(['SF']))) took 0.001603
DEBUG:root:Search Branch=106 df = swap(df,'b','NY',('b', set(['SF'])))
DEBUG:root:Running df = swap(df,'b','NY',('b', set(['SF']))) took 0.001504
DEBUG:root:Search Branch=107 df = swap(df,'b','Bk',('b', set(['SF'])))
DEBUG:root:Running df = swap(df,'b','Bk',('b', set(['SF']))) took 0.001434
DEBUG:root:Search Branch=108 df = swap(df,'b','SMO',('b', set(['SF'])))
DEBUG:root:Running df = swap(df,'b','SMO',('b', set(['SF']))) took 0.001433
DEBUG:root:Search Branch=109 df = swap(df,'b','SFO',('b', set(['SF'])))
DEBUG:root:Running df = swap(df,'b','SFO',('b', set(['SF']))) took 0.001442
DEBUG:root:Search Branch=110 df = swap(df,'b','SM',('b', set(['SF'])))
DEBUG:root:Running df = swap(df,'b','SM',('b', set(['SF']))) took 0.00145
DEBUG:root:Search Branch=111 df = swap(df,'b','SJ',('b', set(['SF'])))
DEBUG:root:Running df = swap(df,'b','SJ',('b', set(['SF']))) took 0.002421
DEBUG:root:Search Branch=112 df = swap(df,'b','AB',('b', set(['SM'])))
DEBUG:root:Running df = swap(df,'b','AB',('b', set(['SM']))) took 0.001111
DEBUG:root:Search Branch=113 df = swap(df,'b','NY',('b', set(['SM'])))
DEBUG:root:Running df = swap(df,'b','NY',('b', set(['SM']))) took 0.001153
DEBUG:root:Search Branch=114 df = swap(df,'b','Bk',('b', set(['SM'])))
DEBUG:root:Running df = swap(df,'b','Bk',('b', set(['SM']))) took 0.001552
DEBUG:root:Search Branch=115 df = swap(df,'b','SMO',('b', set(['SM'])))
DEBUG:root:Running df = swap(df,'b','SMO',('b', set(['SM']))) took 0.001125
DEBUG:root:Search Branch=116 df = swap(df,'b','SFO',('b', set(['SM'])))
DEBUG:root:Running df = swap(df,'b','SFO',('b', set(['SM']))) took 0.001336
DEBUG:root:Search Branch=117 df = swap(df,'b','SJ',('b', set(['SM'])))
DEBUG:root:Running df = swap(df,'b','SJ',('b', set(['SM']))) took 0.001132
DEBUG:root:Search Branch=118 df = swap(df,'b','SF',('b', set(['SM'])))
DEBUG:root:Running df = swap(df,'b','SF',('b', set(['SM']))) took 0.001108
DEBUG:root:Search Branch=119 df = swap(df,'b','AB',('b', set(['SFO'])))
DEBUG:root:Running df = swap(df,'b','AB',('b', set(['SFO']))) took 0.001142
DEBUG:root:Search Branch=120 df = swap(df,'b','NY',('b', set(['SFO'])))
DEBUG:root:Running df = swap(df,'b','NY',('b', set(['SFO']))) took 0.001195
DEBUG:root:Search Branch=121 df = swap(df,'b','Bk',('b', set(['SFO'])))
DEBUG:root:Running df = swap(df,'b','Bk',('b', set(['SFO']))) took 0.001129
DEBUG:root:Search Branch=122 df = swap(df,'b','SMO',('b', set(['SFO'])))
DEBUG:root:Running df = swap(df,'b','SMO',('b', set(['SFO']))) took 0.00114
DEBUG:root:Search Branch=123 df = swap(df,'b','SM',('b', set(['SFO'])))
DEBUG:root:Running df = swap(df,'b','SM',('b', set(['SFO']))) took 0.001221
DEBUG:root:Search Branch=124 df = swap(df,'b','SJ',('b', set(['SFO'])))
DEBUG:root:Running df = swap(df,'b','SJ',('b', set(['SFO']))) took 0.001211
DEBUG:root:Search Branch=125 df = swap(df,'b','SF',('b', set(['SFO'])))
DEBUG:root:Running df = swap(df,'b','SF',('b', set(['SFO']))) took 0.001242
DEBUG:root:Search Branch=126 
DEBUG:root:Running  took 0.000101
DEBUG:root:Search Depth=0 took 5.108856
DEBUG:root:Search Depth=1
DEBUG:root:Predicate Sampler has 6
DEBUG:root:Predicate Sampler has 6
DEBUG:root:Library generator created 79 operations
DEBUG:root:Search Branch=0 df = swap(df,'a','Albany',('a', set(['New Yorks'])))
DEBUG:root:Running df = swap(df,'a','Albany',('a', set(['New Yorks']))) took 0.001345
DEBUG:root:Search Branch=1 df = swap(df,'a','San Jose',('a', set(['New Yorks'])))
DEBUG:root:Running df = swap(df,'a','San Jose',('a', set(['New Yorks']))) took 0.001124
DEBUG:root:Search Branch=2 df = swap(df,'a','New York',('a', set(['New Yorks'])))
DEBUG:root:Running df = swap(df,'a','New York',('a', set(['New Yorks']))) took 0.001124
DEBUG:root:Promoted Search Branch=2 df = swap(df,'a','New York',('a', set(['New Yorks'])))
DEBUG:root:Search Branch=3 df = swap(df,'a','Berkeley City',('a', set(['New Yorks'])))
DEBUG:root:Running df = swap(df,'a','Berkeley City',('a', set(['New Yorks']))) took 0.001166
DEBUG:root:Search Branch=4 df = swap(df,'a','San Francisco',('a', set(['New Yorks'])))
DEBUG:root:Running df = swap(df,'a','San Francisco',('a', set(['New Yorks']))) took 0.00112
DEBUG:root:Search Branch=5 df = swap(df,'a','San Mateo',('a', set(['New Yorks'])))
DEBUG:root:Running df = swap(df,'a','San Mateo',('a', set(['New Yorks']))) took 0.001122
DEBUG:root:Search Branch=6 df = swap(df,'a','Albany',('a', set(['San Mateo'])))
DEBUG:root:Running df = swap(df,'a','Albany',('a', set(['San Mateo']))) took 0.001417
DEBUG:root:Search Branch=7 df = swap(df,'a','New Yorks',('a', set(['San Mateo'])))
DEBUG:root:Running df = swap(df,'a','New Yorks',('a', set(['San Mateo']))) took 0.00144
DEBUG:root:Search Branch=8 df = swap(df,'a','San Jose',('a', set(['San Mateo'])))
DEBUG:root:Running df = swap(df,'a','San Jose',('a', set(['San Mateo']))) took 0.001899
DEBUG:root:Search Branch=9 df = swap(df,'a','New York',('a', set(['San Mateo'])))
DEBUG:root:Running df = swap(df,'a','New York',('a', set(['San Mateo']))) took 0.001447
DEBUG:root:Search Branch=10 df = swap(df,'a','Berkeley City',('a', set(['San Mateo'])))
DEBUG:root:Running df = swap(df,'a','Berkeley City',('a', set(['San Mateo']))) took 0.001701
DEBUG:root:Search Branch=11 df = swap(df,'a','San Francisco',('a', set(['San Mateo'])))
DEBUG:root:Running df = swap(df,'a','San Francisco',('a', set(['San Mateo']))) took 0.001472
DEBUG:root:Search Branch=12 df = swap(df,'a','Albany',('a', set(['New York'])))
DEBUG:root:Running df = swap(df,'a','Albany',('a', set(['New York']))) took 0.001433
DEBUG:root:Search Branch=13 df = swap(df,'a','New Yorks',('a', set(['New York'])))
DEBUG:root:Running df = swap(df,'a','New Yorks',('a', set(['New York']))) took 0.001444
DEBUG:root:Search Branch=14 df = swap(df,'a','San Jose',('a', set(['New York'])))
DEBUG:root:Running df = swap(df,'a','San Jose',('a', set(['New York']))) took 0.001586
DEBUG:root:Search Branch=15 df = swap(df,'a','Berkeley City',('a', set(['New York'])))
DEBUG:root:Running df = swap(df,'a','Berkeley City',('a', set(['New York']))) took 0.001472
DEBUG:root:Search Branch=16 df = swap(df,'a','San Francisco',('a', set(['New York'])))
DEBUG:root:Running df = swap(df,'a','San Francisco',('a', set(['New York']))) took 0.001437
DEBUG:root:Search Branch=17 df = swap(df,'a','San Mateo',('a', set(['New York'])))
DEBUG:root:Running df = swap(df,'a','San Mateo',('a', set(['New York']))) took 0.001447
DEBUG:root:Search Branch=18 df = swap(df,'a','Albany',('b', set(['SMO'])))
DEBUG:root:Running df = swap(df,'a','Albany',('b', set(['SMO']))) took 0.001154
DEBUG:root:Search Branch=19 df = swap(df,'a','New Yorks',('b', set(['SMO'])))
DEBUG:root:Running df = swap(df,'a','New Yorks',('b', set(['SMO']))) took 0.001132
DEBUG:root:Search Branch=20 df = swap(df,'a','San Jose',('b', set(['SMO'])))
DEBUG:root:Running df = swap(df,'a','San Jose',('b', set(['SMO']))) took 0.001154
DEBUG:root:Search Branch=21 df = swap(df,'a','New York',('b', set(['SMO'])))
DEBUG:root:Running df = swap(df,'a','New York',('b', set(['SMO']))) took 0.001446
DEBUG:root:Search Branch=22 df = swap(df,'a','Berkeley City',('b', set(['SMO'])))
DEBUG:root:Running df = swap(df,'a','Berkeley City',('b', set(['SMO']))) took 0.001117
DEBUG:root:Search Branch=23 df = swap(df,'a','San Francisco',('b', set(['SMO'])))
DEBUG:root:Running df = swap(df,'a','San Francisco',('b', set(['SMO']))) took 0.00113
DEBUG:root:Search Branch=24 df = swap(df,'a','San Mateo',('b', set(['SMO'])))
DEBUG:root:Running df = swap(df,'a','San Mateo',('b', set(['SMO']))) took 0.001118
DEBUG:root:Search Branch=25 df = swap(df,'a','Albany',('b', set(['NY'])))
DEBUG:root:Running df = swap(df,'a','Albany',('b', set(['NY']))) took 0.001812
DEBUG:root:Search Branch=26 df = swap(df,'a','New Yorks',('b', set(['NY'])))
DEBUG:root:Running df = swap(df,'a','New Yorks',('b', set(['NY']))) took 0.001779
DEBUG:root:Search Branch=27 df = swap(df,'a','San Jose',('b', set(['NY'])))
DEBUG:root:Running df = swap(df,'a','San Jose',('b', set(['NY']))) took 0.001751
DEBUG:root:Search Branch=28 df = swap(df,'a','New York',('b', set(['NY'])))
DEBUG:root:Running df = swap(df,'a','New York',('b', set(['NY']))) took 0.001749
DEBUG:root:Search Branch=29 df = swap(df,'a','Berkeley City',('b', set(['NY'])))
DEBUG:root:Running df = swap(df,'a','Berkeley City',('b', set(['NY']))) took 0.001736
DEBUG:root:Search Branch=30 df = swap(df,'a','San Francisco',('b', set(['NY'])))
DEBUG:root:Running df = swap(df,'a','San Francisco',('b', set(['NY']))) took 0.002209
DEBUG:root:Search Branch=31 df = swap(df,'a','San Mateo',('b', set(['NY'])))
DEBUG:root:Running df = swap(df,'a','San Mateo',('b', set(['NY']))) took 0.001746
DEBUG:root:Search Branch=32 df = swap(df,'a','Albany',('b', set(['SM'])))
DEBUG:root:Running df = swap(df,'a','Albany',('b', set(['SM']))) took 0.001366
DEBUG:root:Search Branch=33 df = swap(df,'a','New Yorks',('b', set(['SM'])))
DEBUG:root:Running df = swap(df,'a','New Yorks',('b', set(['SM']))) took 0.001099
DEBUG:root:Search Branch=34 df = swap(df,'a','San Jose',('b', set(['SM'])))
DEBUG:root:Running df = swap(df,'a','San Jose',('b', set(['SM']))) took 0.001106
DEBUG:root:Search Branch=35 df = swap(df,'a','New York',('b', set(['SM'])))
DEBUG:root:Running df = swap(df,'a','New York',('b', set(['SM']))) took 0.001115
DEBUG:root:Search Branch=36 df = swap(df,'a','Berkeley City',('b', set(['SM'])))
DEBUG:root:Running df = swap(df,'a','Berkeley City',('b', set(['SM']))) took 0.001102
DEBUG:root:Search Branch=37 df = swap(df,'a','San Francisco',('b', set(['SM'])))
DEBUG:root:Running df = swap(df,'a','San Francisco',('b', set(['SM']))) took 0.001114
DEBUG:root:Search Branch=38 df = swap(df,'a','San Mateo',('b', set(['SM'])))
DEBUG:root:Running df = swap(df,'a','San Mateo',('b', set(['SM']))) took 0.001338
DEBUG:root:Search Branch=39 df = swap(df,'b','AB',('a', set(['New Yorks'])))
DEBUG:root:Running df = swap(df,'b','AB',('a', set(['New Yorks']))) took 0.001104
DEBUG:root:Search Branch=40 df = swap(df,'b','SJ',('a', set(['New Yorks'])))
DEBUG:root:Running df = swap(df,'b','SJ',('a', set(['New Yorks']))) took 0.001103
DEBUG:root:Search Branch=41 df = swap(df,'b','Bk',('a', set(['New Yorks'])))
DEBUG:root:Running df = swap(df,'b','Bk',('a', set(['New Yorks']))) took 0.001103
DEBUG:root:Search Branch=42 df = swap(df,'b','SMO',('a', set(['New Yorks'])))
DEBUG:root:Running df = swap(df,'b','SMO',('a', set(['New Yorks']))) took 0.001077
DEBUG:root:Search Branch=43 df = swap(df,'b','NY',('a', set(['New Yorks'])))
DEBUG:root:Running df = swap(df,'b','NY',('a', set(['New Yorks']))) took 0.001376
DEBUG:root:Search Branch=44 df = swap(df,'b','SM',('a', set(['New Yorks'])))
DEBUG:root:Running df = swap(df,'b','SM',('a', set(['New Yorks']))) took 0.001111
DEBUG:root:Search Branch=45 df = swap(df,'b','SF',('a', set(['New Yorks'])))
DEBUG:root:Running df = swap(df,'b','SF',('a', set(['New Yorks']))) took 0.001115
DEBUG:root:Search Branch=46 df = swap(df,'b','AB',('a', set(['San Mateo'])))
DEBUG:root:Running df = swap(df,'b','AB',('a', set(['San Mateo']))) took 0.001428
DEBUG:root:Search Branch=47 df = swap(df,'b','SJ',('a', set(['San Mateo'])))
DEBUG:root:Running df = swap(df,'b','SJ',('a', set(['San Mateo']))) took 0.001901
DEBUG:root:Search Branch=48 df = swap(df,'b','Bk',('a', set(['San Mateo'])))
DEBUG:root:Running df = swap(df,'b','Bk',('a', set(['San Mateo']))) took 0.00143
DEBUG:root:Search Branch=49 df = swap(df,'b','SMO',('a', set(['San Mateo'])))
DEBUG:root:Running df = swap(df,'b','SMO',('a', set(['San Mateo']))) took 0.001506
DEBUG:root:Search Branch=50 df = swap(df,'b','NY',('a', set(['San Mateo'])))
DEBUG:root:Running df = swap(df,'b','NY',('a', set(['San Mateo']))) took 0.001414
DEBUG:root:Search Branch=51 df = swap(df,'b','SM',('a', set(['San Mateo'])))
DEBUG:root:Running df = swap(df,'b','SM',('a', set(['San Mateo']))) took 0.002212
DEBUG:root:Search Branch=52 df = swap(df,'b','SF',('a', set(['San Mateo'])))
DEBUG:root:Running df = swap(df,'b','SF',('a', set(['San Mateo']))) took 0.00143
DEBUG:root:Search Branch=53 df = swap(df,'b','AB',('a', set(['New York'])))
DEBUG:root:Running df = swap(df,'b','AB',('a', set(['New York']))) took 0.001444
DEBUG:root:Search Branch=54 df = swap(df,'b','SJ',('a', set(['New York'])))
DEBUG:root:Running df = swap(df,'b','SJ',('a', set(['New York']))) took 0.001856
DEBUG:root:Search Branch=55 df = swap(df,'b','Bk',('a', set(['New York'])))
DEBUG:root:Running df = swap(df,'b','Bk',('a', set(['New York']))) took 0.001529
DEBUG:root:Search Branch=56 df = swap(df,'b','SMO',('a', set(['New York'])))
DEBUG:root:Running df = swap(df,'b','SMO',('a', set(['New York']))) took 0.001435
DEBUG:root:Search Branch=57 df = swap(df,'b','NY',('a', set(['New York'])))
DEBUG:root:Running df = swap(df,'b','NY',('a', set(['New York']))) took 0.001515
DEBUG:root:Search Branch=58 df = swap(df,'b','SM',('a', set(['New York'])))
DEBUG:root:Running df = swap(df,'b','SM',('a', set(['New York']))) took 0.001538
DEBUG:root:Search Branch=59 df = swap(df,'b','SF',('a', set(['New York'])))
DEBUG:root:Running df = swap(df,'b','SF',('a', set(['New York']))) took 0.002818
DEBUG:root:Search Branch=60 df = swap(df,'b','AB',('b', set(['SMO'])))
DEBUG:root:Running df = swap(df,'b','AB',('b', set(['SMO']))) took 0.001136
DEBUG:root:Search Branch=61 df = swap(df,'b','SJ',('b', set(['SMO'])))
DEBUG:root:Running df = swap(df,'b','SJ',('b', set(['SMO']))) took 0.001097
DEBUG:root:Search Branch=62 df = swap(df,'b','Bk',('b', set(['SMO'])))
DEBUG:root:Running df = swap(df,'b','Bk',('b', set(['SMO']))) took 0.001124
DEBUG:root:Search Branch=63 df = swap(df,'b','NY',('b', set(['SMO'])))
DEBUG:root:Running df = swap(df,'b','NY',('b', set(['SMO']))) took 0.001135
DEBUG:root:Search Branch=64 df = swap(df,'b','SM',('b', set(['SMO'])))
DEBUG:root:Running df = swap(df,'b','SM',('b', set(['SMO']))) took 0.001105
DEBUG:root:Search Branch=65 df = swap(df,'b','SF',('b', set(['SMO'])))
DEBUG:root:Running df = swap(df,'b','SF',('b', set(['SMO']))) took 0.001397
DEBUG:root:Search Branch=66 df = swap(df,'b','AB',('b', set(['NY'])))
DEBUG:root:Running df = swap(df,'b','AB',('b', set(['NY']))) took 0.001738
DEBUG:root:Search Branch=67 df = swap(df,'b','SJ',('b', set(['NY'])))
DEBUG:root:Running df = swap(df,'b','SJ',('b', set(['NY']))) took 0.001747
DEBUG:root:Search Branch=68 df = swap(df,'b','Bk',('b', set(['NY'])))
DEBUG:root:Running df = swap(df,'b','Bk',('b', set(['NY']))) took 0.001736
DEBUG:root:Search Branch=69 df = swap(df,'b','SMO',('b', set(['NY'])))
DEBUG:root:Running df = swap(df,'b','SMO',('b', set(['NY']))) took 0.001722
DEBUG:root:Search Branch=70 df = swap(df,'b','SM',('b', set(['NY'])))
DEBUG:root:Running df = swap(df,'b','SM',('b', set(['NY']))) took 0.001757
DEBUG:root:Search Branch=71 df = swap(df,'b','SF',('b', set(['NY'])))
DEBUG:root:Running df = swap(df,'b','SF',('b', set(['NY']))) took 0.001843
DEBUG:root:Search Branch=72 df = swap(df,'b','AB',('b', set(['SM'])))
DEBUG:root:Running df = swap(df,'b','AB',('b', set(['SM']))) took 0.001091
DEBUG:root:Search Branch=73 df = swap(df,'b','SJ',('b', set(['SM'])))
DEBUG:root:Running df = swap(df,'b','SJ',('b', set(['SM']))) took 0.001108
DEBUG:root:Search Branch=74 df = swap(df,'b','Bk',('b', set(['SM'])))
DEBUG:root:Running df = swap(df,'b','Bk',('b', set(['SM']))) took 0.001101
DEBUG:root:Search Branch=75 df = swap(df,'b','SMO',('b', set(['SM'])))
DEBUG:root:Running df = swap(df,'b','SMO',('b', set(['SM']))) took 0.001199
DEBUG:root:Search Branch=76 df = swap(df,'b','NY',('b', set(['SM'])))
DEBUG:root:Running df = swap(df,'b','NY',('b', set(['SM']))) took 0.001444
DEBUG:root:Search Branch=77 df = swap(df,'b','SF',('b', set(['SM'])))
DEBUG:root:Running df = swap(df,'b','SF',('b', set(['SM']))) took 0.001099
DEBUG:root:Search Branch=78 
DEBUG:root:Running  took 9.7e-05
DEBUG:root:Search Depth=1 took 3.196226
DEBUG:root:Search Depth=2
DEBUG:root:Predicate Sampler has 3
DEBUG:root:Predicate Sampler has 3
DEBUG:root:Library generator created 37 operations
DEBUG:root:Search Branch=0 df = swap(df,'a','Albany',('a', set(['San Mateo'])))
DEBUG:root:Running df = swap(df,'a','Albany',('a', set(['San Mateo']))) took 0.001409
DEBUG:root:Search Branch=1 df = swap(df,'a','San Jose',('a', set(['San Mateo'])))
DEBUG:root:Running df = swap(df,'a','San Jose',('a', set(['San Mateo']))) took 0.001642
DEBUG:root:Search Branch=2 df = swap(df,'a','New York',('a', set(['San Mateo'])))
DEBUG:root:Running df = swap(df,'a','New York',('a', set(['San Mateo']))) took 0.001529
DEBUG:root:Search Branch=3 df = swap(df,'a','Berkeley City',('a', set(['San Mateo'])))
DEBUG:root:Running df = swap(df,'a','Berkeley City',('a', set(['San Mateo']))) took 0.001451
DEBUG:root:Search Branch=4 df = swap(df,'a','San Francisco',('a', set(['San Mateo'])))
DEBUG:root:Running df = swap(df,'a','San Francisco',('a', set(['San Mateo']))) took 0.001436
DEBUG:root:Search Branch=5 df = swap(df,'a','Albany',('b', set(['SMO'])))
DEBUG:root:Running df = swap(df,'a','Albany',('b', set(['SMO']))) took 0.001191
DEBUG:root:Search Branch=6 df = swap(df,'a','San Jose',('b', set(['SMO'])))
DEBUG:root:Running df = swap(df,'a','San Jose',('b', set(['SMO']))) took 0.001159
DEBUG:root:Search Branch=7 df = swap(df,'a','New York',('b', set(['SMO'])))
DEBUG:root:Running df = swap(df,'a','New York',('b', set(['SMO']))) took 0.001107
DEBUG:root:Search Branch=8 df = swap(df,'a','Berkeley City',('b', set(['SMO'])))
DEBUG:root:Running df = swap(df,'a','Berkeley City',('b', set(['SMO']))) took 0.001248
DEBUG:root:Search Branch=9 df = swap(df,'a','San Francisco',('b', set(['SMO'])))
DEBUG:root:Running df = swap(df,'a','San Francisco',('b', set(['SMO']))) took 0.001116
DEBUG:root:Search Branch=10 df = swap(df,'a','San Mateo',('b', set(['SMO'])))
DEBUG:root:Running df = swap(df,'a','San Mateo',('b', set(['SMO']))) took 0.001133
DEBUG:root:Search Branch=11 df = swap(df,'a','Albany',('b', set(['SM'])))
DEBUG:root:Running df = swap(df,'a','Albany',('b', set(['SM']))) took 0.001123
DEBUG:root:Search Branch=12 df = swap(df,'a','San Jose',('b', set(['SM'])))
DEBUG:root:Running df = swap(df,'a','San Jose',('b', set(['SM']))) took 0.001096
DEBUG:root:Search Branch=13 df = swap(df,'a','New York',('b', set(['SM'])))
DEBUG:root:Running df = swap(df,'a','New York',('b', set(['SM']))) took 0.001123
DEBUG:root:Search Branch=14 df = swap(df,'a','Berkeley City',('b', set(['SM'])))
DEBUG:root:Running df = swap(df,'a','Berkeley City',('b', set(['SM']))) took 0.001207
DEBUG:root:Search Branch=15 df = swap(df,'a','San Francisco',('b', set(['SM'])))
DEBUG:root:Running df = swap(df,'a','San Francisco',('b', set(['SM']))) took 0.001076
DEBUG:root:Search Branch=16 df = swap(df,'a','San Mateo',('b', set(['SM'])))
DEBUG:root:Running df = swap(df,'a','San Mateo',('b', set(['SM']))) took 0.001105
DEBUG:root:Search Branch=17 df = swap(df,'b','AB',('a', set(['San Mateo'])))
DEBUG:root:Running df = swap(df,'b','AB',('a', set(['San Mateo']))) took 0.001447
DEBUG:root:Search Branch=18 df = swap(df,'b','SJ',('a', set(['San Mateo'])))
DEBUG:root:Running df = swap(df,'b','SJ',('a', set(['San Mateo']))) took 0.001416
DEBUG:root:Search Branch=19 df = swap(df,'b','Bk',('a', set(['San Mateo'])))
DEBUG:root:Running df = swap(df,'b','Bk',('a', set(['San Mateo']))) took 0.001422
DEBUG:root:Search Branch=20 df = swap(df,'b','SMO',('a', set(['San Mateo'])))
DEBUG:root:Running df = swap(df,'b','SMO',('a', set(['San Mateo']))) took 0.002887
DEBUG:root:Promoted Search Branch=20 df = swap(df,'b','SMO',('a', set(['San Mateo'])))
DEBUG:root:Search Branch=21 df = swap(df,'b','NY',('a', set(['San Mateo'])))
DEBUG:root:Running df = swap(df,'b','NY',('a', set(['San Mateo']))) took 0.001434
DEBUG:root:Search Branch=22 df = swap(df,'b','SM',('a', set(['San Mateo'])))
DEBUG:root:Running df = swap(df,'b','SM',('a', set(['San Mateo']))) took 0.001479
DEBUG:root:Search Branch=23 df = swap(df,'b','SF',('a', set(['San Mateo'])))
DEBUG:root:Running df = swap(df,'b','SF',('a', set(['San Mateo']))) took 0.001507
DEBUG:root:Search Branch=24 df = swap(df,'b','AB',('b', set(['SMO'])))
DEBUG:root:Running df = swap(df,'b','AB',('b', set(['SMO']))) took 0.001128
DEBUG:root:Search Branch=25 df = swap(df,'b','SJ',('b', set(['SMO'])))
DEBUG:root:Running df = swap(df,'b','SJ',('b', set(['SMO']))) took 0.001124
DEBUG:root:Search Branch=26 df = swap(df,'b','Bk',('b', set(['SMO'])))
DEBUG:root:Running df = swap(df,'b','Bk',('b', set(['SMO']))) took 0.001141
DEBUG:root:Search Branch=27 df = swap(df,'b','NY',('b', set(['SMO'])))
DEBUG:root:Running df = swap(df,'b','NY',('b', set(['SMO']))) took 0.001125
DEBUG:root:Search Branch=28 df = swap(df,'b','SM',('b', set(['SMO'])))
DEBUG:root:Running df = swap(df,'b','SM',('b', set(['SMO']))) took 0.001113
DEBUG:root:Search Branch=29 df = swap(df,'b','SF',('b', set(['SMO'])))
DEBUG:root:Running df = swap(df,'b','SF',('b', set(['SMO']))) took 0.001111
DEBUG:root:Search Branch=30 df = swap(df,'b','AB',('b', set(['SM'])))
DEBUG:root:Running df = swap(df,'b','AB',('b', set(['SM']))) took 0.001101
DEBUG:root:Search Branch=31 df = swap(df,'b','SJ',('b', set(['SM'])))
DEBUG:root:Running df = swap(df,'b','SJ',('b', set(['SM']))) took 0.001159
DEBUG:root:Search Branch=32 df = swap(df,'b','Bk',('b', set(['SM'])))
DEBUG:root:Running df = swap(df,'b','Bk',('b', set(['SM']))) took 0.001091
DEBUG:root:Search Branch=33 df = swap(df,'b','SMO',('b', set(['SM'])))
DEBUG:root:Running df = swap(df,'b','SMO',('b', set(['SM']))) took 0.001099
DEBUG:root:Search Branch=34 df = swap(df,'b','NY',('b', set(['SM'])))
DEBUG:root:Running df = swap(df,'b','NY',('b', set(['SM']))) took 0.001131
DEBUG:root:Search Branch=35 df = swap(df,'b','SF',('b', set(['SM'])))
DEBUG:root:Running df = swap(df,'b','SF',('b', set(['SM']))) took 0.001104
DEBUG:root:Search Branch=36 
DEBUG:root:Running  took 9.7e-05
DEBUG:root:Search Depth=2 took 1.579756
DEBUG:root:Search  took 9.885138
DEBUG:root:Running df = swap(df,'b','SF',('a', set(['San Francisco'])))
df = swap(df,'a','New York',('a', set(['New Yorks'])))
df = swap(df,'b','SMO',('a', set(['San Mateo']))) took 0.001245
