WARNING:root:Logs saved in 5PTLNTMYM5.log
DEBUG:root:Starting the search algorithm with the following config: (11, 2) {'pattern': {'operations': [<class 'alphaclean.ops.Delete'>], 'similarity': {}, 'edit': 1, 'w2v': 'resources/GoogleNews-vectors-negative300.bin', 'depth': 10, 'gamma': 5}, 'dependency': {'operations': [<class 'alphaclean.ops.Swap'>], 'similarity': {'a': 'jaccard'}, 'edit': 1, 'w2v': 'resources/GoogleNews-vectors-negative300.bin', 'depth': 3, 'gamma': 5}}
DEBUG:root:Enforcing dependency constraint=<alphaclean.constraints.Constraint object at 0x10d260350>
DEBUG:root:Search Depth=0
DEBUG:root:Predicate Sampler has 9
DEBUG:root:Predicate Sampler has 9
DEBUG:root:Library generator created 127 operations
DEBUG:root:Search Branch=0 df = swap(df,'a','Albany',('a', set(['San Francisco'])))
DEBUG:root:Running df = swap(df,'a','Albany',('a', set(['San Francisco']))) took 45.48379
DEBUG:root:Promoted Search Branch=0 df = swap(df,'a','Albany',('a', set(['San Francisco'])))
DEBUG:root:Search Branch=1 df = swap(df,'a','New Yorks',('a', set(['San Francisco'])))
DEBUG:root:Running df = swap(df,'a','New Yorks',('a', set(['San Francisco']))) took 13.46777
DEBUG:root:Promoted Search Branch=1 df = swap(df,'a','New Yorks',('a', set(['San Francisco'])))
DEBUG:root:Search Branch=2 df = swap(df,'a','San Jose',('a', set(['San Francisco'])))
DEBUG:root:Running df = swap(df,'a','San Jose',('a', set(['San Francisco']))) took 3.10737
DEBUG:root:Promoted Search Branch=2 df = swap(df,'a','San Jose',('a', set(['San Francisco'])))
DEBUG:root:Search Branch=3 df = swap(df,'a','New York',('a', set(['San Francisco'])))
WARNING:root:Error in Search Branch=3 df = swap(df,'a','New York',('a', set(['San Francisco'])))
DEBUG:root:Search Branch=4 df = swap(df,'a','Berkeley City',('a', set(['San Francisco'])))
WARNING:root:Error in Search Branch=4 df = swap(df,'a','Berkeley City',('a', set(['San Francisco'])))
DEBUG:root:Search Branch=5 df = swap(df,'a','San Mateo',('a', set(['San Francisco'])))
WARNING:root:Error in Search Branch=5 df = swap(df,'a','San Mateo',('a', set(['San Francisco'])))
DEBUG:root:Search Branch=6 df = swap(df,'a','Albany',('a', set(['New Yorks'])))
WARNING:root:Error in Search Branch=6 df = swap(df,'a','Albany',('a', set(['New Yorks'])))
DEBUG:root:Search Branch=7 df = swap(df,'a','San Jose',('a', set(['New Yorks'])))
WARNING:root:Error in Search Branch=7 df = swap(df,'a','San Jose',('a', set(['New Yorks'])))
DEBUG:root:Search Branch=8 df = swap(df,'a','New York',('a', set(['New Yorks'])))
WARNING:root:Error in Search Branch=8 df = swap(df,'a','New York',('a', set(['New Yorks'])))
DEBUG:root:Search Branch=9 df = swap(df,'a','Berkeley City',('a', set(['New Yorks'])))
WARNING:root:Error in Search Branch=9 df = swap(df,'a','Berkeley City',('a', set(['New Yorks'])))
DEBUG:root:Search Branch=10 df = swap(df,'a','San Francisco',('a', set(['New Yorks'])))
WARNING:root:Error in Search Branch=10 df = swap(df,'a','San Francisco',('a', set(['New Yorks'])))
DEBUG:root:Search Branch=11 df = swap(df,'a','San Mateo',('a', set(['New Yorks'])))
WARNING:root:Error in Search Branch=11 df = swap(df,'a','San Mateo',('a', set(['New Yorks'])))
DEBUG:root:Search Branch=12 df = swap(df,'a','Albany',('a', set(['San Mateo'])))
WARNING:root:Error in Search Branch=12 df = swap(df,'a','Albany',('a', set(['San Mateo'])))
DEBUG:root:Search Branch=13 df = swap(df,'a','New Yorks',('a', set(['San Mateo'])))
WARNING:root:Error in Search Branch=13 df = swap(df,'a','New Yorks',('a', set(['San Mateo'])))
DEBUG:root:Search Branch=14 df = swap(df,'a','San Jose',('a', set(['San Mateo'])))
WARNING:root:Error in Search Branch=14 df = swap(df,'a','San Jose',('a', set(['San Mateo'])))
DEBUG:root:Search Branch=15 df = swap(df,'a','New York',('a', set(['San Mateo'])))
WARNING:root:Error in Search Branch=15 df = swap(df,'a','New York',('a', set(['San Mateo'])))
DEBUG:root:Search Branch=16 df = swap(df,'a','Berkeley City',('a', set(['San Mateo'])))
WARNING:root:Error in Search Branch=16 df = swap(df,'a','Berkeley City',('a', set(['San Mateo'])))
DEBUG:root:Search Branch=17 df = swap(df,'a','San Francisco',('a', set(['San Mateo'])))
WARNING:root:Error in Search Branch=17 df = swap(df,'a','San Francisco',('a', set(['San Mateo'])))
DEBUG:root:Search Branch=18 df = swap(df,'a','Albany',('a', set(['New York'])))
WARNING:root:Error in Search Branch=18 df = swap(df,'a','Albany',('a', set(['New York'])))
DEBUG:root:Search Branch=19 df = swap(df,'a','New Yorks',('a', set(['New York'])))
WARNING:root:Error in Search Branch=19 df = swap(df,'a','New Yorks',('a', set(['New York'])))
DEBUG:root:Search Branch=20 df = swap(df,'a','San Jose',('a', set(['New York'])))
WARNING:root:Error in Search Branch=20 df = swap(df,'a','San Jose',('a', set(['New York'])))
DEBUG:root:Search Branch=21 df = swap(df,'a','Berkeley City',('a', set(['New York'])))
WARNING:root:Error in Search Branch=21 df = swap(df,'a','Berkeley City',('a', set(['New York'])))
DEBUG:root:Search Branch=22 df = swap(df,'a','San Francisco',('a', set(['New York'])))
WARNING:root:Error in Search Branch=22 df = swap(df,'a','San Francisco',('a', set(['New York'])))
DEBUG:root:Search Branch=23 df = swap(df,'a','San Mateo',('a', set(['New York'])))
WARNING:root:Error in Search Branch=23 df = swap(df,'a','San Mateo',('a', set(['New York'])))
DEBUG:root:Search Branch=24 df = swap(df,'a','Albany',('b', set(['SMO'])))
WARNING:root:Error in Search Branch=24 df = swap(df,'a','Albany',('b', set(['SMO'])))
DEBUG:root:Search Branch=25 df = swap(df,'a','New Yorks',('b', set(['SMO'])))
WARNING:root:Error in Search Branch=25 df = swap(df,'a','New Yorks',('b', set(['SMO'])))
DEBUG:root:Search Branch=26 df = swap(df,'a','San Jose',('b', set(['SMO'])))
WARNING:root:Error in Search Branch=26 df = swap(df,'a','San Jose',('b', set(['SMO'])))
DEBUG:root:Search Branch=27 df = swap(df,'a','New York',('b', set(['SMO'])))
WARNING:root:Error in Search Branch=27 df = swap(df,'a','New York',('b', set(['SMO'])))
DEBUG:root:Search Branch=28 df = swap(df,'a','Berkeley City',('b', set(['SMO'])))
WARNING:root:Error in Search Branch=28 df = swap(df,'a','Berkeley City',('b', set(['SMO'])))
DEBUG:root:Search Branch=29 df = swap(df,'a','San Francisco',('b', set(['SMO'])))
WARNING:root:Error in Search Branch=29 df = swap(df,'a','San Francisco',('b', set(['SMO'])))
DEBUG:root:Search Branch=30 df = swap(df,'a','San Mateo',('b', set(['SMO'])))
WARNING:root:Error in Search Branch=30 df = swap(df,'a','San Mateo',('b', set(['SMO'])))
DEBUG:root:Search Branch=31 df = swap(df,'a','Albany',('b', set(['NY'])))
WARNING:root:Error in Search Branch=31 df = swap(df,'a','Albany',('b', set(['NY'])))
DEBUG:root:Search Branch=32 df = swap(df,'a','New Yorks',('b', set(['NY'])))
WARNING:root:Error in Search Branch=32 df = swap(df,'a','New Yorks',('b', set(['NY'])))
DEBUG:root:Search Branch=33 df = swap(df,'a','San Jose',('b', set(['NY'])))
WARNING:root:Error in Search Branch=33 df = swap(df,'a','San Jose',('b', set(['NY'])))
DEBUG:root:Search Branch=34 df = swap(df,'a','New York',('b', set(['NY'])))
WARNING:root:Error in Search Branch=34 df = swap(df,'a','New York',('b', set(['NY'])))
DEBUG:root:Search Branch=35 df = swap(df,'a','Berkeley City',('b', set(['NY'])))
DEBUG:root:Running df = swap(df,'a','Berkeley City',('b', set(['NY']))) took 0.867999
DEBUG:root:Search Branch=36 df = swap(df,'a','San Francisco',('b', set(['NY'])))
DEBUG:root:Running df = swap(df,'a','San Francisco',('b', set(['NY']))) took 0.631839
DEBUG:root:Search Branch=37 df = swap(df,'a','San Mateo',('b', set(['NY'])))
WARNING:root:Error in Search Branch=37 df = swap(df,'a','San Mateo',('b', set(['NY'])))
DEBUG:root:Search Branch=38 df = swap(df,'a','Albany',('b', set(['SF'])))
WARNING:root:Error in Search Branch=38 df = swap(df,'a','Albany',('b', set(['SF'])))
DEBUG:root:Search Branch=39 df = swap(df,'a','New Yorks',('b', set(['SF'])))
WARNING:root:Error in Search Branch=39 df = swap(df,'a','New Yorks',('b', set(['SF'])))
DEBUG:root:Search Branch=40 df = swap(df,'a','San Jose',('b', set(['SF'])))
WARNING:root:Error in Search Branch=40 df = swap(df,'a','San Jose',('b', set(['SF'])))
DEBUG:root:Search Branch=41 df = swap(df,'a','New York',('b', set(['SF'])))
WARNING:root:Error in Search Branch=41 df = swap(df,'a','New York',('b', set(['SF'])))
DEBUG:root:Search Branch=42 df = swap(df,'a','Berkeley City',('b', set(['SF'])))
WARNING:root:Error in Search Branch=42 df = swap(df,'a','Berkeley City',('b', set(['SF'])))
DEBUG:root:Search Branch=43 df = swap(df,'a','San Francisco',('b', set(['SF'])))
WARNING:root:Error in Search Branch=43 df = swap(df,'a','San Francisco',('b', set(['SF'])))
DEBUG:root:Search Branch=44 df = swap(df,'a','San Mateo',('b', set(['SF'])))
WARNING:root:Error in Search Branch=44 df = swap(df,'a','San Mateo',('b', set(['SF'])))
DEBUG:root:Search Branch=45 df = swap(df,'a','Albany',('b', set(['SM'])))
WARNING:root:Error in Search Branch=45 df = swap(df,'a','Albany',('b', set(['SM'])))
DEBUG:root:Search Branch=46 df = swap(df,'a','New Yorks',('b', set(['SM'])))
WARNING:root:Error in Search Branch=46 df = swap(df,'a','New Yorks',('b', set(['SM'])))
DEBUG:root:Search Branch=47 df = swap(df,'a','San Jose',('b', set(['SM'])))
WARNING:root:Error in Search Branch=47 df = swap(df,'a','San Jose',('b', set(['SM'])))
DEBUG:root:Search Branch=48 df = swap(df,'a','New York',('b', set(['SM'])))
WARNING:root:Error in Search Branch=48 df = swap(df,'a','New York',('b', set(['SM'])))
DEBUG:root:Search Branch=49 df = swap(df,'a','Berkeley City',('b', set(['SM'])))
WARNING:root:Error in Search Branch=49 df = swap(df,'a','Berkeley City',('b', set(['SM'])))
DEBUG:root:Search Branch=50 df = swap(df,'a','San Francisco',('b', set(['SM'])))
WARNING:root:Error in Search Branch=50 df = swap(df,'a','San Francisco',('b', set(['SM'])))
DEBUG:root:Search Branch=51 df = swap(df,'a','San Mateo',('b', set(['SM'])))
WARNING:root:Error in Search Branch=51 df = swap(df,'a','San Mateo',('b', set(['SM'])))
DEBUG:root:Search Branch=52 df = swap(df,'a','Albany',('b', set(['SFO'])))
WARNING:root:Error in Search Branch=52 df = swap(df,'a','Albany',('b', set(['SFO'])))
DEBUG:root:Search Branch=53 df = swap(df,'a','New Yorks',('b', set(['SFO'])))
WARNING:root:Error in Search Branch=53 df = swap(df,'a','New Yorks',('b', set(['SFO'])))
DEBUG:root:Search Branch=54 df = swap(df,'a','San Jose',('b', set(['SFO'])))
WARNING:root:Error in Search Branch=54 df = swap(df,'a','San Jose',('b', set(['SFO'])))
DEBUG:root:Search Branch=55 df = swap(df,'a','New York',('b', set(['SFO'])))
WARNING:root:Error in Search Branch=55 df = swap(df,'a','New York',('b', set(['SFO'])))
DEBUG:root:Search Branch=56 df = swap(df,'a','Berkeley City',('b', set(['SFO'])))
WARNING:root:Error in Search Branch=56 df = swap(df,'a','Berkeley City',('b', set(['SFO'])))
DEBUG:root:Search Branch=57 df = swap(df,'a','San Francisco',('b', set(['SFO'])))
WARNING:root:Error in Search Branch=57 df = swap(df,'a','San Francisco',('b', set(['SFO'])))
DEBUG:root:Search Branch=58 df = swap(df,'a','San Mateo',('b', set(['SFO'])))
WARNING:root:Error in Search Branch=58 df = swap(df,'a','San Mateo',('b', set(['SFO'])))
DEBUG:root:Search Branch=59 df = swap(df,'b','AB',('a', set(['San Francisco'])))
WARNING:root:Error in Search Branch=59 df = swap(df,'b','AB',('a', set(['San Francisco'])))
DEBUG:root:Search Branch=60 df = swap(df,'b','NY',('a', set(['San Francisco'])))
WARNING:root:Error in Search Branch=60 df = swap(df,'b','NY',('a', set(['San Francisco'])))
DEBUG:root:Search Branch=61 df = swap(df,'b','Bk',('a', set(['San Francisco'])))
WARNING:root:Error in Search Branch=61 df = swap(df,'b','Bk',('a', set(['San Francisco'])))
DEBUG:root:Search Branch=62 df = swap(df,'b','SMO',('a', set(['San Francisco'])))
WARNING:root:Error in Search Branch=62 df = swap(df,'b','SMO',('a', set(['San Francisco'])))
DEBUG:root:Search Branch=63 df = swap(df,'b','SFO',('a', set(['San Francisco'])))
WARNING:root:Error in Search Branch=63 df = swap(df,'b','SFO',('a', set(['San Francisco'])))
DEBUG:root:Search Branch=64 df = swap(df,'b','SM',('a', set(['San Francisco'])))
WARNING:root:Error in Search Branch=64 df = swap(df,'b','SM',('a', set(['San Francisco'])))
DEBUG:root:Search Branch=65 df = swap(df,'b','SJ',('a', set(['San Francisco'])))
WARNING:root:Error in Search Branch=65 df = swap(df,'b','SJ',('a', set(['San Francisco'])))
DEBUG:root:Search Branch=66 df = swap(df,'b','SF',('a', set(['San Francisco'])))
WARNING:root:Error in Search Branch=66 df = swap(df,'b','SF',('a', set(['San Francisco'])))
DEBUG:root:Search Branch=67 df = swap(df,'b','AB',('a', set(['New Yorks'])))
WARNING:root:Error in Search Branch=67 df = swap(df,'b','AB',('a', set(['New Yorks'])))
DEBUG:root:Search Branch=68 df = swap(df,'b','NY',('a', set(['New Yorks'])))
WARNING:root:Error in Search Branch=68 df = swap(df,'b','NY',('a', set(['New Yorks'])))
DEBUG:root:Search Branch=69 df = swap(df,'b','Bk',('a', set(['New Yorks'])))
WARNING:root:Error in Search Branch=69 df = swap(df,'b','Bk',('a', set(['New Yorks'])))
DEBUG:root:Search Branch=70 df = swap(df,'b','SMO',('a', set(['New Yorks'])))
WARNING:root:Error in Search Branch=70 df = swap(df,'b','SMO',('a', set(['New Yorks'])))
DEBUG:root:Search Branch=71 df = swap(df,'b','SFO',('a', set(['New Yorks'])))
WARNING:root:Error in Search Branch=71 df = swap(df,'b','SFO',('a', set(['New Yorks'])))
DEBUG:root:Search Branch=72 df = swap(df,'b','SM',('a', set(['New Yorks'])))
WARNING:root:Error in Search Branch=72 df = swap(df,'b','SM',('a', set(['New Yorks'])))
DEBUG:root:Search Branch=73 df = swap(df,'b','SJ',('a', set(['New Yorks'])))
WARNING:root:Error in Search Branch=73 df = swap(df,'b','SJ',('a', set(['New Yorks'])))
DEBUG:root:Search Branch=74 df = swap(df,'b','SF',('a', set(['New Yorks'])))
WARNING:root:Error in Search Branch=74 df = swap(df,'b','SF',('a', set(['New Yorks'])))
DEBUG:root:Search Branch=75 df = swap(df,'b','AB',('a', set(['San Mateo'])))
WARNING:root:Error in Search Branch=75 df = swap(df,'b','AB',('a', set(['San Mateo'])))
DEBUG:root:Search Branch=76 df = swap(df,'b','NY',('a', set(['San Mateo'])))
WARNING:root:Error in Search Branch=76 df = swap(df,'b','NY',('a', set(['San Mateo'])))
DEBUG:root:Search Branch=77 df = swap(df,'b','Bk',('a', set(['San Mateo'])))
WARNING:root:Error in Search Branch=77 df = swap(df,'b','Bk',('a', set(['San Mateo'])))
DEBUG:root:Search Branch=78 df = swap(df,'b','SMO',('a', set(['San Mateo'])))
WARNING:root:Error in Search Branch=78 df = swap(df,'b','SMO',('a', set(['San Mateo'])))
DEBUG:root:Search Branch=79 df = swap(df,'b','SFO',('a', set(['San Mateo'])))
WARNING:root:Error in Search Branch=79 df = swap(df,'b','SFO',('a', set(['San Mateo'])))
DEBUG:root:Search Branch=80 df = swap(df,'b','SM',('a', set(['San Mateo'])))
WARNING:root:Error in Search Branch=80 df = swap(df,'b','SM',('a', set(['San Mateo'])))
DEBUG:root:Search Branch=81 df = swap(df,'b','SJ',('a', set(['San Mateo'])))
WARNING:root:Error in Search Branch=81 df = swap(df,'b','SJ',('a', set(['San Mateo'])))
DEBUG:root:Search Branch=82 df = swap(df,'b','SF',('a', set(['San Mateo'])))
WARNING:root:Error in Search Branch=82 df = swap(df,'b','SF',('a', set(['San Mateo'])))
DEBUG:root:Search Branch=83 df = swap(df,'b','AB',('a', set(['New York'])))
WARNING:root:Error in Search Branch=83 df = swap(df,'b','AB',('a', set(['New York'])))
DEBUG:root:Search Branch=84 df = swap(df,'b','NY',('a', set(['New York'])))
WARNING:root:Error in Search Branch=84 df = swap(df,'b','NY',('a', set(['New York'])))
DEBUG:root:Search Branch=85 df = swap(df,'b','Bk',('a', set(['New York'])))
WARNING:root:Error in Search Branch=85 df = swap(df,'b','Bk',('a', set(['New York'])))
DEBUG:root:Search Branch=86 df = swap(df,'b','SMO',('a', set(['New York'])))
WARNING:root:Error in Search Branch=86 df = swap(df,'b','SMO',('a', set(['New York'])))
DEBUG:root:Search Branch=87 df = swap(df,'b','SFO',('a', set(['New York'])))
WARNING:root:Error in Search Branch=87 df = swap(df,'b','SFO',('a', set(['New York'])))
DEBUG:root:Search Branch=88 df = swap(df,'b','SM',('a', set(['New York'])))
WARNING:root:Error in Search Branch=88 df = swap(df,'b','SM',('a', set(['New York'])))
DEBUG:root:Search Branch=89 df = swap(df,'b','SJ',('a', set(['New York'])))
WARNING:root:Error in Search Branch=89 df = swap(df,'b','SJ',('a', set(['New York'])))
DEBUG:root:Search Branch=90 df = swap(df,'b','SF',('a', set(['New York'])))
WARNING:root:Error in Search Branch=90 df = swap(df,'b','SF',('a', set(['New York'])))
DEBUG:root:Search Branch=91 df = swap(df,'b','AB',('b', set(['SMO'])))
WARNING:root:Error in Search Branch=91 df = swap(df,'b','AB',('b', set(['SMO'])))
DEBUG:root:Search Branch=92 df = swap(df,'b','NY',('b', set(['SMO'])))
WARNING:root:Error in Search Branch=92 df = swap(df,'b','NY',('b', set(['SMO'])))
DEBUG:root:Search Branch=93 df = swap(df,'b','Bk',('b', set(['SMO'])))
WARNING:root:Error in Search Branch=93 df = swap(df,'b','Bk',('b', set(['SMO'])))
DEBUG:root:Search Branch=94 df = swap(df,'b','SFO',('b', set(['SMO'])))
