WARNING:root:Logs saved in UG5XUE223F.log
DEBUG:root:Starting the search algorithm with the following config: (11, 2) {'pattern': {'operations': [<class 'alphaclean.ops.Delete'>], 'similarity': {}, 'edit': 1, 'w2v': 'resources/GoogleNews-vectors-negative300.bin', 'depth': 10, 'gamma': 5}, 'dependency': {'operations': [<class 'alphaclean.ops.Swap'>], 'similarity': {'a': 'jaccard'}, 'edit': 1, 'w2v': 'resources/GoogleNews-vectors-negative300.bin', 'depth': 3, 'gamma': 5}}
DEBUG:root:Enforcing dependency constraint=<alphaclean.constraints.Constraint object at 0x10ff9f350>
DEBUG:root:Search Depth=0
DEBUG:root:Predicate Sampler has 9
DEBUG:root:Predicate Sampler has 9
DEBUG:root:Library generator created 127 operations
DEBUG:root:Search Branch=0 df = swap(df,'a','Albany',('a', set(['San Francisco'])))
DEBUG:root:Running df = swap(df,'a','Albany',('a', set(['San Francisco']))) took 0.001816
DEBUG:root:Promoted Search Branch=0 df = swap(df,'a','Albany',('a', set(['San Francisco'])))
DEBUG:root:Search Branch=1 df = swap(df,'a','New Yorks',('a', set(['San Francisco'])))
DEBUG:root:Running df = swap(df,'a','New Yorks',('a', set(['San Francisco']))) took 0.001751
DEBUG:root:Promoted Search Branch=1 df = swap(df,'a','New Yorks',('a', set(['San Francisco'])))
DEBUG:root:Search Branch=2 df = swap(df,'a','San Jose',('a', set(['San Francisco'])))
DEBUG:root:Running df = swap(df,'a','San Jose',('a', set(['San Francisco']))) took 0.001933
DEBUG:root:Promoted Search Branch=2 df = swap(df,'a','San Jose',('a', set(['San Francisco'])))
DEBUG:root:Search Branch=3 df = swap(df,'a','New York',('a', set(['San Francisco'])))
DEBUG:root:Running df = swap(df,'a','New York',('a', set(['San Francisco']))) took 0.001778
DEBUG:root:Search Branch=4 df = swap(df,'a','Berkeley City',('a', set(['San Francisco'])))
DEBUG:root:Running df = swap(df,'a','Berkeley City',('a', set(['San Francisco']))) took 0.001746
DEBUG:root:Search Branch=5 df = swap(df,'a','San Mateo',('a', set(['San Francisco'])))
DEBUG:root:Running df = swap(df,'a','San Mateo',('a', set(['San Francisco']))) took 0.001859
DEBUG:root:Search Branch=6 df = swap(df,'a','Albany',('a', set(['New Yorks'])))
DEBUG:root:Running df = swap(df,'a','Albany',('a', set(['New Yorks']))) took 0.001326
DEBUG:root:Promoted Search Branch=6 df = swap(df,'a','Albany',('a', set(['New Yorks'])))
DEBUG:root:Search Branch=7 df = swap(df,'a','San Jose',('a', set(['New Yorks'])))
DEBUG:root:Running df = swap(df,'a','San Jose',('a', set(['New Yorks']))) took 0.001118
DEBUG:root:Search Branch=8 df = swap(df,'a','New York',('a', set(['New Yorks'])))
DEBUG:root:Running df = swap(df,'a','New York',('a', set(['New Yorks']))) took 0.001186
DEBUG:root:Promoted Search Branch=8 df = swap(df,'a','New York',('a', set(['New Yorks'])))
DEBUG:root:Search Branch=9 df = swap(df,'a','Berkeley City',('a', set(['New Yorks'])))
DEBUG:root:Running df = swap(df,'a','Berkeley City',('a', set(['New Yorks']))) took 0.001122
DEBUG:root:Search Branch=10 df = swap(df,'a','San Francisco',('a', set(['New Yorks'])))
DEBUG:root:Running df = swap(df,'a','San Francisco',('a', set(['New Yorks']))) took 0.001208
DEBUG:root:Search Branch=11 df = swap(df,'a','San Mateo',('a', set(['New Yorks'])))
DEBUG:root:Running df = swap(df,'a','San Mateo',('a', set(['New Yorks']))) took 0.00123
DEBUG:root:Search Branch=12 df = swap(df,'a','Albany',('a', set(['San Mateo'])))
DEBUG:root:Running df = swap(df,'a','Albany',('a', set(['San Mateo']))) took 0.001421
DEBUG:root:Search Branch=13 df = swap(df,'a','New Yorks',('a', set(['San Mateo'])))
DEBUG:root:Running df = swap(df,'a','New Yorks',('a', set(['San Mateo']))) took 0.001465
DEBUG:root:Search Branch=14 df = swap(df,'a','San Jose',('a', set(['San Mateo'])))
DEBUG:root:Running df = swap(df,'a','San Jose',('a', set(['San Mateo']))) took 0.00146
DEBUG:root:Search Branch=15 df = swap(df,'a','New York',('a', set(['San Mateo'])))
DEBUG:root:Running df = swap(df,'a','New York',('a', set(['San Mateo']))) took 0.001431
DEBUG:root:Search Branch=16 df = swap(df,'a','Berkeley City',('a', set(['San Mateo'])))
DEBUG:root:Running df = swap(df,'a','Berkeley City',('a', set(['San Mateo']))) took 0.001562
DEBUG:root:Search Branch=17 df = swap(df,'a','San Francisco',('a', set(['San Mateo'])))
DEBUG:root:Running df = swap(df,'a','San Francisco',('a', set(['San Mateo']))) took 0.001665
DEBUG:root:Search Branch=18 df = swap(df,'a','Albany',('a', set(['New York'])))
DEBUG:root:Running df = swap(df,'a','Albany',('a', set(['New York']))) took 0.002386
DEBUG:root:Search Branch=19 df = swap(df,'a','New Yorks',('a', set(['New York'])))
DEBUG:root:Running df = swap(df,'a','New Yorks',('a', set(['New York']))) took 0.001476
DEBUG:root:Search Branch=20 df = swap(df,'a','San Jose',('a', set(['New York'])))
DEBUG:root:Running df = swap(df,'a','San Jose',('a', set(['New York']))) took 0.001466
DEBUG:root:Search Branch=21 df = swap(df,'a','Berkeley City',('a', set(['New York'])))
DEBUG:root:Running df = swap(df,'a','Berkeley City',('a', set(['New York']))) took 0.00154
DEBUG:root:Search Branch=22 df = swap(df,'a','San Francisco',('a', set(['New York'])))
DEBUG:root:Running df = swap(df,'a','San Francisco',('a', set(['New York']))) took 0.001439
DEBUG:root:Search Branch=23 df = swap(df,'a','San Mateo',('a', set(['New York'])))
DEBUG:root:Running df = swap(df,'a','San Mateo',('a', set(['New York']))) took 0.001475
DEBUG:root:Search Branch=24 df = swap(df,'a','Albany',('b', set(['SMO'])))
DEBUG:root:Running df = swap(df,'a','Albany',('b', set(['SMO']))) took 0.001148
DEBUG:root:Search Branch=25 df = swap(df,'a','New Yorks',('b', set(['SMO'])))
DEBUG:root:Running df = swap(df,'a','New Yorks',('b', set(['SMO']))) took 0.001138
DEBUG:root:Search Branch=26 df = swap(df,'a','San Jose',('b', set(['SMO'])))
DEBUG:root:Running df = swap(df,'a','San Jose',('b', set(['SMO']))) took 0.00113
DEBUG:root:Search Branch=27 df = swap(df,'a','New York',('b', set(['SMO'])))
DEBUG:root:Running df = swap(df,'a','New York',('b', set(['SMO']))) took 0.001253
DEBUG:root:Search Branch=28 df = swap(df,'a','Berkeley City',('b', set(['SMO'])))
DEBUG:root:Running df = swap(df,'a','Berkeley City',('b', set(['SMO']))) took 0.001445
DEBUG:root:Search Branch=29 df = swap(df,'a','San Francisco',('b', set(['SMO'])))
DEBUG:root:Running df = swap(df,'a','San Francisco',('b', set(['SMO']))) took 0.001114
DEBUG:root:Search Branch=30 df = swap(df,'a','San Mateo',('b', set(['SMO'])))
DEBUG:root:Running df = swap(df,'a','San Mateo',('b', set(['SMO']))) took 0.001128
DEBUG:root:Search Branch=31 df = swap(df,'a','Albany',('b', set(['NY'])))
DEBUG:root:Running df = swap(df,'a','Albany',('b', set(['NY']))) took 0.00232
DEBUG:root:Search Branch=32 df = swap(df,'a','New Yorks',('b', set(['NY'])))
DEBUG:root:Running df = swap(df,'a','New Yorks',('b', set(['NY']))) took 0.001769
DEBUG:root:Search Branch=33 df = swap(df,'a','San Jose',('b', set(['NY'])))
DEBUG:root:Running df = swap(df,'a','San Jose',('b', set(['NY']))) took 0.001832
DEBUG:root:Search Branch=34 df = swap(df,'a','New York',('b', set(['NY'])))
DEBUG:root:Running df = swap(df,'a','New York',('b', set(['NY']))) took 0.001954
DEBUG:root:Search Branch=35 df = swap(df,'a','Berkeley City',('b', set(['NY'])))
DEBUG:root:Running df = swap(df,'a','Berkeley City',('b', set(['NY']))) took 0.001772
DEBUG:root:Search Branch=36 df = swap(df,'a','San Francisco',('b', set(['NY'])))
DEBUG:root:Running df = swap(df,'a','San Francisco',('b', set(['NY']))) took 0.003303
DEBUG:root:Search Branch=37 df = swap(df,'a','San Mateo',('b', set(['NY'])))
DEBUG:root:Running df = swap(df,'a','San Mateo',('b', set(['NY']))) took 0.001832
DEBUG:root:Search Branch=38 df = swap(df,'a','Albany',('b', set(['SF'])))
DEBUG:root:Running df = swap(df,'a','Albany',('b', set(['SF']))) took 0.001561
DEBUG:root:Search Branch=39 df = swap(df,'a','New Yorks',('b', set(['SF'])))
DEBUG:root:Running df = swap(df,'a','New Yorks',('b', set(['SF']))) took 0.001716
DEBUG:root:Search Branch=40 df = swap(df,'a','San Jose',('b', set(['SF'])))
DEBUG:root:Running df = swap(df,'a','San Jose',('b', set(['SF']))) took 0.001448
DEBUG:root:Search Branch=41 df = swap(df,'a','New York',('b', set(['SF'])))
DEBUG:root:Running df = swap(df,'a','New York',('b', set(['SF']))) took 0.001452
DEBUG:root:Search Branch=42 df = swap(df,'a','Berkeley City',('b', set(['SF'])))
DEBUG:root:Running df = swap(df,'a','Berkeley City',('b', set(['SF']))) took 0.001519
DEBUG:root:Search Branch=43 df = swap(df,'a','San Francisco',('b', set(['SF'])))
DEBUG:root:Running df = swap(df,'a','San Francisco',('b', set(['SF']))) took 0.001454
DEBUG:root:Search Branch=44 df = swap(df,'a','San Mateo',('b', set(['SF'])))
DEBUG:root:Running df = swap(df,'a','San Mateo',('b', set(['SF']))) took 0.001555
DEBUG:root:Search Branch=45 df = swap(df,'a','Albany',('b', set(['SM'])))
DEBUG:root:Running df = swap(df,'a','Albany',('b', set(['SM']))) took 0.001245
DEBUG:root:Search Branch=46 df = swap(df,'a','New Yorks',('b', set(['SM'])))
DEBUG:root:Running df = swap(df,'a','New Yorks',('b', set(['SM']))) took 0.001146
DEBUG:root:Search Branch=47 df = swap(df,'a','San Jose',('b', set(['SM'])))
DEBUG:root:Running df = swap(df,'a','San Jose',('b', set(['SM']))) took 0.001114
DEBUG:root:Search Branch=48 df = swap(df,'a','New York',('b', set(['SM'])))
DEBUG:root:Running df = swap(df,'a','New York',('b', set(['SM']))) took 0.001113
DEBUG:root:Search Branch=49 df = swap(df,'a','Berkeley City',('b', set(['SM'])))
DEBUG:root:Running df = swap(df,'a','Berkeley City',('b', set(['SM']))) took 0.001105
DEBUG:root:Search Branch=50 df = swap(df,'a','San Francisco',('b', set(['SM'])))
DEBUG:root:Running df = swap(df,'a','San Francisco',('b', set(['SM']))) took 0.001329
DEBUG:root:Search Branch=51 df = swap(df,'a','San Mateo',('b', set(['SM'])))
DEBUG:root:Running df = swap(df,'a','San Mateo',('b', set(['SM']))) took 0.001135
DEBUG:root:Search Branch=52 df = swap(df,'a','Albany',('b', set(['SFO'])))
DEBUG:root:Running df = swap(df,'a','Albany',('b', set(['SFO']))) took 0.00113
DEBUG:root:Search Branch=53 df = swap(df,'a','New Yorks',('b', set(['SFO'])))
DEBUG:root:Running df = swap(df,'a','New Yorks',('b', set(['SFO']))) took 0.001155
DEBUG:root:Search Branch=54 df = swap(df,'a','San Jose',('b', set(['SFO'])))
DEBUG:root:Running df = swap(df,'a','San Jose',('b', set(['SFO']))) took 0.001296
DEBUG:root:Search Branch=55 df = swap(df,'a','New York',('b', set(['SFO'])))
DEBUG:root:Running df = swap(df,'a','New York',('b', set(['SFO']))) took 0.001137
DEBUG:root:Search Branch=56 df = swap(df,'a','Berkeley City',('b', set(['SFO'])))
DEBUG:root:Running df = swap(df,'a','Berkeley City',('b', set(['SFO']))) took 0.001233
DEBUG:root:Search Branch=57 df = swap(df,'a','San Francisco',('b', set(['SFO'])))
DEBUG:root:Running df = swap(df,'a','San Francisco',('b', set(['SFO']))) took 0.001141
DEBUG:root:Search Branch=58 df = swap(df,'a','San Mateo',('b', set(['SFO'])))
DEBUG:root:Running df = swap(df,'a','San Mateo',('b', set(['SFO']))) took 0.001121
DEBUG:root:Search Branch=59 df = swap(df,'b','AB',('a', set(['San Francisco'])))
DEBUG:root:Running df = swap(df,'b','AB',('a', set(['San Francisco']))) took 0.001752
DEBUG:root:Search Branch=60 df = swap(df,'b','NY',('a', set(['San Francisco'])))
DEBUG:root:Running df = swap(df,'b','NY',('a', set(['San Francisco']))) took 0.001906
DEBUG:root:Search Branch=61 df = swap(df,'b','Bk',('a', set(['San Francisco'])))
DEBUG:root:Running df = swap(df,'b','Bk',('a', set(['San Francisco']))) took 0.002077
DEBUG:root:Search Branch=62 df = swap(df,'b','SMO',('a', set(['San Francisco'])))
DEBUG:root:Running df = swap(df,'b','SMO',('a', set(['San Francisco']))) took 0.001747
DEBUG:root:Search Branch=63 df = swap(df,'b','SFO',('a', set(['San Francisco'])))
DEBUG:root:Running df = swap(df,'b','SFO',('a', set(['San Francisco']))) took 0.00189
DEBUG:root:Search Branch=64 df = swap(df,'b','SM',('a', set(['San Francisco'])))
DEBUG:root:Running df = swap(df,'b','SM',('a', set(['San Francisco']))) took 0.00178
DEBUG:root:Search Branch=65 df = swap(df,'b','SJ',('a', set(['San Francisco'])))
DEBUG:root:Running df = swap(df,'b','SJ',('a', set(['San Francisco']))) took 0.001899
DEBUG:root:Search Branch=66 df = swap(df,'b','SF',('a', set(['San Francisco'])))
DEBUG:root:Running df = swap(df,'b','SF',('a', set(['San Francisco']))) took 0.001778
DEBUG:root:Promoted Search Branch=66 df = swap(df,'b','SF',('a', set(['San Francisco'])))
DEBUG:root:Search Branch=67 df = swap(df,'b','AB',('a', set(['New Yorks'])))
DEBUG:root:Running df = swap(df,'b','AB',('a', set(['New Yorks']))) took 0.00113
DEBUG:root:Search Branch=68 df = swap(df,'b','NY',('a', set(['New Yorks'])))
DEBUG:root:Running df = swap(df,'b','NY',('a', set(['New Yorks']))) took 0.002256
DEBUG:root:Search Branch=69 df = swap(df,'b','Bk',('a', set(['New Yorks'])))
DEBUG:root:Running df = swap(df,'b','Bk',('a', set(['New Yorks']))) took 0.001229
DEBUG:root:Search Branch=70 df = swap(df,'b','SMO',('a', set(['New Yorks'])))
DEBUG:root:Running df = swap(df,'b','SMO',('a', set(['New Yorks']))) took 0.00199
DEBUG:root:Search Branch=71 df = swap(df,'b','SFO',('a', set(['New Yorks'])))
DEBUG:root:Running df = swap(df,'b','SFO',('a', set(['New Yorks']))) took 0.001148
DEBUG:root:Search Branch=72 df = swap(df,'b','SM',('a', set(['New Yorks'])))
DEBUG:root:Running df = swap(df,'b','SM',('a', set(['New Yorks']))) took 0.001435
DEBUG:root:Search Branch=73 df = swap(df,'b','SJ',('a', set(['New Yorks'])))
DEBUG:root:Running df = swap(df,'b','SJ',('a', set(['New Yorks']))) took 0.001132
DEBUG:root:Search Branch=74 df = swap(df,'b','SF',('a', set(['New Yorks'])))
DEBUG:root:Running df = swap(df,'b','SF',('a', set(['New Yorks']))) took 0.001105
DEBUG:root:Search Branch=75 df = swap(df,'b','AB',('a', set(['San Mateo'])))
DEBUG:root:Running df = swap(df,'b','AB',('a', set(['San Mateo']))) took 0.001469
DEBUG:root:Search Branch=76 df = swap(df,'b','NY',('a', set(['San Mateo'])))
DEBUG:root:Running df = swap(df,'b','NY',('a', set(['San Mateo']))) took 0.001579
DEBUG:root:Search Branch=77 df = swap(df,'b','Bk',('a', set(['San Mateo'])))
DEBUG:root:Running df = swap(df,'b','Bk',('a', set(['San Mateo']))) took 0.001424
DEBUG:root:Search Branch=78 df = swap(df,'b','SMO',('a', set(['San Mateo'])))
DEBUG:root:Running df = swap(df,'b','SMO',('a', set(['San Mateo']))) took 0.001427
DEBUG:root:Search Branch=79 df = swap(df,'b','SFO',('a', set(['San Mateo'])))
DEBUG:root:Running df = swap(df,'b','SFO',('a', set(['San Mateo']))) took 0.001457
DEBUG:root:Search Branch=80 df = swap(df,'b','SM',('a', set(['San Mateo'])))
DEBUG:root:Running df = swap(df,'b','SM',('a', set(['San Mateo']))) took 0.001445
DEBUG:root:Search Branch=81 df = swap(df,'b','SJ',('a', set(['San Mateo'])))
DEBUG:root:Running df = swap(df,'b','SJ',('a', set(['San Mateo']))) took 0.001422
DEBUG:root:Search Branch=82 df = swap(df,'b','SF',('a', set(['San Mateo'])))
DEBUG:root:Running df = swap(df,'b','SF',('a', set(['San Mateo']))) took 0.001427
DEBUG:root:Search Branch=83 df = swap(df,'b','AB',('a', set(['New York'])))
DEBUG:root:Running df = swap(df,'b','AB',('a', set(['New York']))) took 0.002463
DEBUG:root:Search Branch=84 df = swap(df,'b','NY',('a', set(['New York'])))
DEBUG:root:Running df = swap(df,'b','NY',('a', set(['New York']))) took 0.001519
DEBUG:root:Search Branch=85 df = swap(df,'b','Bk',('a', set(['New York'])))
DEBUG:root:Running df = swap(df,'b','Bk',('a', set(['New York']))) took 0.001537
DEBUG:root:Search Branch=86 df = swap(df,'b','SMO',('a', set(['New York'])))
DEBUG:root:Running df = swap(df,'b','SMO',('a', set(['New York']))) took 0.001461
DEBUG:root:Search Branch=87 df = swap(df,'b','SFO',('a', set(['New York'])))
DEBUG:root:Running df = swap(df,'b','SFO',('a', set(['New York']))) took 0.001449
DEBUG:root:Search Branch=88 df = swap(df,'b','SM',('a', set(['New York'])))
DEBUG:root:Running df = swap(df,'b','SM',('a', set(['New York']))) took 0.00145
DEBUG:root:Search Branch=89 df = swap(df,'b','SJ',('a', set(['New York'])))
DEBUG:root:Running df = swap(df,'b','SJ',('a', set(['New York']))) took 0.001473
DEBUG:root:Search Branch=90 df = swap(df,'b','SF',('a', set(['New York'])))
DEBUG:root:Running df = swap(df,'b','SF',('a', set(['New York']))) took 0.001478
DEBUG:root:Search Branch=91 df = swap(df,'b','AB',('b', set(['SMO'])))
DEBUG:root:Running df = swap(df,'b','AB',('b', set(['SMO']))) took 0.001129
DEBUG:root:Search Branch=92 df = swap(df,'b','NY',('b', set(['SMO'])))
DEBUG:root:Running df = swap(df,'b','NY',('b', set(['SMO']))) took 0.001132
DEBUG:root:Search Branch=93 df = swap(df,'b','Bk',('b', set(['SMO'])))
DEBUG:root:Running df = swap(df,'b','Bk',('b', set(['SMO']))) took 0.001301
DEBUG:root:Search Branch=94 df = swap(df,'b','SFO',('b', set(['SMO'])))
DEBUG:root:Running df = swap(df,'b','SFO',('b', set(['SMO']))) took 0.001383
DEBUG:root:Search Branch=95 df = swap(df,'b','SM',('b', set(['SMO'])))
DEBUG:root:Running df = swap(df,'b','SM',('b', set(['SMO']))) took 0.001164
DEBUG:root:Search Branch=96 df = swap(df,'b','SJ',('b', set(['SMO'])))
DEBUG:root:Running df = swap(df,'b','SJ',('b', set(['SMO']))) took 0.001163
DEBUG:root:Search Branch=97 df = swap(df,'b','SF',('b', set(['SMO'])))
DEBUG:root:Running df = swap(df,'b','SF',('b', set(['SMO']))) took 0.001283
DEBUG:root:Search Branch=98 df = swap(df,'b','AB',('b', set(['NY'])))
DEBUG:root:Running df = swap(df,'b','AB',('b', set(['NY']))) took 0.001758
DEBUG:root:Search Branch=99 df = swap(df,'b','Bk',('b', set(['NY'])))
DEBUG:root:Running df = swap(df,'b','Bk',('b', set(['NY']))) took 0.001784
DEBUG:root:Search Branch=100 df = swap(df,'b','SMO',('b', set(['NY'])))
DEBUG:root:Running df = swap(df,'b','SMO',('b', set(['NY']))) took 0.002087
DEBUG:root:Search Branch=101 df = swap(df,'b','SFO',('b', set(['NY'])))
DEBUG:root:Running df = swap(df,'b','SFO',('b', set(['NY']))) took 0.001732
DEBUG:root:Search Branch=102 df = swap(df,'b','SM',('b', set(['NY'])))
DEBUG:root:Running df = swap(df,'b','SM',('b', set(['NY']))) took 0.001784
DEBUG:root:Search Branch=103 df = swap(df,'b','SJ',('b', set(['NY'])))
DEBUG:root:Running df = swap(df,'b','SJ',('b', set(['NY']))) took 0.001787
DEBUG:root:Search Branch=104 df = swap(df,'b','SF',('b', set(['NY'])))
DEBUG:root:Running df = swap(df,'b','SF',('b', set(['NY']))) took 0.001774
DEBUG:root:Search Branch=105 df = swap(df,'b','AB',('b', set(['SF'])))
DEBUG:root:Running df = swap(df,'b','AB',('b', set(['SF']))) took 0.001606
DEBUG:root:Search Branch=106 df = swap(df,'b','NY',('b', set(['SF'])))
DEBUG:root:Running df = swap(df,'b','NY',('b', set(['SF']))) took 0.001451
DEBUG:root:Search Branch=107 df = swap(df,'b','Bk',('b', set(['SF'])))
DEBUG:root:Running df = swap(df,'b','Bk',('b', set(['SF']))) took 0.001455
DEBUG:root:Search Branch=108 df = swap(df,'b','SMO',('b', set(['SF'])))
DEBUG:root:Running df = swap(df,'b','SMO',('b', set(['SF']))) took 0.001552
DEBUG:root:Search Branch=109 df = swap(df,'b','SFO',('b', set(['SF'])))
DEBUG:root:Running df = swap(df,'b','SFO',('b', set(['SF']))) took 0.001456
DEBUG:root:Search Branch=110 df = swap(df,'b','SM',('b', set(['SF'])))
DEBUG:root:Running df = swap(df,'b','SM',('b', set(['SF']))) took 0.001448
DEBUG:root:Search Branch=111 df = swap(df,'b','SJ',('b', set(['SF'])))
DEBUG:root:Running df = swap(df,'b','SJ',('b', set(['SF']))) took 0.00151
DEBUG:root:Search Branch=112 df = swap(df,'b','AB',('b', set(['SM'])))
DEBUG:root:Running df = swap(df,'b','AB',('b', set(['SM']))) took 0.001117
DEBUG:root:Search Branch=113 df = swap(df,'b','NY',('b', set(['SM'])))
DEBUG:root:Running df = swap(df,'b','NY',('b', set(['SM']))) took 0.001225
DEBUG:root:Search Branch=114 df = swap(df,'b','Bk',('b', set(['SM'])))
DEBUG:root:Running df = swap(df,'b','Bk',('b', set(['SM']))) took 0.001143
DEBUG:root:Search Branch=115 df = swap(df,'b','SMO',('b', set(['SM'])))
DEBUG:root:Running df = swap(df,'b','SMO',('b', set(['SM']))) took 0.001214
DEBUG:root:Search Branch=116 df = swap(df,'b','SFO',('b', set(['SM'])))
DEBUG:root:Running df = swap(df,'b','SFO',('b', set(['SM']))) took 0.001278
DEBUG:root:Search Branch=117 df = swap(df,'b','SJ',('b', set(['SM'])))
DEBUG:root:Running df = swap(df,'b','SJ',('b', set(['SM']))) took 0.001138
DEBUG:root:Search Branch=118 df = swap(df,'b','SF',('b', set(['SM'])))
DEBUG:root:Running df = swap(df,'b','SF',('b', set(['SM']))) took 0.001115
DEBUG:root:Search Branch=119 df = swap(df,'b','AB',('b', set(['SFO'])))
DEBUG:root:Running df = swap(df,'b','AB',('b', set(['SFO']))) took 0.00119
DEBUG:root:Search Branch=120 df = swap(df,'b','NY',('b', set(['SFO'])))
DEBUG:root:Running df = swap(df,'b','NY',('b', set(['SFO']))) took 0.001225
DEBUG:root:Search Branch=121 df = swap(df,'b','Bk',('b', set(['SFO'])))
DEBUG:root:Running df = swap(df,'b','Bk',('b', set(['SFO']))) took 0.002389
DEBUG:root:Search Branch=122 df = swap(df,'b','SMO',('b', set(['SFO'])))
DEBUG:root:Running df = swap(df,'b','SMO',('b', set(['SFO']))) took 0.001167
DEBUG:root:Search Branch=123 df = swap(df,'b','SM',('b', set(['SFO'])))
DEBUG:root:Running df = swap(df,'b','SM',('b', set(['SFO']))) took 0.001132
DEBUG:root:Search Branch=124 df = swap(df,'b','SJ',('b', set(['SFO'])))
DEBUG:root:Running df = swap(df,'b','SJ',('b', set(['SFO']))) took 0.001148
DEBUG:root:Search Branch=125 df = swap(df,'b','SF',('b', set(['SFO'])))
DEBUG:root:Running df = swap(df,'b','SF',('b', set(['SFO']))) took 0.001132
DEBUG:root:Search Branch=126 
DEBUG:root:Running  took 9.8e-05
DEBUG:root:Search Depth=0 took 5.140186
DEBUG:root:Search Depth=1
DEBUG:root:Predicate Sampler has 6
DEBUG:root:Predicate Sampler has 6
DEBUG:root:Library generator created 79 operations
DEBUG:root:Search Branch=0 df = swap(df,'a','Albany',('a', set(['New Yorks'])))
DEBUG:root:Running df = swap(df,'a','Albany',('a', set(['New Yorks']))) took 0.003174
DEBUG:root:Search Branch=1 df = swap(df,'a','San Jose',('a', set(['New Yorks'])))
DEBUG:root:Running df = swap(df,'a','San Jose',('a', set(['New Yorks']))) took 0.002168
DEBUG:root:Search Branch=2 df = swap(df,'a','New York',('a', set(['New Yorks'])))
DEBUG:root:Running df = swap(df,'a','New York',('a', set(['New Yorks']))) took 0.001127
DEBUG:root:Promoted Search Branch=2 df = swap(df,'a','New York',('a', set(['New Yorks'])))
DEBUG:root:Search Branch=3 df = swap(df,'a','Berkeley City',('a', set(['New Yorks'])))
DEBUG:root:Running df = swap(df,'a','Berkeley City',('a', set(['New Yorks']))) took 0.001125
DEBUG:root:Search Branch=4 df = swap(df,'a','San Francisco',('a', set(['New Yorks'])))
DEBUG:root:Running df = swap(df,'a','San Francisco',('a', set(['New Yorks']))) took 0.00121
DEBUG:root:Search Branch=5 df = swap(df,'a','San Mateo',('a', set(['New Yorks'])))
DEBUG:root:Running df = swap(df,'a','San Mateo',('a', set(['New Yorks']))) took 0.001117
DEBUG:root:Search Branch=6 df = swap(df,'a','Albany',('a', set(['San Mateo'])))
DEBUG:root:Running df = swap(df,'a','Albany',('a', set(['San Mateo']))) took 0.002379
DEBUG:root:Search Branch=7 df = swap(df,'a','New Yorks',('a', set(['San Mateo'])))
DEBUG:root:Running df = swap(df,'a','New Yorks',('a', set(['San Mateo']))) took 0.001505
DEBUG:root:Search Branch=8 df = swap(df,'a','San Jose',('a', set(['San Mateo'])))
DEBUG:root:Running df = swap(df,'a','San Jose',('a', set(['San Mateo']))) took 0.001432
DEBUG:root:Search Branch=9 df = swap(df,'a','New York',('a', set(['San Mateo'])))
DEBUG:root:Running df = swap(df,'a','New York',('a', set(['San Mateo']))) took 0.002718
DEBUG:root:Search Branch=10 df = swap(df,'a','Berkeley City',('a', set(['San Mateo'])))
DEBUG:root:Running df = swap(df,'a','Berkeley City',('a', set(['San Mateo']))) took 0.001723
DEBUG:root:Search Branch=11 df = swap(df,'a','San Francisco',('a', set(['San Mateo'])))
DEBUG:root:Running df = swap(df,'a','San Francisco',('a', set(['San Mateo']))) took 0.00143
DEBUG:root:Search Branch=12 df = swap(df,'a','Albany',('a', set(['New York'])))
DEBUG:root:Running df = swap(df,'a','Albany',('a', set(['New York']))) took 0.002251
DEBUG:root:Search Branch=13 df = swap(df,'a','New Yorks',('a', set(['New York'])))
DEBUG:root:Running df = swap(df,'a','New Yorks',('a', set(['New York']))) took 0.001682
DEBUG:root:Search Branch=14 df = swap(df,'a','San Jose',('a', set(['New York'])))
DEBUG:root:Running df = swap(df,'a','San Jose',('a', set(['New York']))) took 0.001475
DEBUG:root:Search Branch=15 df = swap(df,'a','Berkeley City',('a', set(['New York'])))
DEBUG:root:Running df = swap(df,'a','Berkeley City',('a', set(['New York']))) took 0.002447
DEBUG:root:Search Branch=16 df = swap(df,'a','San Francisco',('a', set(['New York'])))
DEBUG:root:Running df = swap(df,'a','San Francisco',('a', set(['New York']))) took 0.001564
DEBUG:root:Search Branch=17 df = swap(df,'a','San Mateo',('a', set(['New York'])))
DEBUG:root:Running df = swap(df,'a','San Mateo',('a', set(['New York']))) took 0.002257
DEBUG:root:Search Branch=18 df = swap(df,'a','Albany',('b', set(['SMO'])))
DEBUG:root:Running df = swap(df,'a','Albany',('b', set(['SMO']))) took 0.001127
DEBUG:root:Search Branch=19 df = swap(df,'a','New Yorks',('b', set(['SMO'])))
DEBUG:root:Running df = swap(df,'a','New Yorks',('b', set(['SMO']))) took 0.00113
DEBUG:root:Search Branch=20 df = swap(df,'a','San Jose',('b', set(['SMO'])))
DEBUG:root:Running df = swap(df,'a','San Jose',('b', set(['SMO']))) took 0.001709
DEBUG:root:Search Branch=21 df = swap(df,'a','New York',('b', set(['SMO'])))
DEBUG:root:Running df = swap(df,'a','New York',('b', set(['SMO']))) took 0.001471
DEBUG:root:Search Branch=22 df = swap(df,'a','Berkeley City',('b', set(['SMO'])))
DEBUG:root:Running df = swap(df,'a','Berkeley City',('b', set(['SMO']))) took 0.001125
DEBUG:root:Search Branch=23 df = swap(df,'a','San Francisco',('b', set(['SMO'])))
DEBUG:root:Running df = swap(df,'a','San Francisco',('b', set(['SMO']))) took 0.001143
DEBUG:root:Search Branch=24 df = swap(df,'a','San Mateo',('b', set(['SMO'])))
DEBUG:root:Running df = swap(df,'a','San Mateo',('b', set(['SMO']))) took 0.001223
DEBUG:root:Search Branch=25 df = swap(df,'a','Albany',('b', set(['NY'])))
DEBUG:root:Running df = swap(df,'a','Albany',('b', set(['NY']))) took 0.001824
DEBUG:root:Search Branch=26 df = swap(df,'a','New Yorks',('b', set(['NY'])))
DEBUG:root:Running df = swap(df,'a','New Yorks',('b', set(['NY']))) took 0.001777
DEBUG:root:Search Branch=27 df = swap(df,'a','San Jose',('b', set(['NY'])))
DEBUG:root:Running df = swap(df,'a','San Jose',('b', set(['NY']))) took 0.001746
DEBUG:root:Search Branch=28 df = swap(df,'a','New York',('b', set(['NY'])))
DEBUG:root:Running df = swap(df,'a','New York',('b', set(['NY']))) took 0.001751
DEBUG:root:Search Branch=29 df = swap(df,'a','Berkeley City',('b', set(['NY'])))
DEBUG:root:Running df = swap(df,'a','Berkeley City',('b', set(['NY']))) took 0.001744
DEBUG:root:Search Branch=30 df = swap(df,'a','San Francisco',('b', set(['NY'])))
DEBUG:root:Running df = swap(df,'a','San Francisco',('b', set(['NY']))) took 0.001745
DEBUG:root:Search Branch=31 df = swap(df,'a','San Mateo',('b', set(['NY'])))
DEBUG:root:Running df = swap(df,'a','San Mateo',('b', set(['NY']))) took 0.001829
DEBUG:root:Search Branch=32 df = swap(df,'a','Albany',('b', set(['SM'])))
DEBUG:root:Running df = swap(df,'a','Albany',('b', set(['SM']))) took 0.001395
DEBUG:root:Search Branch=33 df = swap(df,'a','New Yorks',('b', set(['SM'])))
DEBUG:root:Running df = swap(df,'a','New Yorks',('b', set(['SM']))) took 0.001122
DEBUG:root:Search Branch=34 df = swap(df,'a','San Jose',('b', set(['SM'])))
DEBUG:root:Running df = swap(df,'a','San Jose',('b', set(['SM']))) took 0.001998
DEBUG:root:Search Branch=35 df = swap(df,'a','New York',('b', set(['SM'])))
DEBUG:root:Running df = swap(df,'a','New York',('b', set(['SM']))) took 0.001326
DEBUG:root:Search Branch=36 df = swap(df,'a','Berkeley City',('b', set(['SM'])))
DEBUG:root:Running df = swap(df,'a','Berkeley City',('b', set(['SM']))) took 0.001124
DEBUG:root:Search Branch=37 df = swap(df,'a','San Francisco',('b', set(['SM'])))
DEBUG:root:Running df = swap(df,'a','San Francisco',('b', set(['SM']))) took 0.001133
DEBUG:root:Search Branch=38 df = swap(df,'a','San Mateo',('b', set(['SM'])))
DEBUG:root:Running df = swap(df,'a','San Mateo',('b', set(['SM']))) took 0.002216
DEBUG:root:Search Branch=39 df = swap(df,'b','AB',('a', set(['New Yorks'])))
DEBUG:root:Running df = swap(df,'b','AB',('a', set(['New Yorks']))) took 0.001215
DEBUG:root:Search Branch=40 df = swap(df,'b','SJ',('a', set(['New Yorks'])))
DEBUG:root:Running df = swap(df,'b','SJ',('a', set(['New Yorks']))) took 0.001406
DEBUG:root:Search Branch=41 df = swap(df,'b','Bk',('a', set(['New Yorks'])))
DEBUG:root:Running df = swap(df,'b','Bk',('a', set(['New Yorks']))) took 0.001217
DEBUG:root:Search Branch=42 df = swap(df,'b','SMO',('a', set(['New Yorks'])))
DEBUG:root:Running df = swap(df,'b','SMO',('a', set(['New Yorks']))) took 0.001438
DEBUG:root:Search Branch=43 df = swap(df,'b','NY',('a', set(['New Yorks'])))
DEBUG:root:Running df = swap(df,'b','NY',('a', set(['New Yorks']))) took 0.001437
DEBUG:root:Search Branch=44 df = swap(df,'b','SM',('a', set(['New Yorks'])))
DEBUG:root:Running df = swap(df,'b','SM',('a', set(['New Yorks']))) took 0.001121
DEBUG:root:Search Branch=45 df = swap(df,'b','SF',('a', set(['New Yorks'])))
DEBUG:root:Running df = swap(df,'b','SF',('a', set(['New Yorks']))) took 0.001122
DEBUG:root:Search Branch=46 df = swap(df,'b','AB',('a', set(['San Mateo'])))
DEBUG:root:Running df = swap(df,'b','AB',('a', set(['San Mateo']))) took 0.001436
DEBUG:root:Search Branch=47 df = swap(df,'b','SJ',('a', set(['San Mateo'])))
DEBUG:root:Running df = swap(df,'b','SJ',('a', set(['San Mateo']))) took 0.001589
DEBUG:root:Search Branch=48 df = swap(df,'b','Bk',('a', set(['San Mateo'])))
DEBUG:root:Running df = swap(df,'b','Bk',('a', set(['San Mateo']))) took 0.001455
DEBUG:root:Search Branch=49 df = swap(df,'b','SMO',('a', set(['San Mateo'])))
DEBUG:root:Running df = swap(df,'b','SMO',('a', set(['San Mateo']))) took 0.001539
DEBUG:root:Search Branch=50 df = swap(df,'b','NY',('a', set(['San Mateo'])))
DEBUG:root:Running df = swap(df,'b','NY',('a', set(['San Mateo']))) took 0.00143
DEBUG:root:Search Branch=51 df = swap(df,'b','SM',('a', set(['San Mateo'])))
DEBUG:root:Running df = swap(df,'b','SM',('a', set(['San Mateo']))) took 0.001436
DEBUG:root:Search Branch=52 df = swap(df,'b','SF',('a', set(['San Mateo'])))
DEBUG:root:Running df = swap(df,'b','SF',('a', set(['San Mateo']))) took 0.001443
DEBUG:root:Search Branch=53 df = swap(df,'b','AB',('a', set(['New York'])))
DEBUG:root:Running df = swap(df,'b','AB',('a', set(['New York']))) took 0.001441
DEBUG:root:Search Branch=54 df = swap(df,'b','SJ',('a', set(['New York'])))
DEBUG:root:Running df = swap(df,'b','SJ',('a', set(['New York']))) took 0.001897
DEBUG:root:Search Branch=55 df = swap(df,'b','Bk',('a', set(['New York'])))
DEBUG:root:Running df = swap(df,'b','Bk',('a', set(['New York']))) took 0.001447
DEBUG:root:Search Branch=56 df = swap(df,'b','SMO',('a', set(['New York'])))
DEBUG:root:Running df = swap(df,'b','SMO',('a', set(['New York']))) took 0.001462
DEBUG:root:Search Branch=57 df = swap(df,'b','NY',('a', set(['New York'])))
DEBUG:root:Running df = swap(df,'b','NY',('a', set(['New York']))) took 0.001444
DEBUG:root:Search Branch=58 df = swap(df,'b','SM',('a', set(['New York'])))
DEBUG:root:Running df = swap(df,'b','SM',('a', set(['New York']))) took 0.001572
DEBUG:root:Search Branch=59 df = swap(df,'b','SF',('a', set(['New York'])))
DEBUG:root:Running df = swap(df,'b','SF',('a', set(['New York']))) took 0.001476
DEBUG:root:Search Branch=60 df = swap(df,'b','AB',('b', set(['SMO'])))
DEBUG:root:Running df = swap(df,'b','AB',('b', set(['SMO']))) took 0.001127
DEBUG:root:Search Branch=61 df = swap(df,'b','SJ',('b', set(['SMO'])))
DEBUG:root:Running df = swap(df,'b','SJ',('b', set(['SMO']))) took 0.00113
DEBUG:root:Search Branch=62 df = swap(df,'b','Bk',('b', set(['SMO'])))
DEBUG:root:Running df = swap(df,'b','Bk',('b', set(['SMO']))) took 0.001134
DEBUG:root:Search Branch=63 df = swap(df,'b','NY',('b', set(['SMO'])))
DEBUG:root:Running df = swap(df,'b','NY',('b', set(['SMO']))) took 0.001694
DEBUG:root:Search Branch=64 df = swap(df,'b','SM',('b', set(['SMO'])))
DEBUG:root:Running df = swap(df,'b','SM',('b', set(['SMO']))) took 0.001135
DEBUG:root:Search Branch=65 df = swap(df,'b','SF',('b', set(['SMO'])))
DEBUG:root:Running df = swap(df,'b','SF',('b', set(['SMO']))) took 0.001479
DEBUG:root:Search Branch=66 df = swap(df,'b','AB',('b', set(['NY'])))
DEBUG:root:Running df = swap(df,'b','AB',('b', set(['NY']))) took 0.001818
DEBUG:root:Search Branch=67 df = swap(df,'b','SJ',('b', set(['NY'])))
DEBUG:root:Running df = swap(df,'b','SJ',('b', set(['NY']))) took 0.00177
DEBUG:root:Search Branch=68 df = swap(df,'b','Bk',('b', set(['NY'])))
DEBUG:root:Running df = swap(df,'b','Bk',('b', set(['NY']))) took 0.001744
DEBUG:root:Search Branch=69 df = swap(df,'b','SMO',('b', set(['NY'])))
DEBUG:root:Running df = swap(df,'b','SMO',('b', set(['NY']))) took 0.001743
DEBUG:root:Search Branch=70 df = swap(df,'b','SM',('b', set(['NY'])))
DEBUG:root:Running df = swap(df,'b','SM',('b', set(['NY']))) took 0.001778
DEBUG:root:Search Branch=71 df = swap(df,'b','SF',('b', set(['NY'])))
DEBUG:root:Running df = swap(df,'b','SF',('b', set(['NY']))) took 0.001834
DEBUG:root:Search Branch=72 df = swap(df,'b','AB',('b', set(['SM'])))
DEBUG:root:Running df = swap(df,'b','AB',('b', set(['SM']))) took 0.001119
DEBUG:root:Search Branch=73 df = swap(df,'b','SJ',('b', set(['SM'])))
DEBUG:root:Running df = swap(df,'b','SJ',('b', set(['SM']))) took 0.001146
DEBUG:root:Search Branch=74 df = swap(df,'b','Bk',('b', set(['SM'])))
DEBUG:root:Running df = swap(df,'b','Bk',('b', set(['SM']))) took 0.001146
DEBUG:root:Search Branch=75 df = swap(df,'b','SMO',('b', set(['SM'])))
DEBUG:root:Running df = swap(df,'b','SMO',('b', set(['SM']))) took 0.001142
DEBUG:root:Search Branch=76 df = swap(df,'b','NY',('b', set(['SM'])))
DEBUG:root:Running df = swap(df,'b','NY',('b', set(['SM']))) took 0.001484
DEBUG:root:Search Branch=77 df = swap(df,'b','SF',('b', set(['SM'])))
DEBUG:root:Running df = swap(df,'b','SF',('b', set(['SM']))) took 0.001115
DEBUG:root:Search Branch=78 
DEBUG:root:Running  took 9.9e-05
DEBUG:root:Search Depth=1 took 3.382971
DEBUG:root:Search Depth=2
DEBUG:root:Predicate Sampler has 3
DEBUG:root:Predicate Sampler has 3
DEBUG:root:Library generator created 37 operations
DEBUG:root:Search Branch=0 df = swap(df,'a','Albany',('a', set(['San Mateo'])))
DEBUG:root:Running df = swap(df,'a','Albany',('a', set(['San Mateo']))) took 0.00152
DEBUG:root:Search Branch=1 df = swap(df,'a','San Jose',('a', set(['San Mateo'])))
DEBUG:root:Running df = swap(df,'a','San Jose',('a', set(['San Mateo']))) took 0.001744
DEBUG:root:Search Branch=2 df = swap(df,'a','New York',('a', set(['San Mateo'])))
DEBUG:root:Running df = swap(df,'a','New York',('a', set(['San Mateo']))) took 0.001596
DEBUG:root:Search Branch=3 df = swap(df,'a','Berkeley City',('a', set(['San Mateo'])))
DEBUG:root:Running df = swap(df,'a','Berkeley City',('a', set(['San Mateo']))) took 0.001511
DEBUG:root:Search Branch=4 df = swap(df,'a','San Francisco',('a', set(['San Mateo'])))
DEBUG:root:Running df = swap(df,'a','San Francisco',('a', set(['San Mateo']))) took 0.001506
DEBUG:root:Search Branch=5 df = swap(df,'a','Albany',('b', set(['SMO'])))
DEBUG:root:Running df = swap(df,'a','Albany',('b', set(['SMO']))) took 0.001131
DEBUG:root:Search Branch=6 df = swap(df,'a','San Jose',('b', set(['SMO'])))
DEBUG:root:Running df = swap(df,'a','San Jose',('b', set(['SMO']))) took 0.001241
DEBUG:root:Search Branch=7 df = swap(df,'a','New York',('b', set(['SMO'])))
DEBUG:root:Running df = swap(df,'a','New York',('b', set(['SMO']))) took 0.001129
DEBUG:root:Search Branch=8 df = swap(df,'a','Berkeley City',('b', set(['SMO'])))
DEBUG:root:Running df = swap(df,'a','Berkeley City',('b', set(['SMO']))) took 0.001198
DEBUG:root:Search Branch=9 df = swap(df,'a','San Francisco',('b', set(['SMO'])))
DEBUG:root:Running df = swap(df,'a','San Francisco',('b', set(['SMO']))) took 0.001154
DEBUG:root:Search Branch=10 df = swap(df,'a','San Mateo',('b', set(['SMO'])))
DEBUG:root:Running df = swap(df,'a','San Mateo',('b', set(['SMO']))) took 0.001132
DEBUG:root:Search Branch=11 df = swap(df,'a','Albany',('b', set(['SM'])))
DEBUG:root:Running df = swap(df,'a','Albany',('b', set(['SM']))) took 0.001136
DEBUG:root:Search Branch=12 df = swap(df,'a','San Jose',('b', set(['SM'])))
DEBUG:root:Running df = swap(df,'a','San Jose',('b', set(['SM']))) took 0.001123
DEBUG:root:Search Branch=13 df = swap(df,'a','New York',('b', set(['SM'])))
DEBUG:root:Running df = swap(df,'a','New York',('b', set(['SM']))) took 0.001153
DEBUG:root:Search Branch=14 df = swap(df,'a','Berkeley City',('b', set(['SM'])))
DEBUG:root:Running df = swap(df,'a','Berkeley City',('b', set(['SM']))) took 0.001126
DEBUG:root:Search Branch=15 df = swap(df,'a','San Francisco',('b', set(['SM'])))
DEBUG:root:Running df = swap(df,'a','San Francisco',('b', set(['SM']))) took 0.001141
DEBUG:root:Search Branch=16 df = swap(df,'a','San Mateo',('b', set(['SM'])))
DEBUG:root:Running df = swap(df,'a','San Mateo',('b', set(['SM']))) took 0.00123
DEBUG:root:Search Branch=17 df = swap(df,'b','AB',('a', set(['San Mateo'])))
DEBUG:root:Running df = swap(df,'b','AB',('a', set(['San Mateo']))) took 0.001438
DEBUG:root:Search Branch=18 df = swap(df,'b','SJ',('a', set(['San Mateo'])))
DEBUG:root:Running df = swap(df,'b','SJ',('a', set(['San Mateo']))) took 0.001451
DEBUG:root:Search Branch=19 df = swap(df,'b','Bk',('a', set(['San Mateo'])))
DEBUG:root:Running df = swap(df,'b','Bk',('a', set(['San Mateo']))) took 0.00222
DEBUG:root:Search Branch=20 df = swap(df,'b','SMO',('a', set(['San Mateo'])))
DEBUG:root:Running df = swap(df,'b','SMO',('a', set(['San Mateo']))) took 0.001476
DEBUG:root:Promoted Search Branch=20 df = swap(df,'b','SMO',('a', set(['San Mateo'])))
DEBUG:root:Search Branch=21 df = swap(df,'b','NY',('a', set(['San Mateo'])))
DEBUG:root:Running df = swap(df,'b','NY',('a', set(['San Mateo']))) took 0.001671
DEBUG:root:Search Branch=22 df = swap(df,'b','SM',('a', set(['San Mateo'])))
DEBUG:root:Running df = swap(df,'b','SM',('a', set(['San Mateo']))) took 0.001438
DEBUG:root:Search Branch=23 df = swap(df,'b','SF',('a', set(['San Mateo'])))
DEBUG:root:Running df = swap(df,'b','SF',('a', set(['San Mateo']))) took 0.001453
DEBUG:root:Search Branch=24 df = swap(df,'b','AB',('b', set(['SMO'])))
DEBUG:root:Running df = swap(df,'b','AB',('b', set(['SMO']))) took 0.001152
DEBUG:root:Search Branch=25 df = swap(df,'b','SJ',('b', set(['SMO'])))
DEBUG:root:Running df = swap(df,'b','SJ',('b', set(['SMO']))) took 0.001126
DEBUG:root:Search Branch=26 df = swap(df,'b','Bk',('b', set(['SMO'])))
DEBUG:root:Running df = swap(df,'b','Bk',('b', set(['SMO']))) took 0.00115
DEBUG:root:Search Branch=27 df = swap(df,'b','NY',('b', set(['SMO'])))
DEBUG:root:Running df = swap(df,'b','NY',('b', set(['SMO']))) took 0.001168
DEBUG:root:Search Branch=28 df = swap(df,'b','SM',('b', set(['SMO'])))
DEBUG:root:Running df = swap(df,'b','SM',('b', set(['SMO']))) took 0.001371
DEBUG:root:Search Branch=29 df = swap(df,'b','SF',('b', set(['SMO'])))
DEBUG:root:Running df = swap(df,'b','SF',('b', set(['SMO']))) took 0.001136
DEBUG:root:Search Branch=30 df = swap(df,'b','AB',('b', set(['SM'])))
DEBUG:root:Running df = swap(df,'b','AB',('b', set(['SM']))) took 0.001118
DEBUG:root:Search Branch=31 df = swap(df,'b','SJ',('b', set(['SM'])))
DEBUG:root:Running df = swap(df,'b','SJ',('b', set(['SM']))) took 0.001125
DEBUG:root:Search Branch=32 df = swap(df,'b','Bk',('b', set(['SM'])))
DEBUG:root:Running df = swap(df,'b','Bk',('b', set(['SM']))) took 0.00112
DEBUG:root:Search Branch=33 df = swap(df,'b','SMO',('b', set(['SM'])))
DEBUG:root:Running df = swap(df,'b','SMO',('b', set(['SM']))) took 0.001119
DEBUG:root:Search Branch=34 df = swap(df,'b','NY',('b', set(['SM'])))
DEBUG:root:Running df = swap(df,'b','NY',('b', set(['SM']))) took 0.00112
DEBUG:root:Search Branch=35 df = swap(df,'b','SF',('b', set(['SM'])))
DEBUG:root:Running df = swap(df,'b','SF',('b', set(['SM']))) took 0.001132
DEBUG:root:Search Branch=36 
DEBUG:root:Running  took 9.8e-05
DEBUG:root:Search Depth=2 took 1.650808
DEBUG:root:Search  took 10.174289
