WARNING:root:Logs saved in VE3G7E37CL.log
DEBUG:root:Starting the search algorithm with the following config: (11, 2) {'pattern': {'operations': [<class 'alphaclean.ops.Delete'>], 'similarity': {}, 'edit': 1, 'w2v': 'resources/GoogleNews-vectors-negative300.bin', 'depth': 10, 'gamma': 5}, 'dependency': {'operations': [<class 'alphaclean.ops.Swap'>], 'similarity': {'a': 'jaccard'}, 'edit': 1, 'w2v': 'resources/GoogleNews-vectors-negative300.bin', 'depth': 3, 'gamma': 5}}
DEBUG:root:Enforcing dependency constraint=<alphaclean.constraints.Constraint object at 0x10fa4d350>
DEBUG:root:Search Depth=0
DEBUG:root:Predicate Sampler has 9
DEBUG:root:Predicate Sampler has 9
DEBUG:root:Library generator created 127 operations
DEBUG:root:Search Branch=0 df = swap(df,'a','Albany',('a', set(['San Francisco'])))
DEBUG:root:Running df = swap(df,'a','Albany',('a', set(['San Francisco']))) took 0.001835
DEBUG:root:Promoted Search Branch=0 df = swap(df,'a','Albany',('a', set(['San Francisco'])))
DEBUG:root:Search Branch=1 df = swap(df,'a','New Yorks',('a', set(['San Francisco'])))
DEBUG:root:Running df = swap(df,'a','New Yorks',('a', set(['San Francisco']))) took 0.001807
DEBUG:root:Promoted Search Branch=1 df = swap(df,'a','New Yorks',('a', set(['San Francisco'])))
DEBUG:root:Search Branch=2 df = swap(df,'a','San Jose',('a', set(['San Francisco'])))
DEBUG:root:Running df = swap(df,'a','San Jose',('a', set(['San Francisco']))) took 0.001857
DEBUG:root:Promoted Search Branch=2 df = swap(df,'a','San Jose',('a', set(['San Francisco'])))
DEBUG:root:Search Branch=3 df = swap(df,'a','New York',('a', set(['San Francisco'])))
DEBUG:root:Running df = swap(df,'a','New York',('a', set(['San Francisco']))) took 0.001787
DEBUG:root:Search Branch=4 df = swap(df,'a','Berkeley City',('a', set(['San Francisco'])))
DEBUG:root:Running df = swap(df,'a','Berkeley City',('a', set(['San Francisco']))) took 0.001783
DEBUG:root:Search Branch=5 df = swap(df,'a','San Mateo',('a', set(['San Francisco'])))
DEBUG:root:Running df = swap(df,'a','San Mateo',('a', set(['San Francisco']))) took 0.001774
DEBUG:root:Search Branch=6 df = swap(df,'a','Albany',('a', set(['New Yorks'])))
DEBUG:root:Running df = swap(df,'a','Albany',('a', set(['New Yorks']))) took 0.001391
DEBUG:root:Promoted Search Branch=6 df = swap(df,'a','Albany',('a', set(['New Yorks'])))
DEBUG:root:Search Branch=7 df = swap(df,'a','San Jose',('a', set(['New Yorks'])))
DEBUG:root:Running df = swap(df,'a','San Jose',('a', set(['New Yorks']))) took 0.001136
DEBUG:root:Search Branch=8 df = swap(df,'a','New York',('a', set(['New Yorks'])))
DEBUG:root:Running df = swap(df,'a','New York',('a', set(['New Yorks']))) took 0.001128
DEBUG:root:Promoted Search Branch=8 df = swap(df,'a','New York',('a', set(['New Yorks'])))
DEBUG:root:Search Branch=9 df = swap(df,'a','Berkeley City',('a', set(['New Yorks'])))
DEBUG:root:Running df = swap(df,'a','Berkeley City',('a', set(['New Yorks']))) took 0.001216
DEBUG:root:Search Branch=10 df = swap(df,'a','San Francisco',('a', set(['New Yorks'])))
DEBUG:root:Running df = swap(df,'a','San Francisco',('a', set(['New Yorks']))) took 0.001152
DEBUG:root:Search Branch=11 df = swap(df,'a','San Mateo',('a', set(['New Yorks'])))
DEBUG:root:Running df = swap(df,'a','San Mateo',('a', set(['New Yorks']))) took 0.001126
DEBUG:root:Search Branch=12 df = swap(df,'a','Albany',('a', set(['San Mateo'])))
DEBUG:root:Running df = swap(df,'a','Albany',('a', set(['San Mateo']))) took 0.00143
DEBUG:root:Search Branch=13 df = swap(df,'a','New Yorks',('a', set(['San Mateo'])))
DEBUG:root:Running df = swap(df,'a','New Yorks',('a', set(['San Mateo']))) took 0.001492
DEBUG:root:Search Branch=14 df = swap(df,'a','San Jose',('a', set(['San Mateo'])))
DEBUG:root:Running df = swap(df,'a','San Jose',('a', set(['San Mateo']))) took 0.001441
DEBUG:root:Search Branch=15 df = swap(df,'a','New York',('a', set(['San Mateo'])))
DEBUG:root:Running df = swap(df,'a','New York',('a', set(['San Mateo']))) took 0.001433
DEBUG:root:Search Branch=16 df = swap(df,'a','Berkeley City',('a', set(['San Mateo'])))
DEBUG:root:Running df = swap(df,'a','Berkeley City',('a', set(['San Mateo']))) took 0.003462
DEBUG:root:Search Branch=17 df = swap(df,'a','San Francisco',('a', set(['San Mateo'])))
DEBUG:root:Running df = swap(df,'a','San Francisco',('a', set(['San Mateo']))) took 0.005789
DEBUG:root:Search Branch=18 df = swap(df,'a','Albany',('a', set(['New York'])))
DEBUG:root:Running df = swap(df,'a','Albany',('a', set(['New York']))) took 0.002439
DEBUG:root:Search Branch=19 df = swap(df,'a','New Yorks',('a', set(['New York'])))
DEBUG:root:Running df = swap(df,'a','New Yorks',('a', set(['New York']))) took 0.001543
DEBUG:root:Search Branch=20 df = swap(df,'a','San Jose',('a', set(['New York'])))
DEBUG:root:Running df = swap(df,'a','San Jose',('a', set(['New York']))) took 0.001665
DEBUG:root:Search Branch=21 df = swap(df,'a','Berkeley City',('a', set(['New York'])))
DEBUG:root:Running df = swap(df,'a','Berkeley City',('a', set(['New York']))) took 0.00147
DEBUG:root:Search Branch=22 df = swap(df,'a','San Francisco',('a', set(['New York'])))
DEBUG:root:Running df = swap(df,'a','San Francisco',('a', set(['New York']))) took 0.001456
DEBUG:root:Search Branch=23 df = swap(df,'a','San Mateo',('a', set(['New York'])))
DEBUG:root:Running df = swap(df,'a','San Mateo',('a', set(['New York']))) took 0.001451
DEBUG:root:Search Branch=24 df = swap(df,'a','Albany',('b', set(['SMO'])))
DEBUG:root:Running df = swap(df,'a','Albany',('b', set(['SMO']))) took 0.001493
DEBUG:root:Search Branch=25 df = swap(df,'a','New Yorks',('b', set(['SMO'])))
DEBUG:root:Running df = swap(df,'a','New Yorks',('b', set(['SMO']))) took 0.001139
DEBUG:root:Search Branch=26 df = swap(df,'a','San Jose',('b', set(['SMO'])))
DEBUG:root:Running df = swap(df,'a','San Jose',('b', set(['SMO']))) took 0.001853
DEBUG:root:Search Branch=27 df = swap(df,'a','New York',('b', set(['SMO'])))
DEBUG:root:Running df = swap(df,'a','New York',('b', set(['SMO']))) took 0.001156
DEBUG:root:Search Branch=28 df = swap(df,'a','Berkeley City',('b', set(['SMO'])))
DEBUG:root:Running df = swap(df,'a','Berkeley City',('b', set(['SMO']))) took 0.001436
DEBUG:root:Search Branch=29 df = swap(df,'a','San Francisco',('b', set(['SMO'])))
DEBUG:root:Running df = swap(df,'a','San Francisco',('b', set(['SMO']))) took 0.001141
DEBUG:root:Search Branch=30 df = swap(df,'a','San Mateo',('b', set(['SMO'])))
DEBUG:root:Running df = swap(df,'a','San Mateo',('b', set(['SMO']))) took 0.001138
DEBUG:root:Search Branch=31 df = swap(df,'a','Albany',('b', set(['NY'])))
DEBUG:root:Running df = swap(df,'a','Albany',('b', set(['NY']))) took 0.002003
DEBUG:root:Search Branch=32 df = swap(df,'a','New Yorks',('b', set(['NY'])))
DEBUG:root:Running df = swap(df,'a','New Yorks',('b', set(['NY']))) took 0.001766
DEBUG:root:Search Branch=33 df = swap(df,'a','San Jose',('b', set(['NY'])))
DEBUG:root:Running df = swap(df,'a','San Jose',('b', set(['NY']))) took 0.00246
DEBUG:root:Search Branch=34 df = swap(df,'a','New York',('b', set(['NY'])))
DEBUG:root:Running df = swap(df,'a','New York',('b', set(['NY']))) took 0.002353
DEBUG:root:Search Branch=35 df = swap(df,'a','Berkeley City',('b', set(['NY'])))
DEBUG:root:Running df = swap(df,'a','Berkeley City',('b', set(['NY']))) took 0.001807
DEBUG:root:Search Branch=36 df = swap(df,'a','San Francisco',('b', set(['NY'])))
DEBUG:root:Running df = swap(df,'a','San Francisco',('b', set(['NY']))) took 0.001762
DEBUG:root:Search Branch=37 df = swap(df,'a','San Mateo',('b', set(['NY'])))
DEBUG:root:Running df = swap(df,'a','San Mateo',('b', set(['NY']))) took 0.001765
DEBUG:root:Search Branch=38 df = swap(df,'a','Albany',('b', set(['SF'])))
DEBUG:root:Running df = swap(df,'a','Albany',('b', set(['SF']))) took 0.001554
DEBUG:root:Search Branch=39 df = swap(df,'a','New Yorks',('b', set(['SF'])))
DEBUG:root:Running df = swap(df,'a','New Yorks',('b', set(['SF']))) took 0.00219
DEBUG:root:Search Branch=40 df = swap(df,'a','San Jose',('b', set(['SF'])))
DEBUG:root:Running df = swap(df,'a','San Jose',('b', set(['SF']))) took 0.001455
DEBUG:root:Search Branch=41 df = swap(df,'a','New York',('b', set(['SF'])))
DEBUG:root:Running df = swap(df,'a','New York',('b', set(['SF']))) took 0.001585
DEBUG:root:Search Branch=42 df = swap(df,'a','Berkeley City',('b', set(['SF'])))
DEBUG:root:Running df = swap(df,'a','Berkeley City',('b', set(['SF']))) took 0.001996
DEBUG:root:Search Branch=43 df = swap(df,'a','San Francisco',('b', set(['SF'])))
DEBUG:root:Running df = swap(df,'a','San Francisco',('b', set(['SF']))) took 0.001563
DEBUG:root:Search Branch=44 df = swap(df,'a','San Mateo',('b', set(['SF'])))
DEBUG:root:Running df = swap(df,'a','San Mateo',('b', set(['SF']))) took 0.00158
DEBUG:root:Search Branch=45 df = swap(df,'a','Albany',('b', set(['SM'])))
DEBUG:root:Running df = swap(df,'a','Albany',('b', set(['SM']))) took 0.001217
DEBUG:root:Search Branch=46 df = swap(df,'a','New Yorks',('b', set(['SM'])))
DEBUG:root:Running df = swap(df,'a','New Yorks',('b', set(['SM']))) took 0.001145
DEBUG:root:Search Branch=47 df = swap(df,'a','San Jose',('b', set(['SM'])))
DEBUG:root:Running df = swap(df,'a','San Jose',('b', set(['SM']))) took 0.001152
DEBUG:root:Search Branch=48 df = swap(df,'a','New York',('b', set(['SM'])))
DEBUG:root:Running df = swap(df,'a','New York',('b', set(['SM']))) took 0.001119
DEBUG:root:Search Branch=49 df = swap(df,'a','Berkeley City',('b', set(['SM'])))
DEBUG:root:Running df = swap(df,'a','Berkeley City',('b', set(['SM']))) took 0.00113
DEBUG:root:Search Branch=50 df = swap(df,'a','San Francisco',('b', set(['SM'])))
DEBUG:root:Running df = swap(df,'a','San Francisco',('b', set(['SM']))) took 0.001337
DEBUG:root:Search Branch=51 df = swap(df,'a','San Mateo',('b', set(['SM'])))
DEBUG:root:Running df = swap(df,'a','San Mateo',('b', set(['SM']))) took 0.001126
DEBUG:root:Search Branch=52 df = swap(df,'a','Albany',('b', set(['SFO'])))
DEBUG:root:Running df = swap(df,'a','Albany',('b', set(['SFO']))) took 0.001159
DEBUG:root:Search Branch=53 df = swap(df,'a','New Yorks',('b', set(['SFO'])))
DEBUG:root:Running df = swap(df,'a','New Yorks',('b', set(['SFO']))) took 0.001193
DEBUG:root:Search Branch=54 df = swap(df,'a','San Jose',('b', set(['SFO'])))
DEBUG:root:Running df = swap(df,'a','San Jose',('b', set(['SFO']))) took 0.001516
DEBUG:root:Search Branch=55 df = swap(df,'a','New York',('b', set(['SFO'])))
DEBUG:root:Running df = swap(df,'a','New York',('b', set(['SFO']))) took 0.001295
DEBUG:root:Search Branch=56 df = swap(df,'a','Berkeley City',('b', set(['SFO'])))
DEBUG:root:Running df = swap(df,'a','Berkeley City',('b', set(['SFO']))) took 0.001224
DEBUG:root:Search Branch=57 df = swap(df,'a','San Francisco',('b', set(['SFO'])))
DEBUG:root:Running df = swap(df,'a','San Francisco',('b', set(['SFO']))) took 0.001129
DEBUG:root:Search Branch=58 df = swap(df,'a','San Mateo',('b', set(['SFO'])))
DEBUG:root:Running df = swap(df,'a','San Mateo',('b', set(['SFO']))) took 0.001141
DEBUG:root:Search Branch=59 df = swap(df,'b','AB',('a', set(['San Francisco'])))
DEBUG:root:Running df = swap(df,'b','AB',('a', set(['San Francisco']))) took 0.001763
DEBUG:root:Search Branch=60 df = swap(df,'b','NY',('a', set(['San Francisco'])))
DEBUG:root:Running df = swap(df,'b','NY',('a', set(['San Francisco']))) took 0.001995
DEBUG:root:Search Branch=61 df = swap(df,'b','Bk',('a', set(['San Francisco'])))
DEBUG:root:Running df = swap(df,'b','Bk',('a', set(['San Francisco']))) took 0.001957
DEBUG:root:Search Branch=62 df = swap(df,'b','SMO',('a', set(['San Francisco'])))
DEBUG:root:Running df = swap(df,'b','SMO',('a', set(['San Francisco']))) took 0.001754
DEBUG:root:Search Branch=63 df = swap(df,'b','SFO',('a', set(['San Francisco'])))
DEBUG:root:Running df = swap(df,'b','SFO',('a', set(['San Francisco']))) took 0.001779
DEBUG:root:Search Branch=64 df = swap(df,'b','SM',('a', set(['San Francisco'])))
DEBUG:root:Running df = swap(df,'b','SM',('a', set(['San Francisco']))) took 0.001824
DEBUG:root:Search Branch=65 df = swap(df,'b','SJ',('a', set(['San Francisco'])))
DEBUG:root:Running df = swap(df,'b','SJ',('a', set(['San Francisco']))) took 0.001903
DEBUG:root:Search Branch=66 df = swap(df,'b','SF',('a', set(['San Francisco'])))
DEBUG:root:Running df = swap(df,'b','SF',('a', set(['San Francisco']))) took 0.001756
DEBUG:root:Promoted Search Branch=66 df = swap(df,'b','SF',('a', set(['San Francisco'])))
DEBUG:root:Search Branch=67 df = swap(df,'b','AB',('a', set(['New Yorks'])))
DEBUG:root:Running df = swap(df,'b','AB',('a', set(['New Yorks']))) took 0.001124
DEBUG:root:Search Branch=68 df = swap(df,'b','NY',('a', set(['New Yorks'])))
DEBUG:root:Running df = swap(df,'b','NY',('a', set(['New Yorks']))) took 0.001136
DEBUG:root:Search Branch=69 df = swap(df,'b','Bk',('a', set(['New Yorks'])))
DEBUG:root:Running df = swap(df,'b','Bk',('a', set(['New Yorks']))) took 0.001106
DEBUG:root:Search Branch=70 df = swap(df,'b','SMO',('a', set(['New Yorks'])))
DEBUG:root:Running df = swap(df,'b','SMO',('a', set(['New Yorks']))) took 0.002071
DEBUG:root:Search Branch=71 df = swap(df,'b','SFO',('a', set(['New Yorks'])))
DEBUG:root:Running df = swap(df,'b','SFO',('a', set(['New Yorks']))) took 0.001133
DEBUG:root:Search Branch=72 df = swap(df,'b','SM',('a', set(['New Yorks'])))
DEBUG:root:Running df = swap(df,'b','SM',('a', set(['New Yorks']))) took 0.002599
DEBUG:root:Search Branch=73 df = swap(df,'b','SJ',('a', set(['New Yorks'])))
DEBUG:root:Running df = swap(df,'b','SJ',('a', set(['New Yorks']))) took 0.001607
DEBUG:root:Search Branch=74 df = swap(df,'b','SF',('a', set(['New Yorks'])))
DEBUG:root:Running df = swap(df,'b','SF',('a', set(['New Yorks']))) took 0.001119
DEBUG:root:Search Branch=75 df = swap(df,'b','AB',('a', set(['San Mateo'])))
DEBUG:root:Running df = swap(df,'b','AB',('a', set(['San Mateo']))) took 0.001447
DEBUG:root:Search Branch=76 df = swap(df,'b','NY',('a', set(['San Mateo'])))
DEBUG:root:Running df = swap(df,'b','NY',('a', set(['San Mateo']))) took 0.00143
DEBUG:root:Search Branch=77 df = swap(df,'b','Bk',('a', set(['San Mateo'])))
DEBUG:root:Running df = swap(df,'b','Bk',('a', set(['San Mateo']))) took 0.001762
DEBUG:root:Search Branch=78 df = swap(df,'b','SMO',('a', set(['San Mateo'])))
DEBUG:root:Running df = swap(df,'b','SMO',('a', set(['San Mateo']))) took 0.001431
DEBUG:root:Search Branch=79 df = swap(df,'b','SFO',('a', set(['San Mateo'])))
DEBUG:root:Running df = swap(df,'b','SFO',('a', set(['San Mateo']))) took 0.001465
DEBUG:root:Search Branch=80 df = swap(df,'b','SM',('a', set(['San Mateo'])))
DEBUG:root:Running df = swap(df,'b','SM',('a', set(['San Mateo']))) took 0.001478
DEBUG:root:Search Branch=81 df = swap(df,'b','SJ',('a', set(['San Mateo'])))
DEBUG:root:Running df = swap(df,'b','SJ',('a', set(['San Mateo']))) took 0.002202
DEBUG:root:Search Branch=82 df = swap(df,'b','SF',('a', set(['San Mateo'])))
DEBUG:root:Running df = swap(df,'b','SF',('a', set(['San Mateo']))) took 0.00145
DEBUG:root:Search Branch=83 df = swap(df,'b','AB',('a', set(['New York'])))
DEBUG:root:Running df = swap(df,'b','AB',('a', set(['New York']))) took 0.001593
DEBUG:root:Search Branch=84 df = swap(df,'b','NY',('a', set(['New York'])))
DEBUG:root:Running df = swap(df,'b','NY',('a', set(['New York']))) took 0.001446
DEBUG:root:Search Branch=85 df = swap(df,'b','Bk',('a', set(['New York'])))
DEBUG:root:Running df = swap(df,'b','Bk',('a', set(['New York']))) took 0.001449
DEBUG:root:Search Branch=86 df = swap(df,'b','SMO',('a', set(['New York'])))
DEBUG:root:Running df = swap(df,'b','SMO',('a', set(['New York']))) took 0.001517
DEBUG:root:Search Branch=87 df = swap(df,'b','SFO',('a', set(['New York'])))
DEBUG:root:Running df = swap(df,'b','SFO',('a', set(['New York']))) took 0.001458
DEBUG:root:Search Branch=88 df = swap(df,'b','SM',('a', set(['New York'])))
DEBUG:root:Running df = swap(df,'b','SM',('a', set(['New York']))) took 0.001443
DEBUG:root:Search Branch=89 df = swap(df,'b','SJ',('a', set(['New York'])))
DEBUG:root:Running df = swap(df,'b','SJ',('a', set(['New York']))) took 0.001752
DEBUG:root:Search Branch=90 df = swap(df,'b','SF',('a', set(['New York'])))
DEBUG:root:Running df = swap(df,'b','SF',('a', set(['New York']))) took 0.001447
DEBUG:root:Search Branch=91 df = swap(df,'b','AB',('b', set(['SMO'])))
DEBUG:root:Running df = swap(df,'b','AB',('b', set(['SMO']))) took 0.00119
DEBUG:root:Search Branch=92 df = swap(df,'b','NY',('b', set(['SMO'])))
DEBUG:root:Running df = swap(df,'b','NY',('b', set(['SMO']))) took 0.001142
DEBUG:root:Search Branch=93 df = swap(df,'b','Bk',('b', set(['SMO'])))
DEBUG:root:Running df = swap(df,'b','Bk',('b', set(['SMO']))) took 0.001135
DEBUG:root:Search Branch=94 df = swap(df,'b','SFO',('b', set(['SMO'])))
DEBUG:root:Running df = swap(df,'b','SFO',('b', set(['SMO']))) took 0.001278
DEBUG:root:Search Branch=95 df = swap(df,'b','SM',('b', set(['SMO'])))
DEBUG:root:Running df = swap(df,'b','SM',('b', set(['SMO']))) took 0.001121
DEBUG:root:Search Branch=96 df = swap(df,'b','SJ',('b', set(['SMO'])))
DEBUG:root:Running df = swap(df,'b','SJ',('b', set(['SMO']))) took 0.001132
DEBUG:root:Search Branch=97 df = swap(df,'b','SF',('b', set(['SMO'])))
DEBUG:root:Running df = swap(df,'b','SF',('b', set(['SMO']))) took 0.001133
DEBUG:root:Search Branch=98 df = swap(df,'b','AB',('b', set(['NY'])))
DEBUG:root:Running df = swap(df,'b','AB',('b', set(['NY']))) took 0.003151
DEBUG:root:Search Branch=99 df = swap(df,'b','Bk',('b', set(['NY'])))
DEBUG:root:Running df = swap(df,'b','Bk',('b', set(['NY']))) took 0.001807
DEBUG:root:Search Branch=100 df = swap(df,'b','SMO',('b', set(['NY'])))
DEBUG:root:Running df = swap(df,'b','SMO',('b', set(['NY']))) took 0.00176
DEBUG:root:Search Branch=101 df = swap(df,'b','SFO',('b', set(['NY'])))
DEBUG:root:Running df = swap(df,'b','SFO',('b', set(['NY']))) took 0.001769
DEBUG:root:Search Branch=102 df = swap(df,'b','SM',('b', set(['NY'])))
DEBUG:root:Running df = swap(df,'b','SM',('b', set(['NY']))) took 0.001773
DEBUG:root:Search Branch=103 df = swap(df,'b','SJ',('b', set(['NY'])))
DEBUG:root:Running df = swap(df,'b','SJ',('b', set(['NY']))) took 0.001768
DEBUG:root:Search Branch=104 df = swap(df,'b','SF',('b', set(['NY'])))
DEBUG:root:Running df = swap(df,'b','SF',('b', set(['NY']))) took 0.001801
DEBUG:root:Search Branch=105 df = swap(df,'b','AB',('b', set(['SF'])))
DEBUG:root:Running df = swap(df,'b','AB',('b', set(['SF']))) took 0.001769
DEBUG:root:Search Branch=106 df = swap(df,'b','NY',('b', set(['SF'])))
DEBUG:root:Running df = swap(df,'b','NY',('b', set(['SF']))) took 0.001482
DEBUG:root:Search Branch=107 df = swap(df,'b','Bk',('b', set(['SF'])))
DEBUG:root:Running df = swap(df,'b','Bk',('b', set(['SF']))) took 0.001524
DEBUG:root:Search Branch=108 df = swap(df,'b','SMO',('b', set(['SF'])))
DEBUG:root:Running df = swap(df,'b','SMO',('b', set(['SF']))) took 0.001496
DEBUG:root:Search Branch=109 df = swap(df,'b','SFO',('b', set(['SF'])))
DEBUG:root:Running df = swap(df,'b','SFO',('b', set(['SF']))) took 0.001945
DEBUG:root:Search Branch=110 df = swap(df,'b','SM',('b', set(['SF'])))
DEBUG:root:Running df = swap(df,'b','SM',('b', set(['SF']))) took 0.001587
DEBUG:root:Search Branch=111 df = swap(df,'b','SJ',('b', set(['SF'])))
DEBUG:root:Running df = swap(df,'b','SJ',('b', set(['SF']))) took 0.002157
DEBUG:root:Search Branch=112 df = swap(df,'b','AB',('b', set(['SM'])))
DEBUG:root:Running df = swap(df,'b','AB',('b', set(['SM']))) took 0.001577
DEBUG:root:Search Branch=113 df = swap(df,'b','NY',('b', set(['SM'])))
DEBUG:root:Running df = swap(df,'b','NY',('b', set(['SM']))) took 0.001158
DEBUG:root:Search Branch=114 df = swap(df,'b','Bk',('b', set(['SM'])))
DEBUG:root:Running df = swap(df,'b','Bk',('b', set(['SM']))) took 0.001389
DEBUG:root:Search Branch=115 df = swap(df,'b','SMO',('b', set(['SM'])))
DEBUG:root:Running df = swap(df,'b','SMO',('b', set(['SM']))) took 0.001177
DEBUG:root:Search Branch=116 df = swap(df,'b','SFO',('b', set(['SM'])))
DEBUG:root:Running df = swap(df,'b','SFO',('b', set(['SM']))) took 0.001436
DEBUG:root:Search Branch=117 df = swap(df,'b','SJ',('b', set(['SM'])))
DEBUG:root:Running df = swap(df,'b','SJ',('b', set(['SM']))) took 0.002658
DEBUG:root:Search Branch=118 df = swap(df,'b','SF',('b', set(['SM'])))
DEBUG:root:Running df = swap(df,'b','SF',('b', set(['SM']))) took 0.001851
DEBUG:root:Search Branch=119 df = swap(df,'b','AB',('b', set(['SFO'])))
DEBUG:root:Running df = swap(df,'b','AB',('b', set(['SFO']))) took 0.001223
DEBUG:root:Search Branch=120 df = swap(df,'b','NY',('b', set(['SFO'])))
DEBUG:root:Running df = swap(df,'b','NY',('b', set(['SFO']))) took 0.001148
DEBUG:root:Search Branch=121 df = swap(df,'b','Bk',('b', set(['SFO'])))
DEBUG:root:Running df = swap(df,'b','Bk',('b', set(['SFO']))) took 0.001142
DEBUG:root:Search Branch=122 df = swap(df,'b','SMO',('b', set(['SFO'])))
DEBUG:root:Running df = swap(df,'b','SMO',('b', set(['SFO']))) took 0.001255
DEBUG:root:Search Branch=123 df = swap(df,'b','SM',('b', set(['SFO'])))
DEBUG:root:Running df = swap(df,'b','SM',('b', set(['SFO']))) took 0.001164
DEBUG:root:Search Branch=124 df = swap(df,'b','SJ',('b', set(['SFO'])))
DEBUG:root:Running df = swap(df,'b','SJ',('b', set(['SFO']))) took 0.00119
DEBUG:root:Search Branch=125 df = swap(df,'b','SF',('b', set(['SFO'])))
DEBUG:root:Running df = swap(df,'b','SF',('b', set(['SFO']))) took 0.001164
DEBUG:root:Search Branch=126 
DEBUG:root:Running  took 0.000108
DEBUG:root:Search Depth=0 took 5.74914
DEBUG:root:Search Depth=1
DEBUG:root:Predicate Sampler has 6
DEBUG:root:Predicate Sampler has 6
DEBUG:root:Library generator created 79 operations
DEBUG:root:Search Branch=0 df = swap(df,'a','Albany',('a', set(['New Yorks'])))
DEBUG:root:Running df = swap(df,'a','Albany',('a', set(['New Yorks']))) took 0.001253
DEBUG:root:Search Branch=1 df = swap(df,'a','San Jose',('a', set(['New Yorks'])))
DEBUG:root:Running df = swap(df,'a','San Jose',('a', set(['New Yorks']))) took 0.001314
DEBUG:root:Search Branch=2 df = swap(df,'a','New York',('a', set(['New Yorks'])))
DEBUG:root:Running df = swap(df,'a','New York',('a', set(['New Yorks']))) took 0.001303
DEBUG:root:Promoted Search Branch=2 df = swap(df,'a','New York',('a', set(['New Yorks'])))
DEBUG:root:Search Branch=3 df = swap(df,'a','Berkeley City',('a', set(['New Yorks'])))
DEBUG:root:Running df = swap(df,'a','Berkeley City',('a', set(['New Yorks']))) took 0.001285
DEBUG:root:Search Branch=4 df = swap(df,'a','San Francisco',('a', set(['New Yorks'])))
DEBUG:root:Running df = swap(df,'a','San Francisco',('a', set(['New Yorks']))) took 0.001462
DEBUG:root:Search Branch=5 df = swap(df,'a','San Mateo',('a', set(['New Yorks'])))
DEBUG:root:Running df = swap(df,'a','San Mateo',('a', set(['New Yorks']))) took 0.001243
DEBUG:root:Search Branch=6 df = swap(df,'a','Albany',('a', set(['San Mateo'])))
DEBUG:root:Running df = swap(df,'a','Albany',('a', set(['San Mateo']))) took 0.001438
DEBUG:root:Search Branch=7 df = swap(df,'a','New Yorks',('a', set(['San Mateo'])))
DEBUG:root:Running df = swap(df,'a','New Yorks',('a', set(['San Mateo']))) took 0.001546
DEBUG:root:Search Branch=8 df = swap(df,'a','San Jose',('a', set(['San Mateo'])))
DEBUG:root:Running df = swap(df,'a','San Jose',('a', set(['San Mateo']))) took 0.001433
DEBUG:root:Search Branch=9 df = swap(df,'a','New York',('a', set(['San Mateo'])))
DEBUG:root:Running df = swap(df,'a','New York',('a', set(['San Mateo']))) took 0.002128
DEBUG:root:Search Branch=10 df = swap(df,'a','Berkeley City',('a', set(['San Mateo'])))
DEBUG:root:Running df = swap(df,'a','Berkeley City',('a', set(['San Mateo']))) took 0.002121
DEBUG:root:Search Branch=11 df = swap(df,'a','San Francisco',('a', set(['San Mateo'])))
DEBUG:root:Running df = swap(df,'a','San Francisco',('a', set(['San Mateo']))) took 0.001844
DEBUG:root:Search Branch=12 df = swap(df,'a','Albany',('a', set(['New York'])))
DEBUG:root:Running df = swap(df,'a','Albany',('a', set(['New York']))) took 0.0015
DEBUG:root:Search Branch=13 df = swap(df,'a','New Yorks',('a', set(['New York'])))
DEBUG:root:Running df = swap(df,'a','New Yorks',('a', set(['New York']))) took 0.001451
DEBUG:root:Search Branch=14 df = swap(df,'a','San Jose',('a', set(['New York'])))
DEBUG:root:Running df = swap(df,'a','San Jose',('a', set(['New York']))) took 0.001456
DEBUG:root:Search Branch=15 df = swap(df,'a','Berkeley City',('a', set(['New York'])))
DEBUG:root:Running df = swap(df,'a','Berkeley City',('a', set(['New York']))) took 0.001452
DEBUG:root:Search Branch=16 df = swap(df,'a','San Francisco',('a', set(['New York'])))
DEBUG:root:Running df = swap(df,'a','San Francisco',('a', set(['New York']))) took 0.001454
DEBUG:root:Search Branch=17 df = swap(df,'a','San Mateo',('a', set(['New York'])))
DEBUG:root:Running df = swap(df,'a','San Mateo',('a', set(['New York']))) took 0.001894
DEBUG:root:Search Branch=18 df = swap(df,'a','Albany',('b', set(['SMO'])))
DEBUG:root:Running df = swap(df,'a','Albany',('b', set(['SMO']))) took 0.003303
DEBUG:root:Search Branch=19 df = swap(df,'a','New Yorks',('b', set(['SMO'])))
DEBUG:root:Running df = swap(df,'a','New Yorks',('b', set(['SMO']))) took 0.001133
DEBUG:root:Search Branch=20 df = swap(df,'a','San Jose',('b', set(['SMO'])))
DEBUG:root:Running df = swap(df,'a','San Jose',('b', set(['SMO']))) took 0.0012
DEBUG:root:Search Branch=21 df = swap(df,'a','New York',('b', set(['SMO'])))
DEBUG:root:Running df = swap(df,'a','New York',('b', set(['SMO']))) took 0.004617
DEBUG:root:Search Branch=22 df = swap(df,'a','Berkeley City',('b', set(['SMO'])))
DEBUG:root:Running df = swap(df,'a','Berkeley City',('b', set(['SMO']))) took 0.001436
DEBUG:root:Search Branch=23 df = swap(df,'a','San Francisco',('b', set(['SMO'])))
DEBUG:root:Running df = swap(df,'a','San Francisco',('b', set(['SMO']))) took 0.001415
DEBUG:root:Search Branch=24 df = swap(df,'a','San Mateo',('b', set(['SMO'])))
DEBUG:root:Running df = swap(df,'a','San Mateo',('b', set(['SMO']))) took 0.002635
DEBUG:root:Search Branch=25 df = swap(df,'a','Albany',('b', set(['NY'])))
DEBUG:root:Running df = swap(df,'a','Albany',('b', set(['NY']))) took 0.001788
DEBUG:root:Search Branch=26 df = swap(df,'a','New Yorks',('b', set(['NY'])))
DEBUG:root:Running df = swap(df,'a','New Yorks',('b', set(['NY']))) took 0.002963
DEBUG:root:Search Branch=27 df = swap(df,'a','San Jose',('b', set(['NY'])))
DEBUG:root:Running df = swap(df,'a','San Jose',('b', set(['NY']))) took 0.002008
DEBUG:root:Search Branch=28 df = swap(df,'a','New York',('b', set(['NY'])))
DEBUG:root:Running df = swap(df,'a','New York',('b', set(['NY']))) took 0.002443
DEBUG:root:Search Branch=29 df = swap(df,'a','Berkeley City',('b', set(['NY'])))
DEBUG:root:Running df = swap(df,'a','Berkeley City',('b', set(['NY']))) took 0.001775
DEBUG:root:Search Branch=30 df = swap(df,'a','San Francisco',('b', set(['NY'])))
DEBUG:root:Running df = swap(df,'a','San Francisco',('b', set(['NY']))) took 0.002315
DEBUG:root:Search Branch=31 df = swap(df,'a','San Mateo',('b', set(['NY'])))
DEBUG:root:Running df = swap(df,'a','San Mateo',('b', set(['NY']))) took 0.001831
DEBUG:root:Search Branch=32 df = swap(df,'a','Albany',('b', set(['SM'])))
DEBUG:root:Running df = swap(df,'a','Albany',('b', set(['SM']))) took 0.001788
DEBUG:root:Search Branch=33 df = swap(df,'a','New Yorks',('b', set(['SM'])))
DEBUG:root:Running df = swap(df,'a','New Yorks',('b', set(['SM']))) took 0.001145
DEBUG:root:Search Branch=34 df = swap(df,'a','San Jose',('b', set(['SM'])))
DEBUG:root:Running df = swap(df,'a','San Jose',('b', set(['SM']))) took 0.001567
DEBUG:root:Search Branch=35 df = swap(df,'a','New York',('b', set(['SM'])))
DEBUG:root:Running df = swap(df,'a','New York',('b', set(['SM']))) took 0.001127
DEBUG:root:Search Branch=36 df = swap(df,'a','Berkeley City',('b', set(['SM'])))
DEBUG:root:Running df = swap(df,'a','Berkeley City',('b', set(['SM']))) took 0.001119
DEBUG:root:Search Branch=37 df = swap(df,'a','San Francisco',('b', set(['SM'])))
DEBUG:root:Running df = swap(df,'a','San Francisco',('b', set(['SM']))) took 0.001209
DEBUG:root:Search Branch=38 df = swap(df,'a','San Mateo',('b', set(['SM'])))
DEBUG:root:Running df = swap(df,'a','San Mateo',('b', set(['SM']))) took 0.001122
DEBUG:root:Search Branch=39 df = swap(df,'b','AB',('a', set(['New Yorks'])))
DEBUG:root:Running df = swap(df,'b','AB',('a', set(['New Yorks']))) took 0.001221
DEBUG:root:Search Branch=40 df = swap(df,'b','SJ',('a', set(['New Yorks'])))
DEBUG:root:Running df = swap(df,'b','SJ',('a', set(['New Yorks']))) took 0.001145
DEBUG:root:Search Branch=41 df = swap(df,'b','Bk',('a', set(['New Yorks'])))
DEBUG:root:Running df = swap(df,'b','Bk',('a', set(['New Yorks']))) took 0.001134
DEBUG:root:Search Branch=42 df = swap(df,'b','SMO',('a', set(['New Yorks'])))
DEBUG:root:Running df = swap(df,'b','SMO',('a', set(['New Yorks']))) took 0.001137
DEBUG:root:Search Branch=43 df = swap(df,'b','NY',('a', set(['New Yorks'])))
DEBUG:root:Running df = swap(df,'b','NY',('a', set(['New Yorks']))) took 0.001652
DEBUG:root:Search Branch=44 df = swap(df,'b','SM',('a', set(['New Yorks'])))
DEBUG:root:Running df = swap(df,'b','SM',('a', set(['New Yorks']))) took 0.001127
DEBUG:root:Search Branch=45 df = swap(df,'b','SF',('a', set(['New Yorks'])))
DEBUG:root:Running df = swap(df,'b','SF',('a', set(['New Yorks']))) took 0.00113
DEBUG:root:Search Branch=46 df = swap(df,'b','AB',('a', set(['San Mateo'])))
DEBUG:root:Running df = swap(df,'b','AB',('a', set(['San Mateo']))) took 0.001697
DEBUG:root:Search Branch=47 df = swap(df,'b','SJ',('a', set(['San Mateo'])))
DEBUG:root:Running df = swap(df,'b','SJ',('a', set(['San Mateo']))) took 0.001707
DEBUG:root:Search Branch=48 df = swap(df,'b','Bk',('a', set(['San Mateo'])))
DEBUG:root:Running df = swap(df,'b','Bk',('a', set(['San Mateo']))) took 0.0017
DEBUG:root:Search Branch=49 df = swap(df,'b','SMO',('a', set(['San Mateo'])))
DEBUG:root:Running df = swap(df,'b','SMO',('a', set(['San Mateo']))) took 0.001613
DEBUG:root:Search Branch=50 df = swap(df,'b','NY',('a', set(['San Mateo'])))
DEBUG:root:Running df = swap(df,'b','NY',('a', set(['San Mateo']))) took 0.003203
DEBUG:root:Search Branch=51 df = swap(df,'b','SM',('a', set(['San Mateo'])))
DEBUG:root:Running df = swap(df,'b','SM',('a', set(['San Mateo']))) took 0.001707
DEBUG:root:Search Branch=52 df = swap(df,'b','SF',('a', set(['San Mateo'])))
DEBUG:root:Running df = swap(df,'b','SF',('a', set(['San Mateo']))) took 0.001452
DEBUG:root:Search Branch=53 df = swap(df,'b','AB',('a', set(['New York'])))
DEBUG:root:Running df = swap(df,'b','AB',('a', set(['New York']))) took 0.001646
DEBUG:root:Search Branch=54 df = swap(df,'b','SJ',('a', set(['New York'])))
DEBUG:root:Running df = swap(df,'b','SJ',('a', set(['New York']))) took 0.002341
DEBUG:root:Search Branch=55 df = swap(df,'b','Bk',('a', set(['New York'])))
DEBUG:root:Running df = swap(df,'b','Bk',('a', set(['New York']))) took 0.001441
DEBUG:root:Search Branch=56 df = swap(df,'b','SMO',('a', set(['New York'])))
DEBUG:root:Running df = swap(df,'b','SMO',('a', set(['New York']))) took 0.001928
DEBUG:root:Search Branch=57 df = swap(df,'b','NY',('a', set(['New York'])))
DEBUG:root:Running df = swap(df,'b','NY',('a', set(['New York']))) took 0.001569
DEBUG:root:Search Branch=58 df = swap(df,'b','SM',('a', set(['New York'])))
DEBUG:root:Running df = swap(df,'b','SM',('a', set(['New York']))) took 0.00148
DEBUG:root:Search Branch=59 df = swap(df,'b','SF',('a', set(['New York'])))
DEBUG:root:Running df = swap(df,'b','SF',('a', set(['New York']))) took 0.001568
DEBUG:root:Search Branch=60 df = swap(df,'b','AB',('b', set(['SMO'])))
DEBUG:root:Running df = swap(df,'b','AB',('b', set(['SMO']))) took 0.001344
DEBUG:root:Search Branch=61 df = swap(df,'b','SJ',('b', set(['SMO'])))
DEBUG:root:Running df = swap(df,'b','SJ',('b', set(['SMO']))) took 0.001234
DEBUG:root:Search Branch=62 df = swap(df,'b','Bk',('b', set(['SMO'])))
DEBUG:root:Running df = swap(df,'b','Bk',('b', set(['SMO']))) took 0.002014
DEBUG:root:Search Branch=63 df = swap(df,'b','NY',('b', set(['SMO'])))
DEBUG:root:Running df = swap(df,'b','NY',('b', set(['SMO']))) took 0.001407
DEBUG:root:Search Branch=64 df = swap(df,'b','SM',('b', set(['SMO'])))
DEBUG:root:Running df = swap(df,'b','SM',('b', set(['SMO']))) took 0.001864
DEBUG:root:Search Branch=65 df = swap(df,'b','SF',('b', set(['SMO'])))
DEBUG:root:Running df = swap(df,'b','SF',('b', set(['SMO']))) took 0.002665
DEBUG:root:Search Branch=66 df = swap(df,'b','AB',('b', set(['NY'])))
DEBUG:root:Running df = swap(df,'b','AB',('b', set(['NY']))) took 0.002435
DEBUG:root:Search Branch=67 df = swap(df,'b','SJ',('b', set(['NY'])))
DEBUG:root:Running df = swap(df,'b','SJ',('b', set(['NY']))) took 0.003157
DEBUG:root:Search Branch=68 df = swap(df,'b','Bk',('b', set(['NY'])))
DEBUG:root:Running df = swap(df,'b','Bk',('b', set(['NY']))) took 0.002339
DEBUG:root:Search Branch=69 df = swap(df,'b','SMO',('b', set(['NY'])))
DEBUG:root:Running df = swap(df,'b','SMO',('b', set(['NY']))) took 0.006231
DEBUG:root:Search Branch=70 df = swap(df,'b','SM',('b', set(['NY'])))
DEBUG:root:Running df = swap(df,'b','SM',('b', set(['NY']))) took 0.004485
DEBUG:root:Search Branch=71 df = swap(df,'b','SF',('b', set(['NY'])))
DEBUG:root:Running df = swap(df,'b','SF',('b', set(['NY']))) took 0.003743
DEBUG:root:Search Branch=72 df = swap(df,'b','AB',('b', set(['SM'])))
DEBUG:root:Running df = swap(df,'b','AB',('b', set(['SM']))) took 0.004001
DEBUG:root:Search Branch=73 df = swap(df,'b','SJ',('b', set(['SM'])))
DEBUG:root:Running df = swap(df,'b','SJ',('b', set(['SM']))) took 0.001884
DEBUG:root:Search Branch=74 df = swap(df,'b','Bk',('b', set(['SM'])))
DEBUG:root:Running df = swap(df,'b','Bk',('b', set(['SM']))) took 0.002156
DEBUG:root:Search Branch=75 df = swap(df,'b','SMO',('b', set(['SM'])))
DEBUG:root:Running df = swap(df,'b','SMO',('b', set(['SM']))) took 0.00128
DEBUG:root:Search Branch=76 df = swap(df,'b','NY',('b', set(['SM'])))
DEBUG:root:Running df = swap(df,'b','NY',('b', set(['SM']))) took 0.001506
DEBUG:root:Search Branch=77 df = swap(df,'b','SF',('b', set(['SM'])))
DEBUG:root:Running df = swap(df,'b','SF',('b', set(['SM']))) took 0.001123
DEBUG:root:Search Branch=78 
DEBUG:root:Running  took 9.9e-05
DEBUG:root:Search Depth=1 took 4.671904
DEBUG:root:Search Depth=2
DEBUG:root:Predicate Sampler has 3
DEBUG:root:Predicate Sampler has 3
DEBUG:root:Library generator created 37 operations
DEBUG:root:Search Branch=0 df = swap(df,'a','Albany',('a', set(['San Mateo'])))
DEBUG:root:Running df = swap(df,'a','Albany',('a', set(['San Mateo']))) took 0.001445
DEBUG:root:Search Branch=1 df = swap(df,'a','San Jose',('a', set(['San Mateo'])))
DEBUG:root:Running df = swap(df,'a','San Jose',('a', set(['San Mateo']))) took 0.005034
DEBUG:root:Search Branch=2 df = swap(df,'a','New York',('a', set(['San Mateo'])))
DEBUG:root:Running df = swap(df,'a','New York',('a', set(['San Mateo']))) took 0.001725
DEBUG:root:Search Branch=3 df = swap(df,'a','Berkeley City',('a', set(['San Mateo'])))
DEBUG:root:Running df = swap(df,'a','Berkeley City',('a', set(['San Mateo']))) took 0.001457
DEBUG:root:Search Branch=4 df = swap(df,'a','San Francisco',('a', set(['San Mateo'])))
DEBUG:root:Running df = swap(df,'a','San Francisco',('a', set(['San Mateo']))) took 0.001525
DEBUG:root:Search Branch=5 df = swap(df,'a','Albany',('b', set(['SMO'])))
DEBUG:root:Running df = swap(df,'a','Albany',('b', set(['SMO']))) took 0.00166
DEBUG:root:Search Branch=6 df = swap(df,'a','San Jose',('b', set(['SMO'])))
DEBUG:root:Running df = swap(df,'a','San Jose',('b', set(['SMO']))) took 0.00162
DEBUG:root:Search Branch=7 df = swap(df,'a','New York',('b', set(['SMO'])))
DEBUG:root:Running df = swap(df,'a','New York',('b', set(['SMO']))) took 0.002168
DEBUG:root:Search Branch=8 df = swap(df,'a','Berkeley City',('b', set(['SMO'])))
DEBUG:root:Running df = swap(df,'a','Berkeley City',('b', set(['SMO']))) took 0.007121
DEBUG:root:Search Branch=9 df = swap(df,'a','San Francisco',('b', set(['SMO'])))
DEBUG:root:Running df = swap(df,'a','San Francisco',('b', set(['SMO']))) took 0.002427
DEBUG:root:Search Branch=10 df = swap(df,'a','San Mateo',('b', set(['SMO'])))
DEBUG:root:Running df = swap(df,'a','San Mateo',('b', set(['SMO']))) took 0.002864
DEBUG:root:Search Branch=11 df = swap(df,'a','Albany',('b', set(['SM'])))
DEBUG:root:Running df = swap(df,'a','Albany',('b', set(['SM']))) took 0.002176
DEBUG:root:Search Branch=12 df = swap(df,'a','San Jose',('b', set(['SM'])))
DEBUG:root:Running df = swap(df,'a','San Jose',('b', set(['SM']))) took 0.001173
DEBUG:root:Search Branch=13 df = swap(df,'a','New York',('b', set(['SM'])))
DEBUG:root:Running df = swap(df,'a','New York',('b', set(['SM']))) took 0.001189
DEBUG:root:Search Branch=14 df = swap(df,'a','Berkeley City',('b', set(['SM'])))
DEBUG:root:Running df = swap(df,'a','Berkeley City',('b', set(['SM']))) took 0.002045
DEBUG:root:Search Branch=15 df = swap(df,'a','San Francisco',('b', set(['SM'])))
DEBUG:root:Running df = swap(df,'a','San Francisco',('b', set(['SM']))) took 0.002116
DEBUG:root:Search Branch=16 df = swap(df,'a','San Mateo',('b', set(['SM'])))
DEBUG:root:Running df = swap(df,'a','San Mateo',('b', set(['SM']))) took 0.001208
DEBUG:root:Search Branch=17 df = swap(df,'b','AB',('a', set(['San Mateo'])))
DEBUG:root:Running df = swap(df,'b','AB',('a', set(['San Mateo']))) took 0.001566
DEBUG:root:Search Branch=18 df = swap(df,'b','SJ',('a', set(['San Mateo'])))
DEBUG:root:Running df = swap(df,'b','SJ',('a', set(['San Mateo']))) took 0.0016
DEBUG:root:Search Branch=19 df = swap(df,'b','Bk',('a', set(['San Mateo'])))
DEBUG:root:Running df = swap(df,'b','Bk',('a', set(['San Mateo']))) took 0.001838
DEBUG:root:Search Branch=20 df = swap(df,'b','SMO',('a', set(['San Mateo'])))
DEBUG:root:Running df = swap(df,'b','SMO',('a', set(['San Mateo']))) took 0.001438
DEBUG:root:Promoted Search Branch=20 df = swap(df,'b','SMO',('a', set(['San Mateo'])))
DEBUG:root:Search Branch=21 df = swap(df,'b','NY',('a', set(['San Mateo'])))
DEBUG:root:Running df = swap(df,'b','NY',('a', set(['San Mateo']))) took 0.00193
DEBUG:root:Search Branch=22 df = swap(df,'b','SM',('a', set(['San Mateo'])))
DEBUG:root:Running df = swap(df,'b','SM',('a', set(['San Mateo']))) took 0.001456
DEBUG:root:Search Branch=23 df = swap(df,'b','SF',('a', set(['San Mateo'])))
DEBUG:root:Running df = swap(df,'b','SF',('a', set(['San Mateo']))) took 0.001431
DEBUG:root:Search Branch=24 df = swap(df,'b','AB',('b', set(['SMO'])))
DEBUG:root:Running df = swap(df,'b','AB',('b', set(['SMO']))) took 0.001174
DEBUG:root:Search Branch=25 df = swap(df,'b','SJ',('b', set(['SMO'])))
DEBUG:root:Running df = swap(df,'b','SJ',('b', set(['SMO']))) took 0.001131
DEBUG:root:Search Branch=26 df = swap(df,'b','Bk',('b', set(['SMO'])))
DEBUG:root:Running df = swap(df,'b','Bk',('b', set(['SMO']))) took 0.001134
DEBUG:root:Search Branch=27 df = swap(df,'b','NY',('b', set(['SMO'])))
DEBUG:root:Running df = swap(df,'b','NY',('b', set(['SMO']))) took 0.001146
DEBUG:root:Search Branch=28 df = swap(df,'b','SM',('b', set(['SMO'])))
DEBUG:root:Running df = swap(df,'b','SM',('b', set(['SMO']))) took 0.001172
DEBUG:root:Search Branch=29 df = swap(df,'b','SF',('b', set(['SMO'])))
DEBUG:root:Running df = swap(df,'b','SF',('b', set(['SMO']))) took 0.001119
DEBUG:root:Search Branch=30 df = swap(df,'b','AB',('b', set(['SM'])))
DEBUG:root:Running df = swap(df,'b','AB',('b', set(['SM']))) took 0.001119
DEBUG:root:Search Branch=31 df = swap(df,'b','SJ',('b', set(['SM'])))
DEBUG:root:Running df = swap(df,'b','SJ',('b', set(['SM']))) took 0.001496
DEBUG:root:Search Branch=32 df = swap(df,'b','Bk',('b', set(['SM'])))
DEBUG:root:Running df = swap(df,'b','Bk',('b', set(['SM']))) took 0.001744
DEBUG:root:Search Branch=33 df = swap(df,'b','SMO',('b', set(['SM'])))
DEBUG:root:Running df = swap(df,'b','SMO',('b', set(['SM']))) took 0.002777
DEBUG:root:Search Branch=34 df = swap(df,'b','NY',('b', set(['SM'])))
DEBUG:root:Running df = swap(df,'b','NY',('b', set(['SM']))) took 0.001119
DEBUG:root:Search Branch=35 df = swap(df,'b','SF',('b', set(['SM'])))
DEBUG:root:Running df = swap(df,'b','SF',('b', set(['SM']))) took 0.001127
DEBUG:root:Search Branch=36 
DEBUG:root:Running  took 9.9e-05
DEBUG:root:Search Depth=2 took 2.163954
DEBUG:root:Search  took 12.585345
DEBUG:root:Running df = swap(df,'b','SF',('a', set(['San Francisco'])))
df = swap(df,'a','New York',('a', set(['New Yorks'])))
df = swap(df,'b','SMO',('a', set(['San Mateo']))) took 11.604072
